<?xml version="1.0" encoding="UTF-8"?>
<testsuite xmlns:xsi="http://www.w3.org/2001/XMLSchema-instance" xsi:noNamespaceSchemaLocation="https://maven.apache.org/surefire/maven-surefire-plugin/xsd/surefire-test-report-3.0.xsd" version="3.0" name="com.parasoft.parabank.TransferTest" time="4.063" tests="1" errors="1" skipped="0" failures="0">
  <properties>
    <property name="sun.desktop" value="windows"/>
    <property name="awt.toolkit" value="sun.awt.windows.WToolkit"/>
    <property name="file.encoding.pkg" value="sun.io"/>
    <property name="java.specification.version" value="1.8"/>
    <property name="webdriver.chrome.driver" value="/opt/selenium/chromedriver-118.0.5993.70"/>
    <property name="sun.cpu.isalist" value="amd64"/>
    <property name="sun.jnu.encoding" value="Cp1252"/>
    <property name="java.class.path" value="c:\tmp\pb\parabank\target\test-classes;c:\tmp\pb\parabank\target\classes;C:\Users\pteodor\.m2\repository\org\springframework\spring-web\5.3.29\spring-web-5.3.29.jar;C:\Users\pteodor\.m2\repository\org\springframework\spring-beans\5.3.29\spring-beans-5.3.29.jar;C:\Users\pteodor\.m2\repository\org\springframework\spring-core\5.3.29\spring-core-5.3.29.jar;C:\Users\pteodor\.m2\repository\org\springframework\spring-jcl\5.3.29\spring-jcl-5.3.29.jar;C:\Users\pteodor\.m2\repository\org\springframework\spring-webmvc\5.3.29\spring-webmvc-5.3.29.jar;C:\Users\pteodor\.m2\repository\org\springframework\spring-aop\5.3.29\spring-aop-5.3.29.jar;C:\Users\pteodor\.m2\repository\org\springframework\spring-context\5.3.29\spring-context-5.3.29.jar;C:\Users\pteodor\.m2\repository\org\springframework\spring-expression\5.3.29\spring-expression-5.3.29.jar;C:\Users\pteodor\.m2\repository\org\springframework\spring-jdbc\5.3.29\spring-jdbc-5.3.29.jar;C:\Users\pteodor\.m2\repository\org\springframework\spring-test\5.3.29\spring-test-5.3.29.jar;C:\Users\pteodor\.m2\repository\org\springframework\spring-tx\5.3.29\spring-tx-5.3.29.jar;C:\Users\pteodor\.m2\repository\org\springframework\spring-jms\5.3.29\spring-jms-5.3.29.jar;C:\Users\pteodor\.m2\repository\org\springframework\spring-messaging\5.3.29\spring-messaging-5.3.29.jar;C:\Users\pteodor\.m2\repository\org\springframework\spring-oxm\5.3.29\spring-oxm-5.3.29.jar;C:\Users\pteodor\.m2\repository\org\springframework\spring-orm\5.3.29\spring-orm-5.3.29.jar;C:\Users\pteodor\.m2\repository\jakarta\activation\jakarta.activation-api\1.2.2\jakarta.activation-api-1.2.2.jar;C:\Users\pteodor\.m2\repository\com\sun\activation\jakarta.activation\1.2.2\jakarta.activation-1.2.2.jar;C:\Users\pteodor\.m2\repository\jakarta\annotation\jakarta.annotation-api\1.3.5\jakarta.annotation-api-1.3.5.jar;C:\Users\pteodor\.m2\repository\jakarta\jws\jakarta.jws-api\2.1.0\jakarta.jws-api-2.1.0.jar;C:\Users\pteodor\.m2\repository\jakarta\ws\rs\jakarta.ws.rs-api\2.1.6\jakarta.ws.rs-api-2.1.6.jar;C:\Users\pteodor\.m2\repository\jakarta\xml\soap\jakarta.xml.soap-api\1.4.2\jakarta.xml.soap-api-1.4.2.jar;C:\Users\pteodor\.m2\repository\jakarta\xml\ws\jakarta.xml.ws-api\2.3.3\jakarta.xml.ws-api-2.3.3.jar;C:\Users\pteodor\.m2\repository\jakarta\xml\bind\jakarta.xml.bind-api\2.3.3\jakarta.xml.bind-api-2.3.3.jar;C:\Users\pteodor\.m2\repository\org\glassfish\jaxb\jaxb-runtime\2.3.8\jaxb-runtime-2.3.8.jar;C:\Users\pteodor\.m2\repository\org\glassfish\jaxb\txw2\2.3.8\txw2-2.3.8.jar;C:\Users\pteodor\.m2\repository\com\sun\istack\istack-commons-runtime\3.0.12\istack-commons-runtime-3.0.12.jar;C:\Users\pteodor\.m2\repository\joda-time\joda-time\2.12.5\joda-time-2.12.5.jar;C:\Users\pteodor\.m2\repository\org\hsqldb\hsqldb\2.7.1\hsqldb-2.7.1-jdk8.jar;C:\Users\pteodor\.m2\repository\org\apache\commons\commons-dbcp2\2.9.0\commons-dbcp2-2.9.0.jar;C:\Users\pteodor\.m2\repository\org\apache\commons\commons-pool2\2.10.0\commons-pool2-2.10.0.jar;C:\Users\pteodor\.m2\repository\commons-logging\commons-logging\1.2\commons-logging-1.2.jar;C:\Users\pteodor\.m2\repository\commons-io\commons-io\2.11.0\commons-io-2.11.0.jar;C:\Users\pteodor\.m2\repository\commons-codec\commons-codec\1.15\commons-codec-1.15.jar;C:\Users\pteodor\.m2\repository\org\slf4j\slf4j-api\1.7.36\slf4j-api-1.7.36.jar;C:\Users\pteodor\.m2\repository\org\apache\logging\log4j\log4j-slf4j-impl\2.20.0\log4j-slf4j-impl-2.20.0.jar;C:\Users\pteodor\.m2\repository\org\apache\logging\log4j\log4j-api\2.20.0\log4j-api-2.20.0.jar;C:\Users\pteodor\.m2\repository\org\apache\logging\log4j\log4j-core\2.20.0\log4j-core-2.20.0.jar;C:\Users\pteodor\.m2\repository\org\apache\logging\log4j\log4j-jcl\2.20.0\log4j-jcl-2.20.0.jar;C:\Users\pteodor\.m2\repository\org\bouncycastle\bcprov-jdk15on\1.70\bcprov-jdk15on-1.70.jar;C:\Users\pteodor\.m2\repository\io\swagger\swagger-jersey2-jaxrs\1.6.10\swagger-jersey2-jaxrs-1.6.10.jar;C:\Users\pteodor\.m2\repository\io\swagger\swagger-jaxrs\1.6.10\swagger-jaxrs-1.6.10.jar;C:\Users\pteodor\.m2\repository\io\swagger\swagger-core\1.6.10\swagger-core-1.6.10.jar;C:\Users\pteodor\.m2\repository\io\swagger\swagger-models\1.6.10\swagger-models-1.6.10.jar;C:\Users\pteodor\.m2\repository\io\swagger\swagger-annotations\1.6.10\swagger-annotations-1.6.10.jar;C:\Users\pteodor\.m2\repository\javax\validation\validation-api\1.1.0.Final\validation-api-1.1.0.Final.jar;C:\Users\pteodor\.m2\repository\org\reflections\reflections\0.10.2\reflections-0.10.2.jar;C:\Users\pteodor\.m2\repository\org\javassist\javassist\3.29.2-GA\javassist-3.29.2-GA.jar;C:\Users\pteodor\.m2\repository\com\google\code\findbugs\jsr305\3.0.2\jsr305-3.0.2.jar;C:\Users\pteodor\.m2\repository\org\yaml\snakeyaml\2.0\snakeyaml-2.0.jar;C:\Users\pteodor\.m2\repository\org\glassfish\jersey\containers\jersey-container-servlet-core\2.39.1\jersey-container-servlet-core-2.39.1.jar;C:\Users\pteodor\.m2\repository\org\glassfish\hk2\external\jakarta.inject\2.6.1\jakarta.inject-2.6.1.jar;C:\Users\pteodor\.m2\repository\org\glassfish\jersey\core\jersey-common\2.39.1\jersey-common-2.39.1.jar;C:\Users\pteodor\.m2\repository\org\glassfish\hk2\osgi-resource-locator\1.0.3\osgi-resource-locator-1.0.3.jar;C:\Users\pteodor\.m2\repository\org\glassfish\jersey\core\jersey-server\2.39.1\jersey-server-2.39.1.jar;C:\Users\pteodor\.m2\repository\org\glassfish\jersey\core\jersey-client\2.39.1\jersey-client-2.39.1.jar;C:\Users\pteodor\.m2\repository\jakarta\validation\jakarta.validation-api\2.0.2\jakarta.validation-api-2.0.2.jar;C:\Users\pteodor\.m2\repository\org\glassfish\jersey\media\jersey-media-multipart\2.39.1\jersey-media-multipart-2.39.1.jar;C:\Users\pteodor\.m2\repository\org\jvnet\mimepull\mimepull\1.9.15\mimepull-1.9.15.jar;C:\Users\pteodor\.m2\repository\com\8x8\cloud\swagger2raml\1.0.0\swagger2raml-1.0.0.jar;C:\Users\pteodor\.m2\repository\commons-cli\commons-cli\1.2\commons-cli-1.2.jar;C:\Users\pteodor\.m2\repository\org\codehaus\groovy\groovy-all\2.4.21\groovy-all-2.4.21.jar;C:\Users\pteodor\.m2\repository\com\sun\xml\messaging\saaj\saaj-impl\1.5.3\saaj-impl-1.5.3.jar;C:\Users\pteodor\.m2\repository\org\jvnet\staxex\stax-ex\1.8.3\stax-ex-1.8.3.jar;C:\Users\pteodor\.m2\repository\org\apache\cxf\cxf-core\3.5.5\cxf-core-3.5.5.jar;C:\Users\pteodor\.m2\repository\org\apache\ws\xmlschema\xmlschema-core\2.3.0\xmlschema-core-2.3.0.jar;C:\Users\pteodor\.m2\repository\org\apache\cxf\cxf-rt-wsdl\3.5.5\cxf-rt-wsdl-3.5.5.jar;C:\Users\pteodor\.m2\repository\wsdl4j\wsdl4j\1.6.3\wsdl4j-1.6.3.jar;C:\Users\pteodor\.m2\repository\org\ow2\asm\asm\9.4\asm-9.4.jar;C:\Users\pteodor\.m2\repository\org\apache\cxf\cxf-rt-frontend-jaxrs\3.5.5\cxf-rt-frontend-jaxrs-3.5.5.jar;C:\Users\pteodor\.m2\repository\org\apache\cxf\cxf-rt-transports-http\3.5.5\cxf-rt-transports-http-3.5.5.jar;C:\Users\pteodor\.m2\repository\org\apache\cxf\cxf-rt-security\3.5.5\cxf-rt-security-3.5.5.jar;C:\Users\pteodor\.m2\repository\org\apache\cxf\cxf-rt-frontend-jaxws\3.5.5\cxf-rt-frontend-jaxws-3.5.5.jar;C:\Users\pteodor\.m2\repository\xml-resolver\xml-resolver\1.2\xml-resolver-1.2.jar;C:\Users\pteodor\.m2\repository\org\apache\cxf\cxf-rt-bindings-soap\3.5.5\cxf-rt-bindings-soap-3.5.5.jar;C:\Users\pteodor\.m2\repository\org\apache\cxf\cxf-rt-databinding-jaxb\3.5.5\cxf-rt-databinding-jaxb-3.5.5.jar;C:\Users\pteodor\.m2\repository\org\apache\cxf\cxf-rt-bindings-xml\3.5.5\cxf-rt-bindings-xml-3.5.5.jar;C:\Users\pteodor\.m2\repository\org\apache\cxf\cxf-rt-frontend-simple\3.5.5\cxf-rt-frontend-simple-3.5.5.jar;C:\Users\pteodor\.m2\repository\org\apache\cxf\cxf-rt-ws-addr\3.5.5\cxf-rt-ws-addr-3.5.5.jar;C:\Users\pteodor\.m2\repository\org\apache\cxf\cxf-rt-ws-policy\3.5.5\cxf-rt-ws-policy-3.5.5.jar;C:\Users\pteodor\.m2\repository\org\apache\cxf\cxf-rt-ws-security\3.5.5\cxf-rt-ws-security-3.5.5.jar;C:\Users\pteodor\.m2\repository\org\apache\cxf\cxf-rt-security-saml\3.5.5\cxf-rt-security-saml-3.5.5.jar;C:\Users\pteodor\.m2\repository\org\ehcache\ehcache\3.9.3\ehcache-3.9.3.jar;C:\Users\pteodor\.m2\repository\org\apache\wss4j\wss4j-ws-security-dom\2.4.1\wss4j-ws-security-dom-2.4.1.jar;C:\Users\pteodor\.m2\repository\org\apache\wss4j\wss4j-ws-security-common\2.4.1\wss4j-ws-security-common-2.4.1.jar;C:\Users\pteodor\.m2\repository\org\apache\santuario\xmlsec\2.3.0\xmlsec-2.3.0.jar;C:\Users\pteodor\.m2\repository\org\opensaml\opensaml-saml-impl\3.4.6\opensaml-saml-impl-3.4.6.jar;C:\Users\pteodor\.m2\repository\org\opensaml\opensaml-profile-api\3.4.6\opensaml-profile-api-3.4.6.jar;C:\Users\pteodor\.m2\repository\org\opensaml\opensaml-core\3.4.6\opensaml-core-3.4.6.jar;C:\Users\pteodor\.m2\repository\io\dropwizard\metrics\metrics-core\3.1.5\metrics-core-3.1.5.jar;C:\Users\pteodor\.m2\repository\org\opensaml\opensaml-saml-api\3.4.6\opensaml-saml-api-3.4.6.jar;C:\Users\pteodor\.m2\repository\org\opensaml\opensaml-xmlsec-api\3.4.6\opensaml-xmlsec-api-3.4.6.jar;C:\Users\pteodor\.m2\repository\org\opensaml\opensaml-soap-api\3.4.6\opensaml-soap-api-3.4.6.jar;C:\Users\pteodor\.m2\repository\org\opensaml\opensaml-security-impl\3.4.6\opensaml-security-impl-3.4.6.jar;C:\Users\pteodor\.m2\repository\org\opensaml\opensaml-security-api\3.4.6\opensaml-security-api-3.4.6.jar;C:\Users\pteodor\.m2\repository\org\opensaml\opensaml-xmlsec-impl\3.4.6\opensaml-xmlsec-impl-3.4.6.jar;C:\Users\pteodor\.m2\repository\net\shibboleth\utilities\java-support\7.5.2\java-support-7.5.2.jar;C:\Users\pteodor\.m2\repository\org\cryptacular\cryptacular\1.2.4\cryptacular-1.2.4.jar;C:\Users\pteodor\.m2\repository\org\opensaml\opensaml-xacml-impl\3.4.6\opensaml-xacml-impl-3.4.6.jar;C:\Users\pteodor\.m2\repository\org\opensaml\opensaml-xacml-api\3.4.6\opensaml-xacml-api-3.4.6.jar;C:\Users\pteodor\.m2\repository\org\opensaml\opensaml-xacml-saml-impl\3.4.6\opensaml-xacml-saml-impl-3.4.6.jar;C:\Users\pteodor\.m2\repository\org\opensaml\opensaml-xacml-saml-api\3.4.6\opensaml-xacml-saml-api-3.4.6.jar;C:\Users\pteodor\.m2\repository\org\jasypt\jasypt\1.9.3\jasypt-1.9.3.jar;C:\Users\pteodor\.m2\repository\org\apache\geronimo\javamail\geronimo-javamail_1.4_mail\1.8.4\geronimo-javamail_1.4_mail-1.8.4.jar;C:\Users\pteodor\.m2\repository\org\apache\wss4j\wss4j-policy\2.4.1\wss4j-policy-2.4.1.jar;C:\Users\pteodor\.m2\repository\org\apache\neethi\neethi\3.1.1\neethi-3.1.1.jar;C:\Users\pteodor\.m2\repository\org\apache\wss4j\wss4j-ws-security-stax\2.4.1\wss4j-ws-security-stax-2.4.1.jar;C:\Users\pteodor\.m2\repository\org\apache\wss4j\wss4j-bindings\2.4.1\wss4j-bindings-2.4.1.jar;C:\Users\pteodor\.m2\repository\org\apache\wss4j\wss4j-ws-security-policy-stax\2.4.1\wss4j-ws-security-policy-stax-2.4.1.jar;C:\Users\pteodor\.m2\repository\org\apache\cxf\cxf-rt-rs-extension-providers\3.5.5\cxf-rt-rs-extension-providers-3.5.5.jar;C:\Users\pteodor\.m2\repository\org\apache\cxf\cxf-rt-rs-service-description\3.5.5\cxf-rt-rs-service-description-3.5.5.jar;C:\Users\pteodor\.m2\repository\org\apache\cxf\cxf-rt-rs-service-description-swagger\3.5.5\cxf-rt-rs-service-description-swagger-3.5.5.jar;C:\Users\pteodor\.m2\repository\org\apache\cxf\cxf-rt-rs-service-description-common-openapi\3.5.5\cxf-rt-rs-service-description-common-openapi-3.5.5.jar;C:\Users\pteodor\.m2\repository\org\apache\cxf\cxf-rt-rs-service-description-swagger-ui\3.5.5\cxf-rt-rs-service-description-swagger-ui-3.5.5.jar;C:\Users\pteodor\.m2\repository\org\apache\cxf\cxf-rt-rs-security-cors\3.5.5\cxf-rt-rs-security-cors-3.5.5.jar;C:\Users\pteodor\.m2\repository\org\aspectj\aspectjweaver\1.9.19\aspectjweaver-1.9.19.jar;C:\Users\pteodor\.m2\repository\com\fasterxml\jackson\jaxrs\jackson-jaxrs-json-provider\2.15.2\jackson-jaxrs-json-provider-2.15.2.jar;C:\Users\pteodor\.m2\repository\com\fasterxml\jackson\jaxrs\jackson-jaxrs-base\2.15.2\jackson-jaxrs-base-2.15.2.jar;C:\Users\pteodor\.m2\repository\com\fasterxml\jackson\module\jackson-module-jaxb-annotations\2.15.2\jackson-module-jaxb-annotations-2.15.2.jar;C:\Users\pteodor\.m2\repository\com\fasterxml\jackson\core\jackson-annotations\2.15.2\jackson-annotations-2.15.2.jar;C:\Users\pteodor\.m2\repository\com\fasterxml\jackson\core\jackson-databind\2.15.2\jackson-databind-2.15.2.jar;C:\Users\pteodor\.m2\repository\com\fasterxml\jackson\core\jackson-core\2.15.2\jackson-core-2.15.2.jar;C:\Users\pteodor\.m2\repository\com\fasterxml\jackson\dataformat\jackson-dataformat-yaml\2.15.2\jackson-dataformat-yaml-2.15.2.jar;C:\Users\pteodor\.m2\repository\com\fasterxml\woodstox\woodstox-core\6.5.1\woodstox-core-6.5.1.jar;C:\Users\pteodor\.m2\repository\org\codehaus\woodstox\stax2-api\4.2.1\stax2-api-4.2.1.jar;C:\Users\pteodor\.m2\repository\javax\servlet\javax.servlet-api\3.1.0\javax.servlet-api-3.1.0.jar;C:\Users\pteodor\.m2\repository\org\apache\taglibs\taglibs-standard-jstlel\1.2.5\taglibs-standard-jstlel-1.2.5.jar;C:\Users\pteodor\.m2\repository\org\apache\taglibs\taglibs-standard-spec\1.2.5\taglibs-standard-spec-1.2.5.jar;C:\Users\pteodor\.m2\repository\org\apache\taglibs\taglibs-standard-impl\1.2.5\taglibs-standard-impl-1.2.5.jar;C:\Users\pteodor\.m2\repository\org\apache\activemq\activemq-client\5.16.6\activemq-client-5.16.6.jar;C:\Users\pteodor\.m2\repository\org\apache\geronimo\specs\geronimo-jms_1.1_spec\1.1.1\geronimo-jms_1.1_spec-1.1.1.jar;C:\Users\pteodor\.m2\repository\org\fusesource\hawtbuf\hawtbuf\1.11\hawtbuf-1.11.jar;C:\Users\pteodor\.m2\repository\org\apache\geronimo\specs\geronimo-j2ee-management_1.1_spec\1.0.1\geronimo-j2ee-management_1.1_spec-1.0.1.jar;C:\Users\pteodor\.m2\repository\org\apache\activemq\activemq-broker\5.16.6\activemq-broker-5.16.6.jar;C:\Users\pteodor\.m2\repository\org\apache\activemq\activemq-openwire-legacy\5.16.6\activemq-openwire-legacy-5.16.6.jar;C:\Users\pteodor\.m2\repository\org\apache\activemq\activemq-spring\5.16.6\activemq-spring-5.16.6.jar;C:\Users\pteodor\.m2\repository\org\apache\xbean\xbean-spring\4.22\xbean-spring-4.22.jar;C:\Users\pteodor\.m2\repository\org\apache\activemq\activemq-pool\5.16.6\activemq-pool-5.16.6.jar;C:\Users\pteodor\.m2\repository\org\apache\activemq\activemq-jms-pool\5.16.6\activemq-jms-pool-5.16.6.jar;C:\Users\pteodor\.m2\repository\org\apache\geronimo\specs\geronimo-jta_1.1_spec\1.1.1\geronimo-jta_1.1_spec-1.1.1.jar;C:\Users\pteodor\.m2\repository\com\google\guava\guava\32.1.1-jre\guava-32.1.1-jre.jar;C:\Users\pteodor\.m2\repository\org\webjars\angularjs\1.8.2\angularjs-1.8.2.jar;C:\Users\pteodor\.m2\repository\junit\junit\4.13.2\junit-4.13.2.jar;C:\Users\pteodor\.m2\repository\org\hamcrest\hamcrest-core\2.2\hamcrest-core-2.2.jar;C:\Users\pteodor\.m2\repository\com\github\tomakehurst\wiremock-jre8\2.35.0\wiremock-jre8-2.35.0.jar;C:\Users\pteodor\.m2\repository\org\eclipse\jetty\jetty-server\9.4.49.v20220914\jetty-server-9.4.49.v20220914.jar;C:\Users\pteodor\.m2\repository\org\eclipse\jetty\jetty-http\9.4.49.v20220914\jetty-http-9.4.49.v20220914.jar;C:\Users\pteodor\.m2\repository\org\eclipse\jetty\jetty-io\9.4.49.v20220914\jetty-io-9.4.49.v20220914.jar;C:\Users\pteodor\.m2\repository\org\eclipse\jetty\jetty-servlet\9.4.49.v20220914\jetty-servlet-9.4.49.v20220914.jar;C:\Users\pteodor\.m2\repository\org\eclipse\jetty\jetty-security\9.4.49.v20220914\jetty-security-9.4.49.v20220914.jar;C:\Users\pteodor\.m2\repository\org\eclipse\jetty\jetty-util-ajax\9.4.49.v20220914\jetty-util-ajax-9.4.49.v20220914.jar;C:\Users\pteodor\.m2\repository\org\eclipse\jetty\jetty-servlets\9.4.49.v20220914\jetty-servlets-9.4.49.v20220914.jar;C:\Users\pteodor\.m2\repository\org\eclipse\jetty\jetty-continuation\9.4.49.v20220914\jetty-continuation-9.4.49.v20220914.jar;C:\Users\pteodor\.m2\repository\org\eclipse\jetty\jetty-util\9.4.49.v20220914\jetty-util-9.4.49.v20220914.jar;C:\Users\pteodor\.m2\repository\org\eclipse\jetty\jetty-webapp\9.4.49.v20220914\jetty-webapp-9.4.49.v20220914.jar;C:\Users\pteodor\.m2\repository\org\eclipse\jetty\jetty-xml\9.4.49.v20220914\jetty-xml-9.4.49.v20220914.jar;C:\Users\pteodor\.m2\repository\org\eclipse\jetty\jetty-proxy\9.4.49.v20220914\jetty-proxy-9.4.49.v20220914.jar;C:\Users\pteodor\.m2\repository\org\eclipse\jetty\jetty-client\9.4.49.v20220914\jetty-client-9.4.49.v20220914.jar;C:\Users\pteodor\.m2\repository\org\eclipse\jetty\http2\http2-server\9.4.49.v20220914\http2-server-9.4.49.v20220914.jar;C:\Users\pteodor\.m2\repository\org\eclipse\jetty\http2\http2-common\9.4.49.v20220914\http2-common-9.4.49.v20220914.jar;C:\Users\pteodor\.m2\repository\org\eclipse\jetty\http2\http2-hpack\9.4.49.v20220914\http2-hpack-9.4.49.v20220914.jar;C:\Users\pteodor\.m2\repository\org\eclipse\jetty\jetty-alpn-server\9.4.49.v20220914\jetty-alpn-server-9.4.49.v20220914.jar;C:\Users\pteodor\.m2\repository\org\eclipse\jetty\jetty-alpn-java-server\9.4.49.v20220914\jetty-alpn-java-server-9.4.49.v20220914.jar;C:\Users\pteodor\.m2\repository\org\eclipse\jetty\jetty-alpn-openjdk8-server\9.4.49.v20220914\jetty-alpn-openjdk8-server-9.4.49.v20220914.jar;C:\Users\pteodor\.m2\repository\org\eclipse\jetty\jetty-alpn-java-client\9.4.49.v20220914\jetty-alpn-java-client-9.4.49.v20220914.jar;C:\Users\pteodor\.m2\repository\org\eclipse\jetty\jetty-alpn-client\9.4.49.v20220914\jetty-alpn-client-9.4.49.v20220914.jar;C:\Users\pteodor\.m2\repository\org\eclipse\jetty\jetty-alpn-openjdk8-client\9.4.49.v20220914\jetty-alpn-openjdk8-client-9.4.49.v20220914.jar;C:\Users\pteodor\.m2\repository\org\apache\httpcomponents\client5\httpclient5\5.1.3\httpclient5-5.1.3.jar;C:\Users\pteodor\.m2\repository\org\apache\httpcomponents\core5\httpcore5\5.1.3\httpcore5-5.1.3.jar;C:\Users\pteodor\.m2\repository\org\apache\httpcomponents\core5\httpcore5-h2\5.1.3\httpcore5-h2-5.1.3.jar;C:\Users\pteodor\.m2\repository\org\xmlunit\xmlunit-core\2.9.0\xmlunit-core-2.9.0.jar;C:\Users\pteodor\.m2\repository\org\xmlunit\xmlunit-legacy\2.9.0\xmlunit-legacy-2.9.0.jar;C:\Users\pteodor\.m2\repository\org\xmlunit\xmlunit-placeholders\2.9.0\xmlunit-placeholders-2.9.0.jar;C:\Users\pteodor\.m2\repository\net\javacrumbs\json-unit\json-unit-core\2.36.0\json-unit-core-2.36.0.jar;C:\Users\pteodor\.m2\repository\net\sf\jopt-simple\jopt-simple\5.0.4\jopt-simple-5.0.4.jar;C:\Users\pteodor\.m2\repository\org\apache\commons\commons-lang3\3.12.0\commons-lang3-3.12.0.jar;C:\Users\pteodor\.m2\repository\com\github\jknack\handlebars\4.3.1\handlebars-4.3.1.jar;C:\Users\pteodor\.m2\repository\com\github\jknack\handlebars-helpers\4.3.1\handlebars-helpers-4.3.1.jar;C:\Users\pteodor\.m2\repository\commons-fileupload\commons-fileupload\1.4\commons-fileupload-1.4.jar;C:\Users\pteodor\.m2\repository\org\mockito\mockito-inline\4.11.0\mockito-inline-4.11.0.jar;C:\Users\pteodor\.m2\repository\org\mockito\mockito-core\4.11.0\mockito-core-4.11.0.jar;C:\Users\pteodor\.m2\repository\net\bytebuddy\byte-buddy\1.14.4\byte-buddy-1.14.4.jar;C:\Users\pteodor\.m2\repository\net\bytebuddy\byte-buddy-agent\1.14.4\byte-buddy-agent-1.14.4.jar;C:\Users\pteodor\.m2\repository\org\objenesis\objenesis\3.3\objenesis-3.3.jar;C:\Users\pteodor\.m2\repository\pl\pragmatists\JUnitParams\1.1.1\JUnitParams-1.1.1.jar;C:\Users\pteodor\.m2\repository\org\hamcrest\hamcrest\2.2\hamcrest-2.2.jar;C:\Users\pteodor\.m2\repository\com\jayway\jsonpath\json-path\2.8.0\json-path-2.8.0.jar;C:\Users\pteodor\.m2\repository\net\minidev\json-smart\2.4.10\json-smart-2.4.10.jar;C:\Users\pteodor\.m2\repository\net\minidev\accessors-smart\2.4.9\accessors-smart-2.4.9.jar;C:\Users\pteodor\.m2\repository\org\seleniumhq\selenium\selenium-java\4.11.0\selenium-java-4.11.0.jar;C:\Users\pteodor\.m2\repository\org\seleniumhq\selenium\selenium-api\4.11.0\selenium-api-4.11.0.jar;C:\Users\pteodor\.m2\repository\org\seleniumhq\selenium\selenium-chrome-driver\4.11.0\selenium-chrome-driver-4.11.0.jar;C:\Users\pteodor\.m2\repository\com\google\auto\service\auto-service-annotations\1.0.1\auto-service-annotations-1.0.1.jar;C:\Users\pteodor\.m2\repository\org\seleniumhq\selenium\selenium-chromium-driver\4.11.0\selenium-chromium-driver-4.11.0.jar;C:\Users\pteodor\.m2\repository\org\seleniumhq\selenium\selenium-json\4.11.0\selenium-json-4.11.0.jar;C:\Users\pteodor\.m2\repository\org\seleniumhq\selenium\selenium-manager\4.11.0\selenium-manager-4.11.0.jar;C:\Users\pteodor\.m2\repository\org\seleniumhq\selenium\selenium-devtools-v113\4.11.0\selenium-devtools-v113-4.11.0.jar;C:\Users\pteodor\.m2\repository\org\seleniumhq\selenium\selenium-devtools-v114\4.11.0\selenium-devtools-v114-4.11.0.jar;C:\Users\pteodor\.m2\repository\org\seleniumhq\selenium\selenium-devtools-v115\4.11.0\selenium-devtools-v115-4.11.0.jar;C:\Users\pteodor\.m2\repository\org\seleniumhq\selenium\selenium-devtools-v85\4.11.0\selenium-devtools-v85-4.11.0.jar;C:\Users\pteodor\.m2\repository\org\seleniumhq\selenium\selenium-edge-driver\4.11.0\selenium-edge-driver-4.11.0.jar;C:\Users\pteodor\.m2\repository\org\seleniumhq\selenium\selenium-firefox-driver\4.11.0\selenium-firefox-driver-4.11.0.jar;C:\Users\pteodor\.m2\repository\org\seleniumhq\selenium\selenium-http\4.11.0\selenium-http-4.11.0.jar;C:\Users\pteodor\.m2\repository\dev\failsafe\failsafe\3.3.1\failsafe-3.3.1.jar;C:\Users\pteodor\.m2\repository\org\seleniumhq\selenium\selenium-ie-driver\4.11.0\selenium-ie-driver-4.11.0.jar;C:\Users\pteodor\.m2\repository\org\seleniumhq\selenium\selenium-remote-driver\4.11.0\selenium-remote-driver-4.11.0.jar;C:\Users\pteodor\.m2\repository\io\netty\netty-buffer\4.1.92.Final\netty-buffer-4.1.92.Final.jar;C:\Users\pteodor\.m2\repository\io\netty\netty-codec-http\4.1.92.Final\netty-codec-http-4.1.92.Final.jar;C:\Users\pteodor\.m2\repository\io\netty\netty-codec\4.1.92.Final\netty-codec-4.1.92.Final.jar;C:\Users\pteodor\.m2\repository\io\netty\netty-handler\4.1.92.Final\netty-handler-4.1.92.Final.jar;C:\Users\pteodor\.m2\repository\io\netty\netty-common\4.1.92.Final\netty-common-4.1.92.Final.jar;C:\Users\pteodor\.m2\repository\io\netty\netty-transport-classes-epoll\4.1.92.Final\netty-transport-classes-epoll-4.1.92.Final.jar;C:\Users\pteodor\.m2\repository\io\netty\netty-transport-classes-kqueue\4.1.92.Final\netty-transport-classes-kqueue-4.1.92.Final.jar;C:\Users\pteodor\.m2\repository\io\netty\netty-transport-native-epoll\4.1.92.Final\netty-transport-native-epoll-4.1.92.Final.jar;C:\Users\pteodor\.m2\repository\io\netty\netty-transport-native-kqueue\4.1.92.Final\netty-transport-native-kqueue-4.1.92.Final.jar;C:\Users\pteodor\.m2\repository\io\netty\netty-transport-native-unix-common\4.1.92.Final\netty-transport-native-unix-common-4.1.92.Final.jar;C:\Users\pteodor\.m2\repository\io\netty\netty-transport\4.1.92.Final\netty-transport-4.1.92.Final.jar;C:\Users\pteodor\.m2\repository\io\netty\netty-resolver\4.1.92.Final\netty-resolver-4.1.92.Final.jar;C:\Users\pteodor\.m2\repository\io\opentelemetry\opentelemetry-api\1.26.0\opentelemetry-api-1.26.0.jar;C:\Users\pteodor\.m2\repository\io\opentelemetry\opentelemetry-context\1.26.0\opentelemetry-context-1.26.0.jar;C:\Users\pteodor\.m2\repository\io\opentelemetry\opentelemetry-exporter-logging\1.26.0\opentelemetry-exporter-logging-1.26.0.jar;C:\Users\pteodor\.m2\repository\io\opentelemetry\opentelemetry-sdk-metrics\1.26.0\opentelemetry-sdk-metrics-1.26.0.jar;C:\Users\pteodor\.m2\repository\io\opentelemetry\opentelemetry-extension-incubator\1.26.0-alpha\opentelemetry-extension-incubator-1.26.0-alpha.jar;C:\Users\pteodor\.m2\repository\io\opentelemetry\opentelemetry-sdk-logs\1.26.0-alpha\opentelemetry-sdk-logs-1.26.0-alpha.jar;C:\Users\pteodor\.m2\repository\io\opentelemetry\opentelemetry-api-logs\1.26.0-alpha\opentelemetry-api-logs-1.26.0-alpha.jar;C:\Users\pteodor\.m2\repository\io\opentelemetry\opentelemetry-api-events\1.26.0-alpha\opentelemetry-api-events-1.26.0-alpha.jar;C:\Users\pteodor\.m2\repository\io\opentelemetry\opentelemetry-sdk-common\1.26.0\opentelemetry-sdk-common-1.26.0.jar;C:\Users\pteodor\.m2\repository\io\opentelemetry\opentelemetry-sdk-extension-autoconfigure-spi\1.26.0\opentelemetry-sdk-extension-autoconfigure-spi-1.26.0.jar;C:\Users\pteodor\.m2\repository\io\opentelemetry\opentelemetry-sdk-extension-autoconfigure\1.26.0-alpha\opentelemetry-sdk-extension-autoconfigure-1.26.0-alpha.jar;C:\Users\pteodor\.m2\repository\io\opentelemetry\opentelemetry-sdk-trace\1.26.0\opentelemetry-sdk-trace-1.26.0.jar;C:\Users\pteodor\.m2\repository\io\opentelemetry\opentelemetry-sdk\1.26.0\opentelemetry-sdk-1.26.0.jar;C:\Users\pteodor\.m2\repository\io\opentelemetry\opentelemetry-semconv\1.26.0-alpha\opentelemetry-semconv-1.26.0-alpha.jar;C:\Users\pteodor\.m2\repository\org\apache\commons\commons-exec\1.3\commons-exec-1.3.jar;C:\Users\pteodor\.m2\repository\org\asynchttpclient\async-http-client\2.12.3\async-http-client-2.12.3.jar;C:\Users\pteodor\.m2\repository\org\asynchttpclient\async-http-client-netty-utils\2.12.3\async-http-client-netty-utils-2.12.3.jar;C:\Users\pteodor\.m2\repository\io\netty\netty-codec-socks\4.1.60.Final\netty-codec-socks-4.1.60.Final.jar;C:\Users\pteodor\.m2\repository\io\netty\netty-handler-proxy\4.1.60.Final\netty-handler-proxy-4.1.60.Final.jar;C:\Users\pteodor\.m2\repository\io\netty\netty-transport-native-epoll\4.1.60.Final\netty-transport-native-epoll-4.1.60.Final-linux-x86_64.jar;C:\Users\pteodor\.m2\repository\io\netty\netty-transport-native-kqueue\4.1.60.Final\netty-transport-native-kqueue-4.1.60.Final-osx-x86_64.jar;C:\Users\pteodor\.m2\repository\org\reactivestreams\reactive-streams\1.0.3\reactive-streams-1.0.3.jar;C:\Users\pteodor\.m2\repository\com\typesafe\netty\netty-reactive-streams\2.0.4\netty-reactive-streams-2.0.4.jar;C:\Users\pteodor\.m2\repository\org\seleniumhq\selenium\selenium-safari-driver\4.11.0\selenium-safari-driver-4.11.0.jar;C:\Users\pteodor\.m2\repository\org\seleniumhq\selenium\selenium-support\4.11.0\selenium-support-4.11.0.jar;C:\Users\pteodor\.m2\repository\org\junit\jupiter\junit-jupiter-api\5.9.1\junit-jupiter-api-5.9.1.jar;C:\Users\pteodor\.m2\repository\org\opentest4j\opentest4j\1.2.0\opentest4j-1.2.0.jar;C:\Users\pteodor\.m2\repository\org\junit\platform\junit-platform-commons\1.9.1\junit-platform-commons-1.9.1.jar;C:\Users\pteodor\.m2\repository\org\apiguardian\apiguardian-api\1.1.2\apiguardian-api-1.1.2.jar;"/>
    <property name="java.vm.vendor" value="Oracle Corporation"/>
    <property name="sun.arch.data.model" value="64"/>
    <property name="user.variant" value=""/>
    <property name="java.vendor.url" value="http://java.oracle.com/"/>
    <property name="user.timezone" value="Europe/Belgrade"/>
    <property name="java.vm.specification.version" value="1.8"/>
    <property name="os.name" value="Windows 10"/>
    <property name="user.country" value="US"/>
    <property name="sun.java.launcher" value="SUN_STANDARD"/>
    <property name="sun.boot.library.path" value="C:\Program Files\Java\jdk1.8.0_202\jre\bin"/>
    <property name="sun.java.command" value="C:\Users\pteodor\AppData\Local\Temp\surefire2287342270874541107\surefirebooter-20231018163908926_3.jar C:\Users\pteodor\AppData\Local\Temp\surefire2287342270874541107 2023-10-18T16-39-08_611-jvmRun1 surefire-20231018163908926_1tmp surefire_0-20231018163908926_2tmp"/>
    <property name="surefire.test.class.path" value="c:\tmp\pb\parabank\target\test-classes;c:\tmp\pb\parabank\target\classes;C:\Users\pteodor\.m2\repository\org\springframework\spring-web\5.3.29\spring-web-5.3.29.jar;C:\Users\pteodor\.m2\repository\org\springframework\spring-beans\5.3.29\spring-beans-5.3.29.jar;C:\Users\pteodor\.m2\repository\org\springframework\spring-core\5.3.29\spring-core-5.3.29.jar;C:\Users\pteodor\.m2\repository\org\springframework\spring-jcl\5.3.29\spring-jcl-5.3.29.jar;C:\Users\pteodor\.m2\repository\org\springframework\spring-webmvc\5.3.29\spring-webmvc-5.3.29.jar;C:\Users\pteodor\.m2\repository\org\springframework\spring-aop\5.3.29\spring-aop-5.3.29.jar;C:\Users\pteodor\.m2\repository\org\springframework\spring-context\5.3.29\spring-context-5.3.29.jar;C:\Users\pteodor\.m2\repository\org\springframework\spring-expression\5.3.29\spring-expression-5.3.29.jar;C:\Users\pteodor\.m2\repository\org\springframework\spring-jdbc\5.3.29\spring-jdbc-5.3.29.jar;C:\Users\pteodor\.m2\repository\org\springframework\spring-test\5.3.29\spring-test-5.3.29.jar;C:\Users\pteodor\.m2\repository\org\springframework\spring-tx\5.3.29\spring-tx-5.3.29.jar;C:\Users\pteodor\.m2\repository\org\springframework\spring-jms\5.3.29\spring-jms-5.3.29.jar;C:\Users\pteodor\.m2\repository\org\springframework\spring-messaging\5.3.29\spring-messaging-5.3.29.jar;C:\Users\pteodor\.m2\repository\org\springframework\spring-oxm\5.3.29\spring-oxm-5.3.29.jar;C:\Users\pteodor\.m2\repository\org\springframework\spring-orm\5.3.29\spring-orm-5.3.29.jar;C:\Users\pteodor\.m2\repository\jakarta\activation\jakarta.activation-api\1.2.2\jakarta.activation-api-1.2.2.jar;C:\Users\pteodor\.m2\repository\com\sun\activation\jakarta.activation\1.2.2\jakarta.activation-1.2.2.jar;C:\Users\pteodor\.m2\repository\jakarta\annotation\jakarta.annotation-api\1.3.5\jakarta.annotation-api-1.3.5.jar;C:\Users\pteodor\.m2\repository\jakarta\jws\jakarta.jws-api\2.1.0\jakarta.jws-api-2.1.0.jar;C:\Users\pteodor\.m2\repository\jakarta\ws\rs\jakarta.ws.rs-api\2.1.6\jakarta.ws.rs-api-2.1.6.jar;C:\Users\pteodor\.m2\repository\jakarta\xml\soap\jakarta.xml.soap-api\1.4.2\jakarta.xml.soap-api-1.4.2.jar;C:\Users\pteodor\.m2\repository\jakarta\xml\ws\jakarta.xml.ws-api\2.3.3\jakarta.xml.ws-api-2.3.3.jar;C:\Users\pteodor\.m2\repository\jakarta\xml\bind\jakarta.xml.bind-api\2.3.3\jakarta.xml.bind-api-2.3.3.jar;C:\Users\pteodor\.m2\repository\org\glassfish\jaxb\jaxb-runtime\2.3.8\jaxb-runtime-2.3.8.jar;C:\Users\pteodor\.m2\repository\org\glassfish\jaxb\txw2\2.3.8\txw2-2.3.8.jar;C:\Users\pteodor\.m2\repository\com\sun\istack\istack-commons-runtime\3.0.12\istack-commons-runtime-3.0.12.jar;C:\Users\pteodor\.m2\repository\joda-time\joda-time\2.12.5\joda-time-2.12.5.jar;C:\Users\pteodor\.m2\repository\org\hsqldb\hsqldb\2.7.1\hsqldb-2.7.1-jdk8.jar;C:\Users\pteodor\.m2\repository\org\apache\commons\commons-dbcp2\2.9.0\commons-dbcp2-2.9.0.jar;C:\Users\pteodor\.m2\repository\org\apache\commons\commons-pool2\2.10.0\commons-pool2-2.10.0.jar;C:\Users\pteodor\.m2\repository\commons-logging\commons-logging\1.2\commons-logging-1.2.jar;C:\Users\pteodor\.m2\repository\commons-io\commons-io\2.11.0\commons-io-2.11.0.jar;C:\Users\pteodor\.m2\repository\commons-codec\commons-codec\1.15\commons-codec-1.15.jar;C:\Users\pteodor\.m2\repository\org\slf4j\slf4j-api\1.7.36\slf4j-api-1.7.36.jar;C:\Users\pteodor\.m2\repository\org\apache\logging\log4j\log4j-slf4j-impl\2.20.0\log4j-slf4j-impl-2.20.0.jar;C:\Users\pteodor\.m2\repository\org\apache\logging\log4j\log4j-api\2.20.0\log4j-api-2.20.0.jar;C:\Users\pteodor\.m2\repository\org\apache\logging\log4j\log4j-core\2.20.0\log4j-core-2.20.0.jar;C:\Users\pteodor\.m2\repository\org\apache\logging\log4j\log4j-jcl\2.20.0\log4j-jcl-2.20.0.jar;C:\Users\pteodor\.m2\repository\org\bouncycastle\bcprov-jdk15on\1.70\bcprov-jdk15on-1.70.jar;C:\Users\pteodor\.m2\repository\io\swagger\swagger-jersey2-jaxrs\1.6.10\swagger-jersey2-jaxrs-1.6.10.jar;C:\Users\pteodor\.m2\repository\io\swagger\swagger-jaxrs\1.6.10\swagger-jaxrs-1.6.10.jar;C:\Users\pteodor\.m2\repository\io\swagger\swagger-core\1.6.10\swagger-core-1.6.10.jar;C:\Users\pteodor\.m2\repository\io\swagger\swagger-models\1.6.10\swagger-models-1.6.10.jar;C:\Users\pteodor\.m2\repository\io\swagger\swagger-annotations\1.6.10\swagger-annotations-1.6.10.jar;C:\Users\pteodor\.m2\repository\javax\validation\validation-api\1.1.0.Final\validation-api-1.1.0.Final.jar;C:\Users\pteodor\.m2\repository\org\reflections\reflections\0.10.2\reflections-0.10.2.jar;C:\Users\pteodor\.m2\repository\org\javassist\javassist\3.29.2-GA\javassist-3.29.2-GA.jar;C:\Users\pteodor\.m2\repository\com\google\code\findbugs\jsr305\3.0.2\jsr305-3.0.2.jar;C:\Users\pteodor\.m2\repository\org\yaml\snakeyaml\2.0\snakeyaml-2.0.jar;C:\Users\pteodor\.m2\repository\org\glassfish\jersey\containers\jersey-container-servlet-core\2.39.1\jersey-container-servlet-core-2.39.1.jar;C:\Users\pteodor\.m2\repository\org\glassfish\hk2\external\jakarta.inject\2.6.1\jakarta.inject-2.6.1.jar;C:\Users\pteodor\.m2\repository\org\glassfish\jersey\core\jersey-common\2.39.1\jersey-common-2.39.1.jar;C:\Users\pteodor\.m2\repository\org\glassfish\hk2\osgi-resource-locator\1.0.3\osgi-resource-locator-1.0.3.jar;C:\Users\pteodor\.m2\repository\org\glassfish\jersey\core\jersey-server\2.39.1\jersey-server-2.39.1.jar;C:\Users\pteodor\.m2\repository\org\glassfish\jersey\core\jersey-client\2.39.1\jersey-client-2.39.1.jar;C:\Users\pteodor\.m2\repository\jakarta\validation\jakarta.validation-api\2.0.2\jakarta.validation-api-2.0.2.jar;C:\Users\pteodor\.m2\repository\org\glassfish\jersey\media\jersey-media-multipart\2.39.1\jersey-media-multipart-2.39.1.jar;C:\Users\pteodor\.m2\repository\org\jvnet\mimepull\mimepull\1.9.15\mimepull-1.9.15.jar;C:\Users\pteodor\.m2\repository\com\8x8\cloud\swagger2raml\1.0.0\swagger2raml-1.0.0.jar;C:\Users\pteodor\.m2\repository\commons-cli\commons-cli\1.2\commons-cli-1.2.jar;C:\Users\pteodor\.m2\repository\org\codehaus\groovy\groovy-all\2.4.21\groovy-all-2.4.21.jar;C:\Users\pteodor\.m2\repository\com\sun\xml\messaging\saaj\saaj-impl\1.5.3\saaj-impl-1.5.3.jar;C:\Users\pteodor\.m2\repository\org\jvnet\staxex\stax-ex\1.8.3\stax-ex-1.8.3.jar;C:\Users\pteodor\.m2\repository\org\apache\cxf\cxf-core\3.5.5\cxf-core-3.5.5.jar;C:\Users\pteodor\.m2\repository\org\apache\ws\xmlschema\xmlschema-core\2.3.0\xmlschema-core-2.3.0.jar;C:\Users\pteodor\.m2\repository\org\apache\cxf\cxf-rt-wsdl\3.5.5\cxf-rt-wsdl-3.5.5.jar;C:\Users\pteodor\.m2\repository\wsdl4j\wsdl4j\1.6.3\wsdl4j-1.6.3.jar;C:\Users\pteodor\.m2\repository\org\ow2\asm\asm\9.4\asm-9.4.jar;C:\Users\pteodor\.m2\repository\org\apache\cxf\cxf-rt-frontend-jaxrs\3.5.5\cxf-rt-frontend-jaxrs-3.5.5.jar;C:\Users\pteodor\.m2\repository\org\apache\cxf\cxf-rt-transports-http\3.5.5\cxf-rt-transports-http-3.5.5.jar;C:\Users\pteodor\.m2\repository\org\apache\cxf\cxf-rt-security\3.5.5\cxf-rt-security-3.5.5.jar;C:\Users\pteodor\.m2\repository\org\apache\cxf\cxf-rt-frontend-jaxws\3.5.5\cxf-rt-frontend-jaxws-3.5.5.jar;C:\Users\pteodor\.m2\repository\xml-resolver\xml-resolver\1.2\xml-resolver-1.2.jar;C:\Users\pteodor\.m2\repository\org\apache\cxf\cxf-rt-bindings-soap\3.5.5\cxf-rt-bindings-soap-3.5.5.jar;C:\Users\pteodor\.m2\repository\org\apache\cxf\cxf-rt-databinding-jaxb\3.5.5\cxf-rt-databinding-jaxb-3.5.5.jar;C:\Users\pteodor\.m2\repository\org\apache\cxf\cxf-rt-bindings-xml\3.5.5\cxf-rt-bindings-xml-3.5.5.jar;C:\Users\pteodor\.m2\repository\org\apache\cxf\cxf-rt-frontend-simple\3.5.5\cxf-rt-frontend-simple-3.5.5.jar;C:\Users\pteodor\.m2\repository\org\apache\cxf\cxf-rt-ws-addr\3.5.5\cxf-rt-ws-addr-3.5.5.jar;C:\Users\pteodor\.m2\repository\org\apache\cxf\cxf-rt-ws-policy\3.5.5\cxf-rt-ws-policy-3.5.5.jar;C:\Users\pteodor\.m2\repository\org\apache\cxf\cxf-rt-ws-security\3.5.5\cxf-rt-ws-security-3.5.5.jar;C:\Users\pteodor\.m2\repository\org\apache\cxf\cxf-rt-security-saml\3.5.5\cxf-rt-security-saml-3.5.5.jar;C:\Users\pteodor\.m2\repository\org\ehcache\ehcache\3.9.3\ehcache-3.9.3.jar;C:\Users\pteodor\.m2\repository\org\apache\wss4j\wss4j-ws-security-dom\2.4.1\wss4j-ws-security-dom-2.4.1.jar;C:\Users\pteodor\.m2\repository\org\apache\wss4j\wss4j-ws-security-common\2.4.1\wss4j-ws-security-common-2.4.1.jar;C:\Users\pteodor\.m2\repository\org\apache\santuario\xmlsec\2.3.0\xmlsec-2.3.0.jar;C:\Users\pteodor\.m2\repository\org\opensaml\opensaml-saml-impl\3.4.6\opensaml-saml-impl-3.4.6.jar;C:\Users\pteodor\.m2\repository\org\opensaml\opensaml-profile-api\3.4.6\opensaml-profile-api-3.4.6.jar;C:\Users\pteodor\.m2\repository\org\opensaml\opensaml-core\3.4.6\opensaml-core-3.4.6.jar;C:\Users\pteodor\.m2\repository\io\dropwizard\metrics\metrics-core\3.1.5\metrics-core-3.1.5.jar;C:\Users\pteodor\.m2\repository\org\opensaml\opensaml-saml-api\3.4.6\opensaml-saml-api-3.4.6.jar;C:\Users\pteodor\.m2\repository\org\opensaml\opensaml-xmlsec-api\3.4.6\opensaml-xmlsec-api-3.4.6.jar;C:\Users\pteodor\.m2\repository\org\opensaml\opensaml-soap-api\3.4.6\opensaml-soap-api-3.4.6.jar;C:\Users\pteodor\.m2\repository\org\opensaml\opensaml-security-impl\3.4.6\opensaml-security-impl-3.4.6.jar;C:\Users\pteodor\.m2\repository\org\opensaml\opensaml-security-api\3.4.6\opensaml-security-api-3.4.6.jar;C:\Users\pteodor\.m2\repository\org\opensaml\opensaml-xmlsec-impl\3.4.6\opensaml-xmlsec-impl-3.4.6.jar;C:\Users\pteodor\.m2\repository\net\shibboleth\utilities\java-support\7.5.2\java-support-7.5.2.jar;C:\Users\pteodor\.m2\repository\org\cryptacular\cryptacular\1.2.4\cryptacular-1.2.4.jar;C:\Users\pteodor\.m2\repository\org\opensaml\opensaml-xacml-impl\3.4.6\opensaml-xacml-impl-3.4.6.jar;C:\Users\pteodor\.m2\repository\org\opensaml\opensaml-xacml-api\3.4.6\opensaml-xacml-api-3.4.6.jar;C:\Users\pteodor\.m2\repository\org\opensaml\opensaml-xacml-saml-impl\3.4.6\opensaml-xacml-saml-impl-3.4.6.jar;C:\Users\pteodor\.m2\repository\org\opensaml\opensaml-xacml-saml-api\3.4.6\opensaml-xacml-saml-api-3.4.6.jar;C:\Users\pteodor\.m2\repository\org\jasypt\jasypt\1.9.3\jasypt-1.9.3.jar;C:\Users\pteodor\.m2\repository\org\apache\geronimo\javamail\geronimo-javamail_1.4_mail\1.8.4\geronimo-javamail_1.4_mail-1.8.4.jar;C:\Users\pteodor\.m2\repository\org\apache\wss4j\wss4j-policy\2.4.1\wss4j-policy-2.4.1.jar;C:\Users\pteodor\.m2\repository\org\apache\neethi\neethi\3.1.1\neethi-3.1.1.jar;C:\Users\pteodor\.m2\repository\org\apache\wss4j\wss4j-ws-security-stax\2.4.1\wss4j-ws-security-stax-2.4.1.jar;C:\Users\pteodor\.m2\repository\org\apache\wss4j\wss4j-bindings\2.4.1\wss4j-bindings-2.4.1.jar;C:\Users\pteodor\.m2\repository\org\apache\wss4j\wss4j-ws-security-policy-stax\2.4.1\wss4j-ws-security-policy-stax-2.4.1.jar;C:\Users\pteodor\.m2\repository\org\apache\cxf\cxf-rt-rs-extension-providers\3.5.5\cxf-rt-rs-extension-providers-3.5.5.jar;C:\Users\pteodor\.m2\repository\org\apache\cxf\cxf-rt-rs-service-description\3.5.5\cxf-rt-rs-service-description-3.5.5.jar;C:\Users\pteodor\.m2\repository\org\apache\cxf\cxf-rt-rs-service-description-swagger\3.5.5\cxf-rt-rs-service-description-swagger-3.5.5.jar;C:\Users\pteodor\.m2\repository\org\apache\cxf\cxf-rt-rs-service-description-common-openapi\3.5.5\cxf-rt-rs-service-description-common-openapi-3.5.5.jar;C:\Users\pteodor\.m2\repository\org\apache\cxf\cxf-rt-rs-service-description-swagger-ui\3.5.5\cxf-rt-rs-service-description-swagger-ui-3.5.5.jar;C:\Users\pteodor\.m2\repository\org\apache\cxf\cxf-rt-rs-security-cors\3.5.5\cxf-rt-rs-security-cors-3.5.5.jar;C:\Users\pteodor\.m2\repository\org\aspectj\aspectjweaver\1.9.19\aspectjweaver-1.9.19.jar;C:\Users\pteodor\.m2\repository\com\fasterxml\jackson\jaxrs\jackson-jaxrs-json-provider\2.15.2\jackson-jaxrs-json-provider-2.15.2.jar;C:\Users\pteodor\.m2\repository\com\fasterxml\jackson\jaxrs\jackson-jaxrs-base\2.15.2\jackson-jaxrs-base-2.15.2.jar;C:\Users\pteodor\.m2\repository\com\fasterxml\jackson\module\jackson-module-jaxb-annotations\2.15.2\jackson-module-jaxb-annotations-2.15.2.jar;C:\Users\pteodor\.m2\repository\com\fasterxml\jackson\core\jackson-annotations\2.15.2\jackson-annotations-2.15.2.jar;C:\Users\pteodor\.m2\repository\com\fasterxml\jackson\core\jackson-databind\2.15.2\jackson-databind-2.15.2.jar;C:\Users\pteodor\.m2\repository\com\fasterxml\jackson\core\jackson-core\2.15.2\jackson-core-2.15.2.jar;C:\Users\pteodor\.m2\repository\com\fasterxml\jackson\dataformat\jackson-dataformat-yaml\2.15.2\jackson-dataformat-yaml-2.15.2.jar;C:\Users\pteodor\.m2\repository\com\fasterxml\woodstox\woodstox-core\6.5.1\woodstox-core-6.5.1.jar;C:\Users\pteodor\.m2\repository\org\codehaus\woodstox\stax2-api\4.2.1\stax2-api-4.2.1.jar;C:\Users\pteodor\.m2\repository\javax\servlet\javax.servlet-api\3.1.0\javax.servlet-api-3.1.0.jar;C:\Users\pteodor\.m2\repository\org\apache\taglibs\taglibs-standard-jstlel\1.2.5\taglibs-standard-jstlel-1.2.5.jar;C:\Users\pteodor\.m2\repository\org\apache\taglibs\taglibs-standard-spec\1.2.5\taglibs-standard-spec-1.2.5.jar;C:\Users\pteodor\.m2\repository\org\apache\taglibs\taglibs-standard-impl\1.2.5\taglibs-standard-impl-1.2.5.jar;C:\Users\pteodor\.m2\repository\org\apache\activemq\activemq-client\5.16.6\activemq-client-5.16.6.jar;C:\Users\pteodor\.m2\repository\org\apache\geronimo\specs\geronimo-jms_1.1_spec\1.1.1\geronimo-jms_1.1_spec-1.1.1.jar;C:\Users\pteodor\.m2\repository\org\fusesource\hawtbuf\hawtbuf\1.11\hawtbuf-1.11.jar;C:\Users\pteodor\.m2\repository\org\apache\geronimo\specs\geronimo-j2ee-management_1.1_spec\1.0.1\geronimo-j2ee-management_1.1_spec-1.0.1.jar;C:\Users\pteodor\.m2\repository\org\apache\activemq\activemq-broker\5.16.6\activemq-broker-5.16.6.jar;C:\Users\pteodor\.m2\repository\org\apache\activemq\activemq-openwire-legacy\5.16.6\activemq-openwire-legacy-5.16.6.jar;C:\Users\pteodor\.m2\repository\org\apache\activemq\activemq-spring\5.16.6\activemq-spring-5.16.6.jar;C:\Users\pteodor\.m2\repository\org\apache\xbean\xbean-spring\4.22\xbean-spring-4.22.jar;C:\Users\pteodor\.m2\repository\org\apache\activemq\activemq-pool\5.16.6\activemq-pool-5.16.6.jar;C:\Users\pteodor\.m2\repository\org\apache\activemq\activemq-jms-pool\5.16.6\activemq-jms-pool-5.16.6.jar;C:\Users\pteodor\.m2\repository\org\apache\geronimo\specs\geronimo-jta_1.1_spec\1.1.1\geronimo-jta_1.1_spec-1.1.1.jar;C:\Users\pteodor\.m2\repository\com\google\guava\guava\32.1.1-jre\guava-32.1.1-jre.jar;C:\Users\pteodor\.m2\repository\org\webjars\angularjs\1.8.2\angularjs-1.8.2.jar;C:\Users\pteodor\.m2\repository\junit\junit\4.13.2\junit-4.13.2.jar;C:\Users\pteodor\.m2\repository\org\hamcrest\hamcrest-core\2.2\hamcrest-core-2.2.jar;C:\Users\pteodor\.m2\repository\com\github\tomakehurst\wiremock-jre8\2.35.0\wiremock-jre8-2.35.0.jar;C:\Users\pteodor\.m2\repository\org\eclipse\jetty\jetty-server\9.4.49.v20220914\jetty-server-9.4.49.v20220914.jar;C:\Users\pteodor\.m2\repository\org\eclipse\jetty\jetty-http\9.4.49.v20220914\jetty-http-9.4.49.v20220914.jar;C:\Users\pteodor\.m2\repository\org\eclipse\jetty\jetty-io\9.4.49.v20220914\jetty-io-9.4.49.v20220914.jar;C:\Users\pteodor\.m2\repository\org\eclipse\jetty\jetty-servlet\9.4.49.v20220914\jetty-servlet-9.4.49.v20220914.jar;C:\Users\pteodor\.m2\repository\org\eclipse\jetty\jetty-security\9.4.49.v20220914\jetty-security-9.4.49.v20220914.jar;C:\Users\pteodor\.m2\repository\org\eclipse\jetty\jetty-util-ajax\9.4.49.v20220914\jetty-util-ajax-9.4.49.v20220914.jar;C:\Users\pteodor\.m2\repository\org\eclipse\jetty\jetty-servlets\9.4.49.v20220914\jetty-servlets-9.4.49.v20220914.jar;C:\Users\pteodor\.m2\repository\org\eclipse\jetty\jetty-continuation\9.4.49.v20220914\jetty-continuation-9.4.49.v20220914.jar;C:\Users\pteodor\.m2\repository\org\eclipse\jetty\jetty-util\9.4.49.v20220914\jetty-util-9.4.49.v20220914.jar;C:\Users\pteodor\.m2\repository\org\eclipse\jetty\jetty-webapp\9.4.49.v20220914\jetty-webapp-9.4.49.v20220914.jar;C:\Users\pteodor\.m2\repository\org\eclipse\jetty\jetty-xml\9.4.49.v20220914\jetty-xml-9.4.49.v20220914.jar;C:\Users\pteodor\.m2\repository\org\eclipse\jetty\jetty-proxy\9.4.49.v20220914\jetty-proxy-9.4.49.v20220914.jar;C:\Users\pteodor\.m2\repository\org\eclipse\jetty\jetty-client\9.4.49.v20220914\jetty-client-9.4.49.v20220914.jar;C:\Users\pteodor\.m2\repository\org\eclipse\jetty\http2\http2-server\9.4.49.v20220914\http2-server-9.4.49.v20220914.jar;C:\Users\pteodor\.m2\repository\org\eclipse\jetty\http2\http2-common\9.4.49.v20220914\http2-common-9.4.49.v20220914.jar;C:\Users\pteodor\.m2\repository\org\eclipse\jetty\http2\http2-hpack\9.4.49.v20220914\http2-hpack-9.4.49.v20220914.jar;C:\Users\pteodor\.m2\repository\org\eclipse\jetty\jetty-alpn-server\9.4.49.v20220914\jetty-alpn-server-9.4.49.v20220914.jar;C:\Users\pteodor\.m2\repository\org\eclipse\jetty\jetty-alpn-java-server\9.4.49.v20220914\jetty-alpn-java-server-9.4.49.v20220914.jar;C:\Users\pteodor\.m2\repository\org\eclipse\jetty\jetty-alpn-openjdk8-server\9.4.49.v20220914\jetty-alpn-openjdk8-server-9.4.49.v20220914.jar;C:\Users\pteodor\.m2\repository\org\eclipse\jetty\jetty-alpn-java-client\9.4.49.v20220914\jetty-alpn-java-client-9.4.49.v20220914.jar;C:\Users\pteodor\.m2\repository\org\eclipse\jetty\jetty-alpn-client\9.4.49.v20220914\jetty-alpn-client-9.4.49.v20220914.jar;C:\Users\pteodor\.m2\repository\org\eclipse\jetty\jetty-alpn-openjdk8-client\9.4.49.v20220914\jetty-alpn-openjdk8-client-9.4.49.v20220914.jar;C:\Users\pteodor\.m2\repository\org\apache\httpcomponents\client5\httpclient5\5.1.3\httpclient5-5.1.3.jar;C:\Users\pteodor\.m2\repository\org\apache\httpcomponents\core5\httpcore5\5.1.3\httpcore5-5.1.3.jar;C:\Users\pteodor\.m2\repository\org\apache\httpcomponents\core5\httpcore5-h2\5.1.3\httpcore5-h2-5.1.3.jar;C:\Users\pteodor\.m2\repository\org\xmlunit\xmlunit-core\2.9.0\xmlunit-core-2.9.0.jar;C:\Users\pteodor\.m2\repository\org\xmlunit\xmlunit-legacy\2.9.0\xmlunit-legacy-2.9.0.jar;C:\Users\pteodor\.m2\repository\org\xmlunit\xmlunit-placeholders\2.9.0\xmlunit-placeholders-2.9.0.jar;C:\Users\pteodor\.m2\repository\net\javacrumbs\json-unit\json-unit-core\2.36.0\json-unit-core-2.36.0.jar;C:\Users\pteodor\.m2\repository\net\sf\jopt-simple\jopt-simple\5.0.4\jopt-simple-5.0.4.jar;C:\Users\pteodor\.m2\repository\org\apache\commons\commons-lang3\3.12.0\commons-lang3-3.12.0.jar;C:\Users\pteodor\.m2\repository\com\github\jknack\handlebars\4.3.1\handlebars-4.3.1.jar;C:\Users\pteodor\.m2\repository\com\github\jknack\handlebars-helpers\4.3.1\handlebars-helpers-4.3.1.jar;C:\Users\pteodor\.m2\repository\commons-fileupload\commons-fileupload\1.4\commons-fileupload-1.4.jar;C:\Users\pteodor\.m2\repository\org\mockito\mockito-inline\4.11.0\mockito-inline-4.11.0.jar;C:\Users\pteodor\.m2\repository\org\mockito\mockito-core\4.11.0\mockito-core-4.11.0.jar;C:\Users\pteodor\.m2\repository\net\bytebuddy\byte-buddy\1.14.4\byte-buddy-1.14.4.jar;C:\Users\pteodor\.m2\repository\net\bytebuddy\byte-buddy-agent\1.14.4\byte-buddy-agent-1.14.4.jar;C:\Users\pteodor\.m2\repository\org\objenesis\objenesis\3.3\objenesis-3.3.jar;C:\Users\pteodor\.m2\repository\pl\pragmatists\JUnitParams\1.1.1\JUnitParams-1.1.1.jar;C:\Users\pteodor\.m2\repository\org\hamcrest\hamcrest\2.2\hamcrest-2.2.jar;C:\Users\pteodor\.m2\repository\com\jayway\jsonpath\json-path\2.8.0\json-path-2.8.0.jar;C:\Users\pteodor\.m2\repository\net\minidev\json-smart\2.4.10\json-smart-2.4.10.jar;C:\Users\pteodor\.m2\repository\net\minidev\accessors-smart\2.4.9\accessors-smart-2.4.9.jar;C:\Users\pteodor\.m2\repository\org\seleniumhq\selenium\selenium-java\4.11.0\selenium-java-4.11.0.jar;C:\Users\pteodor\.m2\repository\org\seleniumhq\selenium\selenium-api\4.11.0\selenium-api-4.11.0.jar;C:\Users\pteodor\.m2\repository\org\seleniumhq\selenium\selenium-chrome-driver\4.11.0\selenium-chrome-driver-4.11.0.jar;C:\Users\pteodor\.m2\repository\com\google\auto\service\auto-service-annotations\1.0.1\auto-service-annotations-1.0.1.jar;C:\Users\pteodor\.m2\repository\org\seleniumhq\selenium\selenium-chromium-driver\4.11.0\selenium-chromium-driver-4.11.0.jar;C:\Users\pteodor\.m2\repository\org\seleniumhq\selenium\selenium-json\4.11.0\selenium-json-4.11.0.jar;C:\Users\pteodor\.m2\repository\org\seleniumhq\selenium\selenium-manager\4.11.0\selenium-manager-4.11.0.jar;C:\Users\pteodor\.m2\repository\org\seleniumhq\selenium\selenium-devtools-v113\4.11.0\selenium-devtools-v113-4.11.0.jar;C:\Users\pteodor\.m2\repository\org\seleniumhq\selenium\selenium-devtools-v114\4.11.0\selenium-devtools-v114-4.11.0.jar;C:\Users\pteodor\.m2\repository\org\seleniumhq\selenium\selenium-devtools-v115\4.11.0\selenium-devtools-v115-4.11.0.jar;C:\Users\pteodor\.m2\repository\org\seleniumhq\selenium\selenium-devtools-v85\4.11.0\selenium-devtools-v85-4.11.0.jar;C:\Users\pteodor\.m2\repository\org\seleniumhq\selenium\selenium-edge-driver\4.11.0\selenium-edge-driver-4.11.0.jar;C:\Users\pteodor\.m2\repository\org\seleniumhq\selenium\selenium-firefox-driver\4.11.0\selenium-firefox-driver-4.11.0.jar;C:\Users\pteodor\.m2\repository\org\seleniumhq\selenium\selenium-http\4.11.0\selenium-http-4.11.0.jar;C:\Users\pteodor\.m2\repository\dev\failsafe\failsafe\3.3.1\failsafe-3.3.1.jar;C:\Users\pteodor\.m2\repository\org\seleniumhq\selenium\selenium-ie-driver\4.11.0\selenium-ie-driver-4.11.0.jar;C:\Users\pteodor\.m2\repository\org\seleniumhq\selenium\selenium-remote-driver\4.11.0\selenium-remote-driver-4.11.0.jar;C:\Users\pteodor\.m2\repository\io\netty\netty-buffer\4.1.92.Final\netty-buffer-4.1.92.Final.jar;C:\Users\pteodor\.m2\repository\io\netty\netty-codec-http\4.1.92.Final\netty-codec-http-4.1.92.Final.jar;C:\Users\pteodor\.m2\repository\io\netty\netty-codec\4.1.92.Final\netty-codec-4.1.92.Final.jar;C:\Users\pteodor\.m2\repository\io\netty\netty-handler\4.1.92.Final\netty-handler-4.1.92.Final.jar;C:\Users\pteodor\.m2\repository\io\netty\netty-common\4.1.92.Final\netty-common-4.1.92.Final.jar;C:\Users\pteodor\.m2\repository\io\netty\netty-transport-classes-epoll\4.1.92.Final\netty-transport-classes-epoll-4.1.92.Final.jar;C:\Users\pteodor\.m2\repository\io\netty\netty-transport-classes-kqueue\4.1.92.Final\netty-transport-classes-kqueue-4.1.92.Final.jar;C:\Users\pteodor\.m2\repository\io\netty\netty-transport-native-epoll\4.1.92.Final\netty-transport-native-epoll-4.1.92.Final.jar;C:\Users\pteodor\.m2\repository\io\netty\netty-transport-native-kqueue\4.1.92.Final\netty-transport-native-kqueue-4.1.92.Final.jar;C:\Users\pteodor\.m2\repository\io\netty\netty-transport-native-unix-common\4.1.92.Final\netty-transport-native-unix-common-4.1.92.Final.jar;C:\Users\pteodor\.m2\repository\io\netty\netty-transport\4.1.92.Final\netty-transport-4.1.92.Final.jar;C:\Users\pteodor\.m2\repository\io\netty\netty-resolver\4.1.92.Final\netty-resolver-4.1.92.Final.jar;C:\Users\pteodor\.m2\repository\io\opentelemetry\opentelemetry-api\1.26.0\opentelemetry-api-1.26.0.jar;C:\Users\pteodor\.m2\repository\io\opentelemetry\opentelemetry-context\1.26.0\opentelemetry-context-1.26.0.jar;C:\Users\pteodor\.m2\repository\io\opentelemetry\opentelemetry-exporter-logging\1.26.0\opentelemetry-exporter-logging-1.26.0.jar;C:\Users\pteodor\.m2\repository\io\opentelemetry\opentelemetry-sdk-metrics\1.26.0\opentelemetry-sdk-metrics-1.26.0.jar;C:\Users\pteodor\.m2\repository\io\opentelemetry\opentelemetry-extension-incubator\1.26.0-alpha\opentelemetry-extension-incubator-1.26.0-alpha.jar;C:\Users\pteodor\.m2\repository\io\opentelemetry\opentelemetry-sdk-logs\1.26.0-alpha\opentelemetry-sdk-logs-1.26.0-alpha.jar;C:\Users\pteodor\.m2\repository\io\opentelemetry\opentelemetry-api-logs\1.26.0-alpha\opentelemetry-api-logs-1.26.0-alpha.jar;C:\Users\pteodor\.m2\repository\io\opentelemetry\opentelemetry-api-events\1.26.0-alpha\opentelemetry-api-events-1.26.0-alpha.jar;C:\Users\pteodor\.m2\repository\io\opentelemetry\opentelemetry-sdk-common\1.26.0\opentelemetry-sdk-common-1.26.0.jar;C:\Users\pteodor\.m2\repository\io\opentelemetry\opentelemetry-sdk-extension-autoconfigure-spi\1.26.0\opentelemetry-sdk-extension-autoconfigure-spi-1.26.0.jar;C:\Users\pteodor\.m2\repository\io\opentelemetry\opentelemetry-sdk-extension-autoconfigure\1.26.0-alpha\opentelemetry-sdk-extension-autoconfigure-1.26.0-alpha.jar;C:\Users\pteodor\.m2\repository\io\opentelemetry\opentelemetry-sdk-trace\1.26.0\opentelemetry-sdk-trace-1.26.0.jar;C:\Users\pteodor\.m2\repository\io\opentelemetry\opentelemetry-sdk\1.26.0\opentelemetry-sdk-1.26.0.jar;C:\Users\pteodor\.m2\repository\io\opentelemetry\opentelemetry-semconv\1.26.0-alpha\opentelemetry-semconv-1.26.0-alpha.jar;C:\Users\pteodor\.m2\repository\org\apache\commons\commons-exec\1.3\commons-exec-1.3.jar;C:\Users\pteodor\.m2\repository\org\asynchttpclient\async-http-client\2.12.3\async-http-client-2.12.3.jar;C:\Users\pteodor\.m2\repository\org\asynchttpclient\async-http-client-netty-utils\2.12.3\async-http-client-netty-utils-2.12.3.jar;C:\Users\pteodor\.m2\repository\io\netty\netty-codec-socks\4.1.60.Final\netty-codec-socks-4.1.60.Final.jar;C:\Users\pteodor\.m2\repository\io\netty\netty-handler-proxy\4.1.60.Final\netty-handler-proxy-4.1.60.Final.jar;C:\Users\pteodor\.m2\repository\io\netty\netty-transport-native-epoll\4.1.60.Final\netty-transport-native-epoll-4.1.60.Final-linux-x86_64.jar;C:\Users\pteodor\.m2\repository\io\netty\netty-transport-native-kqueue\4.1.60.Final\netty-transport-native-kqueue-4.1.60.Final-osx-x86_64.jar;C:\Users\pteodor\.m2\repository\org\reactivestreams\reactive-streams\1.0.3\reactive-streams-1.0.3.jar;C:\Users\pteodor\.m2\repository\com\typesafe\netty\netty-reactive-streams\2.0.4\netty-reactive-streams-2.0.4.jar;C:\Users\pteodor\.m2\repository\org\seleniumhq\selenium\selenium-safari-driver\4.11.0\selenium-safari-driver-4.11.0.jar;C:\Users\pteodor\.m2\repository\org\seleniumhq\selenium\selenium-support\4.11.0\selenium-support-4.11.0.jar;C:\Users\pteodor\.m2\repository\org\junit\jupiter\junit-jupiter-api\5.9.1\junit-jupiter-api-5.9.1.jar;C:\Users\pteodor\.m2\repository\org\opentest4j\opentest4j\1.2.0\opentest4j-1.2.0.jar;C:\Users\pteodor\.m2\repository\org\junit\platform\junit-platform-commons\1.9.1\junit-platform-commons-1.9.1.jar;C:\Users\pteodor\.m2\repository\org\apiguardian\apiguardian-api\1.1.2\apiguardian-api-1.1.2.jar;"/>
    <property name="sun.cpu.endian" value="little"/>
    <property name="user.home" value="C:\Users\pteodor"/>
    <property name="user.language" value="en"/>
    <property name="java.specification.vendor" value="Oracle Corporation"/>
    <property name="java.home" value="C:\Program Files\Java\jdk1.8.0_202\jre"/>
    <property name="basedir" value="c:\tmp\pb\parabank"/>
    <property name="file.separator" value="\"/>
    <property name="line.separator" value="&#10;"/>
    <property name="java.vm.specification.vendor" value="Oracle Corporation"/>
    <property name="java.specification.name" value="Java Platform API Specification"/>
    <property name="java.awt.graphicsenv" value="sun.awt.Win32GraphicsEnvironment"/>
    <property name="surefire.real.class.path" value="C:\Users\pteodor\AppData\Local\Temp\surefire2287342270874541107\surefirebooter-20231018163908926_3.jar"/>
    <property name="sun.boot.class.path" value="C:\Program Files\Java\jdk1.8.0_202\jre\lib\resources.jar;C:\Program Files\Java\jdk1.8.0_202\jre\lib\rt.jar;C:\Program Files\Java\jdk1.8.0_202\jre\lib\sunrsasign.jar;C:\Program Files\Java\jdk1.8.0_202\jre\lib\jsse.jar;C:\Program Files\Java\jdk1.8.0_202\jre\lib\jce.jar;C:\Program Files\Java\jdk1.8.0_202\jre\lib\charsets.jar;C:\Program Files\Java\jdk1.8.0_202\jre\lib\jfr.jar;C:\Program Files\Java\jdk1.8.0_202\jre\classes"/>
    <property name="user.script" value=""/>
    <property name="sun.management.compiler" value="HotSpot 64-Bit Tiered Compilers"/>
    <property name="java.runtime.version" value="1.8.0_202-b08"/>
    <property name="user.name" value="pteodor"/>
    <property name="path.separator" value=";"/>
    <property name="otel.metrics.exporter" value="none"/>
    <property name="os.version" value="10.0"/>
    <property name="java.endorsed.dirs" value="C:\Program Files\Java\jdk1.8.0_202\jre\lib\endorsed"/>
    <property name="java.runtime.name" value="Java(TM) SE Runtime Environment"/>
    <property name="otel.traces.exporter" value="none"/>
    <property name="file.encoding" value="Cp1252"/>
    <property name="java.vm.name" value="Java HotSpot(TM) 64-Bit Server VM"/>
    <property name="localRepository" value="C:\Users\pteodor\.m2\repository"/>
    <property name="java.vendor.url.bug" value="http://bugreport.sun.com/bugreport/"/>
    <property name="java.io.tmpdir" value="C:\Users\pteodor\AppData\Local\Temp\"/>
    <property name="java.version" value="1.8.0_202"/>
    <property name="user.dir" value="c:\tmp\pb\parabank"/>
    <property name="os.arch" value="amd64"/>
    <property name="java.vm.specification.name" value="Java Virtual Machine Specification"/>
    <property name="java.awt.printerjob" value="sun.awt.windows.WPrinterJob"/>
    <property name="sun.os.patch.level" value=""/>
    <property name="java.library.path" value="C:\Program Files\Java\jdk1.8.0_202\jre\bin;C:\Windows\Sun\Java\bin;C:\Windows\system32;C:\Windows;C:\Program Files\Common Files\Oracle\Java\javapath;C:\Windows\system32;C:\Windows;C:\Windows\System32\Wbem;C:\Windows\System32\WindowsPowerShell\v1.0\;C:\Windows\System32\OpenSSH\;C:\Program Files\dotnet\;C:\Program Files\Docker\Docker\resources\bin;C:\cygwin64\bin;C:\Program Files\mysql\8.0.33\bin;C:\Program Files\Microsoft SQL Server\130\Tools\Binn\;C:\Program Files\Microsoft SQL Server\Client SDK\ODBC\170\Tools\Binn\;C:\Program Files\Maven\3.9.3\bin;C:\Program Files\Parasoft\jtest\2023.1;%DOTTEST%;C:\Program Files\Git\cmd;C:\Program Files\Parasoft\SOAtest &amp; Virtualize\2023.1;C:\Program Files\Java\jdk1.8.0_202\bin;C:\Program Files\Kubernetes\Minikube;C:\Users\pteodor\AppData\Local\Microsoft\WindowsApps;C:\Users\pteodor\AppData\Local\JetBrains\Toolbox\scripts;."/>
    <property name="java.vm.info" value="mixed mode"/>
    <property name="java.vendor" value="Oracle Corporation"/>
    <property name="java.vm.version" value="25.202-b08"/>
    <property name="java.ext.dirs" value="C:\Program Files\Java\jdk1.8.0_202\jre\lib\ext;C:\Windows\Sun\Java\lib\ext"/>
    <property name="sun.io.unicode.encoding" value="UnicodeLittle"/>
    <property name="java.class.version" value="52.0"/>
  </properties>
  <testcase name="testTransfer" classname="com.parasoft.parabank.TransferTest" time="4.061">
    <error message="Could not start a new session. Possible causes are invalid address of the remote server or browser start-up failure. &#10;Host info: host: &apos;ALCHEMIST&apos;, ip: &apos;192.168.0.206&apos;&#10;Build info: version: &apos;4.11.0&apos;, revision: &apos;040bc5406b&apos;&#10;System info: os.name: &apos;Windows 10&apos;, os.arch: &apos;amd64&apos;, os.version: &apos;10.0&apos;, java.version: &apos;1.8.0_202&apos;&#10;Driver info: org.openqa.selenium.remote.RemoteWebDriver&#10;Command: [null, newSession {capabilities=[Capabilities {browserName: chrome, goog:chromeOptions: {args: [--remote-allow-origins=*, --start-maximized, --incognito, --enable-strict-powerful-fe..., --ignore-ssl-errors=yes, --ignore-certificate-errors], extensions: [], prefs: {profile.default_content_setting_values.notifications: 2, profile.managed_default_content_settings.geolocation: 2}}}]}]&#10;Capabilities {browserName: chrome, goog:chromeOptions: {args: [--remote-allow-origins=*, --start-maximized, --incognito, --enable-strict-powerful-fe..., --ignore-ssl-errors=yes, --ignore-certificate-errors], extensions: [], prefs: {profile.default_content_setting_values.notifications: 2, profile.managed_default_content_settings.geolocation: 2}}}" type="org.openqa.selenium.SessionNotCreatedException"><![CDATA[org.openqa.selenium.SessionNotCreatedException: 
Could not start a new session. Possible causes are invalid address of the remote server or browser start-up failure. 
Host info: host: 'ALCHEMIST', ip: '192.168.0.206'
Build info: version: '4.11.0', revision: '040bc5406b'
System info: os.name: 'Windows 10', os.arch: 'amd64', os.version: '10.0', java.version: '1.8.0_202'
Driver info: org.openqa.selenium.remote.RemoteWebDriver
Command: [null, newSession {capabilities=[Capabilities {browserName: chrome, goog:chromeOptions: {args: [--remote-allow-origins=*, --start-maximized, --incognito, --enable-strict-powerful-fe..., --ignore-ssl-errors=yes, --ignore-certificate-errors], extensions: [], prefs: {profile.default_content_setting_values.notifications: 2, profile.managed_default_content_settings.geolocation: 2}}}]}]
Capabilities {browserName: chrome, goog:chromeOptions: {args: [--remote-allow-origins=*, --start-maximized, --incognito, --enable-strict-powerful-fe..., --ignore-ssl-errors=yes, --ignore-certificate-errors], extensions: [], prefs: {profile.default_content_setting_values.notifications: 2, profile.managed_default_content_settings.geolocation: 2}}}
	at org.openqa.selenium.remote.RemoteWebDriver.execute(RemoteWebDriver.java:536)
	at org.openqa.selenium.remote.RemoteWebDriver.startSession(RemoteWebDriver.java:232)
	at org.openqa.selenium.remote.RemoteWebDriver.<init>(RemoteWebDriver.java:159)
	at org.openqa.selenium.remote.RemoteWebDriver.<init>(RemoteWebDriver.java:139)
	at com.parasoft.parabank.TransferTest.beforeTest(TransferTest.java:49)
	at sun.reflect.NativeMethodAccessorImpl.invoke0(Native Method)
	at sun.reflect.NativeMethodAccessorImpl.invoke(NativeMethodAccessorImpl.java:62)
	at sun.reflect.DelegatingMethodAccessorImpl.invoke(DelegatingMethodAccessorImpl.java:43)
	at java.lang.reflect.Method.invoke(Method.java:498)
	at org.junit.platform.commons.util.ReflectionUtils.invokeMethod(ReflectionUtils.java:727)
	at org.junit.jupiter.engine.execution.MethodInvocation.proceed(MethodInvocation.java:60)
	at org.junit.jupiter.engine.execution.InvocationInterceptorChain$ValidatingInvocation.proceed(InvocationInterceptorChain.java:131)
	at org.junit.jupiter.engine.extension.TimeoutExtension.intercept(TimeoutExtension.java:156)
	at org.junit.jupiter.engine.extension.TimeoutExtension.interceptLifecycleMethod(TimeoutExtension.java:128)
	at org.junit.jupiter.engine.extension.TimeoutExtension.interceptBeforeEachMethod(TimeoutExtension.java:78)
	at org.junit.jupiter.engine.execution.InterceptingExecutableInvoker$ReflectiveInterceptorCall.lambda$ofVoidMethod$0(InterceptingExecutableInvoker.java:103)
	at org.junit.jupiter.engine.execution.InterceptingExecutableInvoker.lambda$invoke$0(InterceptingExecutableInvoker.java:93)
	at org.junit.jupiter.engine.execution.InvocationInterceptorChain$InterceptedInvocation.proceed(InvocationInterceptorChain.java:106)
	at org.junit.jupiter.engine.execution.InvocationInterceptorChain.proceed(InvocationInterceptorChain.java:64)
	at org.junit.jupiter.engine.execution.InvocationInterceptorChain.chainAndInvoke(InvocationInterceptorChain.java:45)
	at org.junit.jupiter.engine.execution.InvocationInterceptorChain.invoke(InvocationInterceptorChain.java:37)
	at org.junit.jupiter.engine.execution.InterceptingExecutableInvoker.invoke(InterceptingExecutableInvoker.java:92)
	at org.junit.jupiter.engine.execution.InterceptingExecutableInvoker.invoke(InterceptingExecutableInvoker.java:86)
	at org.junit.jupiter.engine.descriptor.ClassBasedTestDescriptor.invokeMethodInExtensionContext(ClassBasedTestDescriptor.java:520)
	at org.junit.jupiter.engine.descriptor.ClassBasedTestDescriptor.lambda$synthesizeBeforeEachMethodAdapter$23(ClassBasedTestDescriptor.java:505)
	at org.junit.jupiter.engine.descriptor.TestMethodTestDescriptor.lambda$invokeBeforeEachMethods$3(TestMethodTestDescriptor.java:174)
	at org.junit.jupiter.engine.descriptor.TestMethodTestDescriptor.lambda$invokeBeforeMethodsOrCallbacksUntilExceptionOccurs$6(TestMethodTestDescriptor.java:202)
	at org.junit.platform.engine.support.hierarchical.ThrowableCollector.execute(ThrowableCollector.java:73)
	at org.junit.jupiter.engine.descriptor.TestMethodTestDescriptor.invokeBeforeMethodsOrCallbacksUntilExceptionOccurs(TestMethodTestDescriptor.java:202)
	at org.junit.jupiter.engine.descriptor.TestMethodTestDescriptor.invokeBeforeEachMethods(TestMethodTestDescriptor.java:171)
	at org.junit.jupiter.engine.descriptor.TestMethodTestDescriptor.execute(TestMethodTestDescriptor.java:134)
	at org.junit.jupiter.engine.descriptor.TestMethodTestDescriptor.execute(TestMethodTestDescriptor.java:68)
	at org.junit.platform.engine.support.hierarchical.NodeTestTask.lambda$executeRecursively$6(NodeTestTask.java:151)
	at org.junit.platform.engine.support.hierarchical.ThrowableCollector.execute(ThrowableCollector.java:73)
	at org.junit.platform.engine.support.hierarchical.NodeTestTask.lambda$executeRecursively$8(NodeTestTask.java:141)
	at org.junit.platform.engine.support.hierarchical.Node.around(Node.java:137)
	at org.junit.platform.engine.support.hierarchical.NodeTestTask.lambda$executeRecursively$9(NodeTestTask.java:139)
	at org.junit.platform.engine.support.hierarchical.ThrowableCollector.execute(ThrowableCollector.java:73)
	at org.junit.platform.engine.support.hierarchical.NodeTestTask.executeRecursively(NodeTestTask.java:138)
	at org.junit.platform.engine.support.hierarchical.NodeTestTask.execute(NodeTestTask.java:95)
	at java.util.ArrayList.forEach(ArrayList.java:1257)
	at org.junit.platform.engine.support.hierarchical.SameThreadHierarchicalTestExecutorService.invokeAll(SameThreadHierarchicalTestExecutorService.java:41)
	at org.junit.platform.engine.support.hierarchical.NodeTestTask.lambda$executeRecursively$6(NodeTestTask.java:155)
	at org.junit.platform.engine.support.hierarchical.ThrowableCollector.execute(ThrowableCollector.java:73)
	at org.junit.platform.engine.support.hierarchical.NodeTestTask.lambda$executeRecursively$8(NodeTestTask.java:141)
	at org.junit.platform.engine.support.hierarchical.Node.around(Node.java:137)
	at org.junit.platform.engine.support.hierarchical.NodeTestTask.lambda$executeRecursively$9(NodeTestTask.java:139)
	at org.junit.platform.engine.support.hierarchical.ThrowableCollector.execute(ThrowableCollector.java:73)
	at org.junit.platform.engine.support.hierarchical.NodeTestTask.executeRecursively(NodeTestTask.java:138)
	at org.junit.platform.engine.support.hierarchical.NodeTestTask.execute(NodeTestTask.java:95)
	at java.util.ArrayList.forEach(ArrayList.java:1257)
	at org.junit.platform.engine.support.hierarchical.SameThreadHierarchicalTestExecutorService.invokeAll(SameThreadHierarchicalTestExecutorService.java:41)
	at org.junit.platform.engine.support.hierarchical.NodeTestTask.lambda$executeRecursively$6(NodeTestTask.java:155)
	at org.junit.platform.engine.support.hierarchical.ThrowableCollector.execute(ThrowableCollector.java:73)
	at org.junit.platform.engine.support.hierarchical.NodeTestTask.lambda$executeRecursively$8(NodeTestTask.java:141)
	at org.junit.platform.engine.support.hierarchical.Node.around(Node.java:137)
	at org.junit.platform.engine.support.hierarchical.NodeTestTask.lambda$executeRecursively$9(NodeTestTask.java:139)
	at org.junit.platform.engine.support.hierarchical.ThrowableCollector.execute(ThrowableCollector.java:73)
	at org.junit.platform.engine.support.hierarchical.NodeTestTask.executeRecursively(NodeTestTask.java:138)
	at org.junit.platform.engine.support.hierarchical.NodeTestTask.execute(NodeTestTask.java:95)
	at org.junit.platform.engine.support.hierarchical.SameThreadHierarchicalTestExecutorService.submit(SameThreadHierarchicalTestExecutorService.java:35)
	at org.junit.platform.engine.support.hierarchical.HierarchicalTestExecutor.execute(HierarchicalTestExecutor.java:57)
	at org.junit.platform.engine.support.hierarchical.HierarchicalTestEngine.execute(HierarchicalTestEngine.java:54)
	at org.junit.platform.launcher.core.EngineExecutionOrchestrator.execute(EngineExecutionOrchestrator.java:147)
	at org.junit.platform.launcher.core.EngineExecutionOrchestrator.execute(EngineExecutionOrchestrator.java:127)
	at org.junit.platform.launcher.core.EngineExecutionOrchestrator.execute(EngineExecutionOrchestrator.java:90)
	at org.junit.platform.launcher.core.EngineExecutionOrchestrator.lambda$execute$0(EngineExecutionOrchestrator.java:55)
	at org.junit.platform.launcher.core.EngineExecutionOrchestrator.withInterceptedStreams(EngineExecutionOrchestrator.java:102)
	at org.junit.platform.launcher.core.EngineExecutionOrchestrator.execute(EngineExecutionOrchestrator.java:54)
	at org.junit.platform.launcher.core.DefaultLauncher.execute(DefaultLauncher.java:114)
	at org.junit.platform.launcher.core.DefaultLauncher.execute(DefaultLauncher.java:86)
	at org.junit.platform.launcher.core.DefaultLauncherSession$DelegatingLauncher.execute(DefaultLauncherSession.java:86)
	at org.apache.maven.surefire.junitplatform.LazyLauncher.execute(LazyLauncher.java:50)
	at org.apache.maven.surefire.junitplatform.JUnitPlatformProvider.execute(JUnitPlatformProvider.java:184)
	at org.apache.maven.surefire.junitplatform.JUnitPlatformProvider.invokeAllTests(JUnitPlatformProvider.java:148)
	at org.apache.maven.surefire.junitplatform.JUnitPlatformProvider.invoke(JUnitPlatformProvider.java:122)
	at org.apache.maven.surefire.booter.ForkedBooter.runSuitesInProcess(ForkedBooter.java:385)
	at org.apache.maven.surefire.booter.ForkedBooter.execute(ForkedBooter.java:162)
	at org.apache.maven.surefire.booter.ForkedBooter.run(ForkedBooter.java:507)
	at org.apache.maven.surefire.booter.ForkedBooter.main(ForkedBooter.java:495)
Caused by: java.io.UncheckedIOException: java.net.ConnectException: Connection refused: no further information: localhost/0:0:0:0:0:0:0:1:4444
	at org.openqa.selenium.remote.http.netty.NettyHttpHandler.makeCall(NettyHttpHandler.java:73)
	at org.openqa.selenium.remote.http.AddSeleniumUserAgent.lambda$apply$0(AddSeleniumUserAgent.java:42)
	at org.openqa.selenium.remote.http.Filter.lambda$andFinally$1(Filter.java:55)
	at org.openqa.selenium.remote.http.netty.NettyHttpHandler.execute(NettyHttpHandler.java:48)
	at org.openqa.selenium.remote.http.netty.NettyClient.execute(NettyClient.java:96)
	at org.openqa.selenium.remote.tracing.TracedHttpClient.execute(TracedHttpClient.java:54)
	at org.openqa.selenium.remote.ProtocolHandshake.createSession(ProtocolHandshake.java:115)
	at org.openqa.selenium.remote.ProtocolHandshake.createSession(ProtocolHandshake.java:96)
	at org.openqa.selenium.remote.ProtocolHandshake.createSession(ProtocolHandshake.java:68)
	at org.openqa.selenium.remote.HttpCommandExecutor.execute(HttpCommandExecutor.java:163)
	at org.openqa.selenium.remote.TracedCommandExecutor.execute(TracedCommandExecutor.java:51)
	at org.openqa.selenium.remote.RemoteWebDriver.execute(RemoteWebDriver.java:518)
	... 79 more
Caused by: java.net.ConnectException: Connection refused: no further information: localhost/0:0:0:0:0:0:0:1:4444
	at org.asynchttpclient.netty.channel.NettyConnectListener.onFailure(NettyConnectListener.java:179)
	at org.asynchttpclient.netty.channel.NettyChannelConnector$1.onFailure(NettyChannelConnector.java:108)
	at org.asynchttpclient.netty.SimpleChannelFutureListener.operationComplete(SimpleChannelFutureListener.java:28)
	at org.asynchttpclient.netty.SimpleChannelFutureListener.operationComplete(SimpleChannelFutureListener.java:20)
	at io.netty.util.concurrent.DefaultPromise.notifyListener0(DefaultPromise.java:590)
	at io.netty.util.concurrent.DefaultPromise.notifyListeners0(DefaultPromise.java:583)
	at io.netty.util.concurrent.DefaultPromise.notifyListenersNow(DefaultPromise.java:559)
	at io.netty.util.concurrent.DefaultPromise.notifyListeners(DefaultPromise.java:492)
	at io.netty.util.concurrent.DefaultPromise.setValue0(DefaultPromise.java:636)
	at io.netty.util.concurrent.DefaultPromise.setFailure0(DefaultPromise.java:629)
	at io.netty.util.concurrent.DefaultPromise.tryFailure(DefaultPromise.java:118)
	at io.netty.channel.nio.AbstractNioChannel$AbstractNioUnsafe.fulfillConnectPromise(AbstractNioChannel.java:321)
	at io.netty.channel.nio.AbstractNioChannel$AbstractNioUnsafe.finishConnect(AbstractNioChannel.java:337)
	at io.netty.channel.nio.NioEventLoop.processSelectedKey(NioEventLoop.java:776)
	at io.netty.channel.nio.NioEventLoop.processSelectedKeysOptimized(NioEventLoop.java:724)
	at io.netty.channel.nio.NioEventLoop.processSelectedKeys(NioEventLoop.java:650)
	at io.netty.channel.nio.NioEventLoop.run(NioEventLoop.java:562)
	at io.netty.util.concurrent.SingleThreadEventExecutor$4.run(SingleThreadEventExecutor.java:997)
	at io.netty.util.internal.ThreadExecutorMap$2.run(ThreadExecutorMap.java:74)
	at io.netty.util.concurrent.FastThreadLocalRunnable.run(FastThreadLocalRunnable.java:30)
	at java.lang.Thread.run(Thread.java:748)
Caused by: io.netty.channel.AbstractChannel$AnnotatedConnectException: Connection refused: no further information: localhost/0:0:0:0:0:0:0:1:4444
Caused by: java.net.ConnectException: Connection refused: no further information
	at sun.nio.ch.SocketChannelImpl.checkConnect(Native Method)
	at sun.nio.ch.SocketChannelImpl.finishConnect(SocketChannelImpl.java:717)
	at io.netty.channel.socket.nio.NioSocketChannel.doFinishConnect(NioSocketChannel.java:337)
	at io.netty.channel.nio.AbstractNioChannel$AbstractNioUnsafe.finishConnect(AbstractNioChannel.java:334)
	at io.netty.channel.nio.NioEventLoop.processSelectedKey(NioEventLoop.java:776)
	at io.netty.channel.nio.NioEventLoop.processSelectedKeysOptimized(NioEventLoop.java:724)
	at io.netty.channel.nio.NioEventLoop.processSelectedKeys(NioEventLoop.java:650)
	at io.netty.channel.nio.NioEventLoop.run(NioEventLoop.java:562)
	at io.netty.util.concurrent.SingleThreadEventExecutor$4.run(SingleThreadEventExecutor.java:997)
	at io.netty.util.internal.ThreadExecutorMap$2.run(ThreadExecutorMap.java:74)
	at io.netty.util.concurrent.FastThreadLocalRunnable.run(FastThreadLocalRunnable.java:30)
	at java.lang.Thread.run(Thread.java:748)
]]></error>
  </testcase>
</testsuite>