<?xml version="1.0" encoding="UTF-8"?>
<testsuite xmlns:xsi="http://www.w3.org/2001/XMLSchema-instance" xsi:noNamespaceSchemaLocation="https://maven.apache.org/surefire/maven-surefire-plugin/xsd/surefire-test-report-3.0.xsd" version="3.0" name="com.parasoft.parabank.service.ParaBankServiceImplTest" time="2.017" tests="14" errors="0" skipped="0" failures="0">
  <properties>
    <property name="sun.desktop" value="windows"/>
    <property name="awt.toolkit" value="sun.awt.windows.WToolkit"/>
    <property name="java.specification.version" value="11"/>
    <property name="sun.cpu.isalist" value="amd64"/>
    <property name="sun.jnu.encoding" value="Cp1252"/>
    <property name="java.class.path" value="F:\parabank\target\test-classes;F:\parabank\target\classes;C:\Users\pteodor\.m2\repository\org\springframework\spring-web\5.3.24\spring-web-5.3.24.jar;C:\Users\pteodor\.m2\repository\org\springframework\spring-beans\5.3.24\spring-beans-5.3.24.jar;C:\Users\pteodor\.m2\repository\org\springframework\spring-core\5.3.24\spring-core-5.3.24.jar;C:\Users\pteodor\.m2\repository\org\springframework\spring-jcl\5.3.24\spring-jcl-5.3.24.jar;C:\Users\pteodor\.m2\repository\org\springframework\spring-webmvc\5.3.24\spring-webmvc-5.3.24.jar;C:\Users\pteodor\.m2\repository\org\springframework\spring-aop\5.3.24\spring-aop-5.3.24.jar;C:\Users\pteodor\.m2\repository\org\springframework\spring-context\5.3.24\spring-context-5.3.24.jar;C:\Users\pteodor\.m2\repository\org\springframework\spring-expression\5.3.24\spring-expression-5.3.24.jar;C:\Users\pteodor\.m2\repository\org\springframework\spring-jdbc\5.3.24\spring-jdbc-5.3.24.jar;C:\Users\pteodor\.m2\repository\org\springframework\spring-test\5.3.24\spring-test-5.3.24.jar;C:\Users\pteodor\.m2\repository\org\springframework\spring-tx\5.3.24\spring-tx-5.3.24.jar;C:\Users\pteodor\.m2\repository\org\springframework\spring-jms\5.3.24\spring-jms-5.3.24.jar;C:\Users\pteodor\.m2\repository\org\springframework\spring-messaging\5.3.24\spring-messaging-5.3.24.jar;C:\Users\pteodor\.m2\repository\org\springframework\spring-oxm\5.3.24\spring-oxm-5.3.24.jar;C:\Users\pteodor\.m2\repository\org\springframework\spring-orm\5.3.24\spring-orm-5.3.24.jar;C:\Users\pteodor\.m2\repository\jakarta\activation\jakarta.activation-api\1.2.2\jakarta.activation-api-1.2.2.jar;C:\Users\pteodor\.m2\repository\com\sun\activation\jakarta.activation\1.2.2\jakarta.activation-1.2.2.jar;C:\Users\pteodor\.m2\repository\jakarta\annotation\jakarta.annotation-api\1.3.5\jakarta.annotation-api-1.3.5.jar;C:\Users\pteodor\.m2\repository\jakarta\jws\jakarta.jws-api\2.1.0\jakarta.jws-api-2.1.0.jar;C:\Users\pteodor\.m2\repository\jakarta\ws\rs\jakarta.ws.rs-api\2.1.6\jakarta.ws.rs-api-2.1.6.jar;C:\Users\pteodor\.m2\repository\jakarta\xml\soap\jakarta.xml.soap-api\1.4.2\jakarta.xml.soap-api-1.4.2.jar;C:\Users\pteodor\.m2\repository\jakarta\xml\ws\jakarta.xml.ws-api\2.3.3\jakarta.xml.ws-api-2.3.3.jar;C:\Users\pteodor\.m2\repository\jakarta\xml\bind\jakarta.xml.bind-api\2.3.3\jakarta.xml.bind-api-2.3.3.jar;C:\Users\pteodor\.m2\repository\org\glassfish\jaxb\jaxb-runtime\2.3.7\jaxb-runtime-2.3.7.jar;C:\Users\pteodor\.m2\repository\org\glassfish\jaxb\txw2\2.3.7\txw2-2.3.7.jar;C:\Users\pteodor\.m2\repository\com\sun\istack\istack-commons-runtime\3.0.12\istack-commons-runtime-3.0.12.jar;C:\Users\pteodor\.m2\repository\joda-time\joda-time\2.12.2\joda-time-2.12.2.jar;C:\Users\pteodor\.m2\repository\org\hsqldb\hsqldb\2.7.1\hsqldb-2.7.1-jdk8.jar;C:\Users\pteodor\.m2\repository\org\apache\commons\commons-dbcp2\2.9.0\commons-dbcp2-2.9.0.jar;C:\Users\pteodor\.m2\repository\org\apache\commons\commons-pool2\2.10.0\commons-pool2-2.10.0.jar;C:\Users\pteodor\.m2\repository\commons-logging\commons-logging\1.2\commons-logging-1.2.jar;C:\Users\pteodor\.m2\repository\commons-io\commons-io\2.11.0\commons-io-2.11.0.jar;C:\Users\pteodor\.m2\repository\commons-codec\commons-codec\1.15\commons-codec-1.15.jar;C:\Users\pteodor\.m2\repository\org\slf4j\slf4j-api\1.7.36\slf4j-api-1.7.36.jar;C:\Users\pteodor\.m2\repository\org\apache\logging\log4j\log4j-slf4j-impl\2.19.0\log4j-slf4j-impl-2.19.0.jar;C:\Users\pteodor\.m2\repository\org\apache\logging\log4j\log4j-api\2.19.0\log4j-api-2.19.0.jar;C:\Users\pteodor\.m2\repository\org\apache\logging\log4j\log4j-core\2.19.0\log4j-core-2.19.0.jar;C:\Users\pteodor\.m2\repository\org\apache\logging\log4j\log4j-jcl\2.19.0\log4j-jcl-2.19.0.jar;C:\Users\pteodor\.m2\repository\org\bouncycastle\bcprov-jdk15on\1.70\bcprov-jdk15on-1.70.jar;C:\Users\pteodor\.m2\repository\io\swagger\swagger-jersey2-jaxrs\1.6.9\swagger-jersey2-jaxrs-1.6.9.jar;C:\Users\pteodor\.m2\repository\io\swagger\swagger-jaxrs\1.6.9\swagger-jaxrs-1.6.9.jar;C:\Users\pteodor\.m2\repository\io\swagger\swagger-core\1.6.9\swagger-core-1.6.9.jar;C:\Users\pteodor\.m2\repository\io\swagger\swagger-models\1.6.9\swagger-models-1.6.9.jar;C:\Users\pteodor\.m2\repository\io\swagger\swagger-annotations\1.6.9\swagger-annotations-1.6.9.jar;C:\Users\pteodor\.m2\repository\javax\validation\validation-api\1.1.0.Final\validation-api-1.1.0.Final.jar;C:\Users\pteodor\.m2\repository\org\reflections\reflections\0.10.2\reflections-0.10.2.jar;C:\Users\pteodor\.m2\repository\org\javassist\javassist\3.29.2-GA\javassist-3.29.2-GA.jar;C:\Users\pteodor\.m2\repository\com\google\code\findbugs\jsr305\3.0.2\jsr305-3.0.2.jar;C:\Users\pteodor\.m2\repository\org\yaml\snakeyaml\1.33\snakeyaml-1.33.jar;C:\Users\pteodor\.m2\repository\org\glassfish\jersey\containers\jersey-container-servlet-core\2.38\jersey-container-servlet-core-2.38.jar;C:\Users\pteodor\.m2\repository\org\glassfish\hk2\external\jakarta.inject\2.6.1\jakarta.inject-2.6.1.jar;C:\Users\pteodor\.m2\repository\org\glassfish\jersey\core\jersey-common\2.38\jersey-common-2.38.jar;C:\Users\pteodor\.m2\repository\org\glassfish\hk2\osgi-resource-locator\1.0.3\osgi-resource-locator-1.0.3.jar;C:\Users\pteodor\.m2\repository\org\glassfish\jersey\core\jersey-server\2.38\jersey-server-2.38.jar;C:\Users\pteodor\.m2\repository\org\glassfish\jersey\core\jersey-client\2.38\jersey-client-2.38.jar;C:\Users\pteodor\.m2\repository\jakarta\validation\jakarta.validation-api\2.0.2\jakarta.validation-api-2.0.2.jar;C:\Users\pteodor\.m2\repository\org\glassfish\jersey\media\jersey-media-multipart\2.38\jersey-media-multipart-2.38.jar;C:\Users\pteodor\.m2\repository\org\jvnet\mimepull\mimepull\1.9.15\mimepull-1.9.15.jar;C:\Users\pteodor\.m2\repository\com\8x8\cloud\swagger2raml\1.0.0\swagger2raml-1.0.0.jar;C:\Users\pteodor\.m2\repository\commons-cli\commons-cli\1.2\commons-cli-1.2.jar;C:\Users\pteodor\.m2\repository\org\codehaus\groovy\groovy-all\2.4.21\groovy-all-2.4.21.jar;C:\Users\pteodor\.m2\repository\com\sun\xml\messaging\saaj\saaj-impl\1.5.3\saaj-impl-1.5.3.jar;C:\Users\pteodor\.m2\repository\org\jvnet\staxex\stax-ex\1.8.3\stax-ex-1.8.3.jar;C:\Users\pteodor\.m2\repository\org\apache\cxf\cxf-core\3.5.5\cxf-core-3.5.5.jar;C:\Users\pteodor\.m2\repository\org\apache\ws\xmlschema\xmlschema-core\2.3.0\xmlschema-core-2.3.0.jar;C:\Users\pteodor\.m2\repository\org\apache\geronimo\specs\geronimo-jta_1.1_spec\1.1.1\geronimo-jta_1.1_spec-1.1.1.jar;C:\Users\pteodor\.m2\repository\org\apache\cxf\cxf-rt-wsdl\3.5.5\cxf-rt-wsdl-3.5.5.jar;C:\Users\pteodor\.m2\repository\wsdl4j\wsdl4j\1.6.3\wsdl4j-1.6.3.jar;C:\Users\pteodor\.m2\repository\org\ow2\asm\asm\9.4\asm-9.4.jar;C:\Users\pteodor\.m2\repository\org\apache\cxf\cxf-rt-frontend-jaxrs\3.5.5\cxf-rt-frontend-jaxrs-3.5.5.jar;C:\Users\pteodor\.m2\repository\org\apache\cxf\cxf-rt-transports-http\3.5.5\cxf-rt-transports-http-3.5.5.jar;C:\Users\pteodor\.m2\repository\org\apache\cxf\cxf-rt-security\3.5.5\cxf-rt-security-3.5.5.jar;C:\Users\pteodor\.m2\repository\org\apache\cxf\cxf-rt-frontend-jaxws\3.5.5\cxf-rt-frontend-jaxws-3.5.5.jar;C:\Users\pteodor\.m2\repository\xml-resolver\xml-resolver\1.2\xml-resolver-1.2.jar;C:\Users\pteodor\.m2\repository\org\apache\cxf\cxf-rt-bindings-soap\3.5.5\cxf-rt-bindings-soap-3.5.5.jar;C:\Users\pteodor\.m2\repository\org\apache\cxf\cxf-rt-databinding-jaxb\3.5.5\cxf-rt-databinding-jaxb-3.5.5.jar;C:\Users\pteodor\.m2\repository\org\apache\cxf\cxf-rt-bindings-xml\3.5.5\cxf-rt-bindings-xml-3.5.5.jar;C:\Users\pteodor\.m2\repository\org\apache\cxf\cxf-rt-frontend-simple\3.5.5\cxf-rt-frontend-simple-3.5.5.jar;C:\Users\pteodor\.m2\repository\org\apache\cxf\cxf-rt-ws-addr\3.5.5\cxf-rt-ws-addr-3.5.5.jar;C:\Users\pteodor\.m2\repository\org\apache\cxf\cxf-rt-ws-policy\3.5.5\cxf-rt-ws-policy-3.5.5.jar;C:\Users\pteodor\.m2\repository\org\apache\cxf\cxf-rt-ws-security\3.5.5\cxf-rt-ws-security-3.5.5.jar;C:\Users\pteodor\.m2\repository\org\apache\cxf\cxf-rt-security-saml\3.5.5\cxf-rt-security-saml-3.5.5.jar;C:\Users\pteodor\.m2\repository\org\ehcache\ehcache\3.9.3\ehcache-3.9.3.jar;C:\Users\pteodor\.m2\repository\org\apache\wss4j\wss4j-ws-security-dom\2.4.1\wss4j-ws-security-dom-2.4.1.jar;C:\Users\pteodor\.m2\repository\org\apache\wss4j\wss4j-ws-security-common\2.4.1\wss4j-ws-security-common-2.4.1.jar;C:\Users\pteodor\.m2\repository\org\apache\santuario\xmlsec\2.3.0\xmlsec-2.3.0.jar;C:\Users\pteodor\.m2\repository\org\opensaml\opensaml-saml-impl\3.4.6\opensaml-saml-impl-3.4.6.jar;C:\Users\pteodor\.m2\repository\org\opensaml\opensaml-profile-api\3.4.6\opensaml-profile-api-3.4.6.jar;C:\Users\pteodor\.m2\repository\org\opensaml\opensaml-core\3.4.6\opensaml-core-3.4.6.jar;C:\Users\pteodor\.m2\repository\io\dropwizard\metrics\metrics-core\3.1.5\metrics-core-3.1.5.jar;C:\Users\pteodor\.m2\repository\org\opensaml\opensaml-saml-api\3.4.6\opensaml-saml-api-3.4.6.jar;C:\Users\pteodor\.m2\repository\org\opensaml\opensaml-xmlsec-api\3.4.6\opensaml-xmlsec-api-3.4.6.jar;C:\Users\pteodor\.m2\repository\org\opensaml\opensaml-soap-api\3.4.6\opensaml-soap-api-3.4.6.jar;C:\Users\pteodor\.m2\repository\org\opensaml\opensaml-security-impl\3.4.6\opensaml-security-impl-3.4.6.jar;C:\Users\pteodor\.m2\repository\org\opensaml\opensaml-security-api\3.4.6\opensaml-security-api-3.4.6.jar;C:\Users\pteodor\.m2\repository\org\opensaml\opensaml-xmlsec-impl\3.4.6\opensaml-xmlsec-impl-3.4.6.jar;C:\Users\pteodor\.m2\repository\net\shibboleth\utilities\java-support\7.5.2\java-support-7.5.2.jar;C:\Users\pteodor\.m2\repository\org\cryptacular\cryptacular\1.2.4\cryptacular-1.2.4.jar;C:\Users\pteodor\.m2\repository\org\opensaml\opensaml-xacml-impl\3.4.6\opensaml-xacml-impl-3.4.6.jar;C:\Users\pteodor\.m2\repository\org\opensaml\opensaml-xacml-api\3.4.6\opensaml-xacml-api-3.4.6.jar;C:\Users\pteodor\.m2\repository\org\opensaml\opensaml-xacml-saml-impl\3.4.6\opensaml-xacml-saml-impl-3.4.6.jar;C:\Users\pteodor\.m2\repository\org\opensaml\opensaml-xacml-saml-api\3.4.6\opensaml-xacml-saml-api-3.4.6.jar;C:\Users\pteodor\.m2\repository\org\jasypt\jasypt\1.9.3\jasypt-1.9.3.jar;C:\Users\pteodor\.m2\repository\org\apache\geronimo\javamail\geronimo-javamail_1.4_mail\1.8.4\geronimo-javamail_1.4_mail-1.8.4.jar;C:\Users\pteodor\.m2\repository\org\apache\wss4j\wss4j-policy\2.4.1\wss4j-policy-2.4.1.jar;C:\Users\pteodor\.m2\repository\org\apache\neethi\neethi\3.1.1\neethi-3.1.1.jar;C:\Users\pteodor\.m2\repository\org\apache\wss4j\wss4j-ws-security-stax\2.4.1\wss4j-ws-security-stax-2.4.1.jar;C:\Users\pteodor\.m2\repository\org\apache\wss4j\wss4j-bindings\2.4.1\wss4j-bindings-2.4.1.jar;C:\Users\pteodor\.m2\repository\org\apache\wss4j\wss4j-ws-security-policy-stax\2.4.1\wss4j-ws-security-policy-stax-2.4.1.jar;C:\Users\pteodor\.m2\repository\org\apache\cxf\cxf-rt-rs-extension-providers\3.5.5\cxf-rt-rs-extension-providers-3.5.5.jar;C:\Users\pteodor\.m2\repository\org\apache\cxf\cxf-rt-rs-service-description\3.5.5\cxf-rt-rs-service-description-3.5.5.jar;C:\Users\pteodor\.m2\repository\org\apache\cxf\cxf-rt-rs-service-description-swagger\3.5.5\cxf-rt-rs-service-description-swagger-3.5.5.jar;C:\Users\pteodor\.m2\repository\org\apache\cxf\cxf-rt-rs-service-description-common-openapi\3.5.5\cxf-rt-rs-service-description-common-openapi-3.5.5.jar;C:\Users\pteodor\.m2\repository\org\apache\cxf\cxf-rt-rs-service-description-swagger-ui\3.5.5\cxf-rt-rs-service-description-swagger-ui-3.5.5.jar;C:\Users\pteodor\.m2\repository\org\apache\cxf\cxf-rt-rs-security-cors\3.5.5\cxf-rt-rs-security-cors-3.5.5.jar;C:\Users\pteodor\.m2\repository\org\aspectj\aspectjweaver\1.9.19\aspectjweaver-1.9.19.jar;C:\Users\pteodor\.m2\repository\com\fasterxml\jackson\jaxrs\jackson-jaxrs-json-provider\2.14.1\jackson-jaxrs-json-provider-2.14.1.jar;C:\Users\pteodor\.m2\repository\com\fasterxml\jackson\jaxrs\jackson-jaxrs-base\2.14.1\jackson-jaxrs-base-2.14.1.jar;C:\Users\pteodor\.m2\repository\com\fasterxml\jackson\module\jackson-module-jaxb-annotations\2.14.1\jackson-module-jaxb-annotations-2.14.1.jar;C:\Users\pteodor\.m2\repository\com\fasterxml\jackson\core\jackson-annotations\2.14.1\jackson-annotations-2.14.1.jar;C:\Users\pteodor\.m2\repository\com\fasterxml\jackson\core\jackson-databind\2.14.1\jackson-databind-2.14.1.jar;C:\Users\pteodor\.m2\repository\com\fasterxml\jackson\core\jackson-core\2.14.1\jackson-core-2.14.1.jar;C:\Users\pteodor\.m2\repository\com\fasterxml\jackson\dataformat\jackson-dataformat-yaml\2.14.1\jackson-dataformat-yaml-2.14.1.jar;C:\Users\pteodor\.m2\repository\com\fasterxml\woodstox\woodstox-core\6.4.0\woodstox-core-6.4.0.jar;C:\Users\pteodor\.m2\repository\org\codehaus\woodstox\stax2-api\4.2.1\stax2-api-4.2.1.jar;C:\Users\pteodor\.m2\repository\javax\servlet\javax.servlet-api\3.1.0\javax.servlet-api-3.1.0.jar;C:\Users\pteodor\.m2\repository\org\apache\taglibs\taglibs-standard-jstlel\1.2.5\taglibs-standard-jstlel-1.2.5.jar;C:\Users\pteodor\.m2\repository\org\apache\taglibs\taglibs-standard-spec\1.2.5\taglibs-standard-spec-1.2.5.jar;C:\Users\pteodor\.m2\repository\org\apache\taglibs\taglibs-standard-impl\1.2.5\taglibs-standard-impl-1.2.5.jar;C:\Users\pteodor\.m2\repository\org\apache\activemq\activemq-client\5.16.5\activemq-client-5.16.5.jar;C:\Users\pteodor\.m2\repository\org\apache\geronimo\specs\geronimo-jms_1.1_spec\1.1.1\geronimo-jms_1.1_spec-1.1.1.jar;C:\Users\pteodor\.m2\repository\org\fusesource\hawtbuf\hawtbuf\1.11\hawtbuf-1.11.jar;C:\Users\pteodor\.m2\repository\org\apache\geronimo\specs\geronimo-j2ee-management_1.1_spec\1.0.1\geronimo-j2ee-management_1.1_spec-1.0.1.jar;C:\Users\pteodor\.m2\repository\org\apache\activemq\activemq-broker\5.16.5\activemq-broker-5.16.5.jar;C:\Users\pteodor\.m2\repository\org\apache\activemq\activemq-openwire-legacy\5.16.5\activemq-openwire-legacy-5.16.5.jar;C:\Users\pteodor\.m2\repository\org\apache\activemq\activemq-spring\5.16.5\activemq-spring-5.16.5.jar;C:\Users\pteodor\.m2\repository\org\apache\xbean\xbean-spring\4.21\xbean-spring-4.21.jar;C:\Users\pteodor\.m2\repository\org\apache\activemq\activemq-pool\5.16.5\activemq-pool-5.16.5.jar;C:\Users\pteodor\.m2\repository\org\apache\activemq\activemq-jms-pool\5.16.5\activemq-jms-pool-5.16.5.jar;C:\Users\pteodor\.m2\repository\com\google\guava\guava\31.1-jre\guava-31.1-jre.jar;C:\Users\pteodor\.m2\repository\org\webjars\angularjs\1.8.2\angularjs-1.8.2.jar;C:\Users\pteodor\.m2\repository\junit\junit\4.13.2\junit-4.13.2.jar;C:\Users\pteodor\.m2\repository\org\hamcrest\hamcrest-core\2.2\hamcrest-core-2.2.jar;C:\Users\pteodor\.m2\repository\com\github\tomakehurst\wiremock-jre8\2.35.0\wiremock-jre8-2.35.0.jar;C:\Users\pteodor\.m2\repository\org\eclipse\jetty\jetty-server\9.4.49.v20220914\jetty-server-9.4.49.v20220914.jar;C:\Users\pteodor\.m2\repository\org\eclipse\jetty\jetty-http\9.4.49.v20220914\jetty-http-9.4.49.v20220914.jar;C:\Users\pteodor\.m2\repository\org\eclipse\jetty\jetty-io\9.4.49.v20220914\jetty-io-9.4.49.v20220914.jar;C:\Users\pteodor\.m2\repository\org\eclipse\jetty\jetty-servlet\9.4.49.v20220914\jetty-servlet-9.4.49.v20220914.jar;C:\Users\pteodor\.m2\repository\org\eclipse\jetty\jetty-security\9.4.49.v20220914\jetty-security-9.4.49.v20220914.jar;C:\Users\pteodor\.m2\repository\org\eclipse\jetty\jetty-util-ajax\9.4.49.v20220914\jetty-util-ajax-9.4.49.v20220914.jar;C:\Users\pteodor\.m2\repository\org\eclipse\jetty\jetty-servlets\9.4.49.v20220914\jetty-servlets-9.4.49.v20220914.jar;C:\Users\pteodor\.m2\repository\org\eclipse\jetty\jetty-continuation\9.4.49.v20220914\jetty-continuation-9.4.49.v20220914.jar;C:\Users\pteodor\.m2\repository\org\eclipse\jetty\jetty-util\9.4.49.v20220914\jetty-util-9.4.49.v20220914.jar;C:\Users\pteodor\.m2\repository\org\eclipse\jetty\jetty-webapp\9.4.49.v20220914\jetty-webapp-9.4.49.v20220914.jar;C:\Users\pteodor\.m2\repository\org\eclipse\jetty\jetty-xml\9.4.49.v20220914\jetty-xml-9.4.49.v20220914.jar;C:\Users\pteodor\.m2\repository\org\eclipse\jetty\jetty-proxy\9.4.49.v20220914\jetty-proxy-9.4.49.v20220914.jar;C:\Users\pteodor\.m2\repository\org\eclipse\jetty\jetty-client\9.4.49.v20220914\jetty-client-9.4.49.v20220914.jar;C:\Users\pteodor\.m2\repository\org\eclipse\jetty\http2\http2-server\9.4.49.v20220914\http2-server-9.4.49.v20220914.jar;C:\Users\pteodor\.m2\repository\org\eclipse\jetty\http2\http2-common\9.4.49.v20220914\http2-common-9.4.49.v20220914.jar;C:\Users\pteodor\.m2\repository\org\eclipse\jetty\http2\http2-hpack\9.4.49.v20220914\http2-hpack-9.4.49.v20220914.jar;C:\Users\pteodor\.m2\repository\org\eclipse\jetty\jetty-alpn-server\9.4.49.v20220914\jetty-alpn-server-9.4.49.v20220914.jar;C:\Users\pteodor\.m2\repository\org\eclipse\jetty\jetty-alpn-java-server\9.4.49.v20220914\jetty-alpn-java-server-9.4.49.v20220914.jar;C:\Users\pteodor\.m2\repository\org\eclipse\jetty\jetty-alpn-openjdk8-server\9.4.49.v20220914\jetty-alpn-openjdk8-server-9.4.49.v20220914.jar;C:\Users\pteodor\.m2\repository\org\eclipse\jetty\jetty-alpn-java-client\9.4.49.v20220914\jetty-alpn-java-client-9.4.49.v20220914.jar;C:\Users\pteodor\.m2\repository\org\eclipse\jetty\jetty-alpn-client\9.4.49.v20220914\jetty-alpn-client-9.4.49.v20220914.jar;C:\Users\pteodor\.m2\repository\org\eclipse\jetty\jetty-alpn-openjdk8-client\9.4.49.v20220914\jetty-alpn-openjdk8-client-9.4.49.v20220914.jar;C:\Users\pteodor\.m2\repository\org\apache\httpcomponents\client5\httpclient5\5.1.3\httpclient5-5.1.3.jar;C:\Users\pteodor\.m2\repository\org\apache\httpcomponents\core5\httpcore5\5.1.3\httpcore5-5.1.3.jar;C:\Users\pteodor\.m2\repository\org\apache\httpcomponents\core5\httpcore5-h2\5.1.3\httpcore5-h2-5.1.3.jar;C:\Users\pteodor\.m2\repository\org\xmlunit\xmlunit-core\2.9.0\xmlunit-core-2.9.0.jar;C:\Users\pteodor\.m2\repository\org\xmlunit\xmlunit-legacy\2.9.0\xmlunit-legacy-2.9.0.jar;C:\Users\pteodor\.m2\repository\org\xmlunit\xmlunit-placeholders\2.9.0\xmlunit-placeholders-2.9.0.jar;C:\Users\pteodor\.m2\repository\net\javacrumbs\json-unit\json-unit-core\2.36.0\json-unit-core-2.36.0.jar;C:\Users\pteodor\.m2\repository\net\sf\jopt-simple\jopt-simple\5.0.4\jopt-simple-5.0.4.jar;C:\Users\pteodor\.m2\repository\org\apache\commons\commons-lang3\3.12.0\commons-lang3-3.12.0.jar;C:\Users\pteodor\.m2\repository\com\github\jknack\handlebars\4.3.1\handlebars-4.3.1.jar;C:\Users\pteodor\.m2\repository\com\github\jknack\handlebars-helpers\4.3.1\handlebars-helpers-4.3.1.jar;C:\Users\pteodor\.m2\repository\commons-fileupload\commons-fileupload\1.4\commons-fileupload-1.4.jar;C:\Users\pteodor\.m2\repository\org\mockito\mockito-inline\4.11.0\mockito-inline-4.11.0.jar;C:\Users\pteodor\.m2\repository\org\mockito\mockito-core\4.11.0\mockito-core-4.11.0.jar;C:\Users\pteodor\.m2\repository\net\bytebuddy\byte-buddy\1.12.20\byte-buddy-1.12.20.jar;C:\Users\pteodor\.m2\repository\net\bytebuddy\byte-buddy-agent\1.12.20\byte-buddy-agent-1.12.20.jar;C:\Users\pteodor\.m2\repository\org\objenesis\objenesis\3.3\objenesis-3.3.jar;C:\Users\pteodor\.m2\repository\pl\pragmatists\JUnitParams\1.1.1\JUnitParams-1.1.1.jar;C:\Users\pteodor\.m2\repository\org\hamcrest\hamcrest\2.2\hamcrest-2.2.jar;C:\Users\pteodor\.m2\repository\com\jayway\jsonpath\json-path\2.7.0\json-path-2.7.0.jar;C:\Users\pteodor\.m2\repository\net\minidev\json-smart\2.4.7\json-smart-2.4.7.jar;C:\Users\pteodor\.m2\repository\net\minidev\accessors-smart\2.4.7\accessors-smart-2.4.7.jar;"/>
    <property name="java.vm.vendor" value="Oracle Corporation"/>
    <property name="sun.arch.data.model" value="64"/>
    <property name="user.variant" value=""/>
    <property name="java.vendor.url" value="https://openjdk.java.net/"/>
    <property name="user.timezone" value="Europe/Belgrade"/>
    <property name="java.vm.specification.version" value="11"/>
    <property name="os.name" value="Windows 10"/>
    <property name="sun.java.launcher" value="SUN_STANDARD"/>
    <property name="user.country" value="US"/>
    <property name="sun.boot.library.path" value="C:\Program Files\Java\jdk-11.0.10\bin"/>
    <property name="sun.java.command" value="C:\Users\pteodor\AppData\Local\Temp\surefire11079416737472247677\surefirebooter-20230417162600355_3.jar C:\Users\pteodor\AppData\Local\Temp\surefire11079416737472247677 2023-04-17T16-26-00_056-jvmRun1 surefire-20230417162600355_1tmp surefire_0-20230417162600355_2tmp"/>
    <property name="jdk.debug" value="release"/>
    <property name="surefire.test.class.path" value="F:\parabank\target\test-classes;F:\parabank\target\classes;C:\Users\pteodor\.m2\repository\org\springframework\spring-web\5.3.24\spring-web-5.3.24.jar;C:\Users\pteodor\.m2\repository\org\springframework\spring-beans\5.3.24\spring-beans-5.3.24.jar;C:\Users\pteodor\.m2\repository\org\springframework\spring-core\5.3.24\spring-core-5.3.24.jar;C:\Users\pteodor\.m2\repository\org\springframework\spring-jcl\5.3.24\spring-jcl-5.3.24.jar;C:\Users\pteodor\.m2\repository\org\springframework\spring-webmvc\5.3.24\spring-webmvc-5.3.24.jar;C:\Users\pteodor\.m2\repository\org\springframework\spring-aop\5.3.24\spring-aop-5.3.24.jar;C:\Users\pteodor\.m2\repository\org\springframework\spring-context\5.3.24\spring-context-5.3.24.jar;C:\Users\pteodor\.m2\repository\org\springframework\spring-expression\5.3.24\spring-expression-5.3.24.jar;C:\Users\pteodor\.m2\repository\org\springframework\spring-jdbc\5.3.24\spring-jdbc-5.3.24.jar;C:\Users\pteodor\.m2\repository\org\springframework\spring-test\5.3.24\spring-test-5.3.24.jar;C:\Users\pteodor\.m2\repository\org\springframework\spring-tx\5.3.24\spring-tx-5.3.24.jar;C:\Users\pteodor\.m2\repository\org\springframework\spring-jms\5.3.24\spring-jms-5.3.24.jar;C:\Users\pteodor\.m2\repository\org\springframework\spring-messaging\5.3.24\spring-messaging-5.3.24.jar;C:\Users\pteodor\.m2\repository\org\springframework\spring-oxm\5.3.24\spring-oxm-5.3.24.jar;C:\Users\pteodor\.m2\repository\org\springframework\spring-orm\5.3.24\spring-orm-5.3.24.jar;C:\Users\pteodor\.m2\repository\jakarta\activation\jakarta.activation-api\1.2.2\jakarta.activation-api-1.2.2.jar;C:\Users\pteodor\.m2\repository\com\sun\activation\jakarta.activation\1.2.2\jakarta.activation-1.2.2.jar;C:\Users\pteodor\.m2\repository\jakarta\annotation\jakarta.annotation-api\1.3.5\jakarta.annotation-api-1.3.5.jar;C:\Users\pteodor\.m2\repository\jakarta\jws\jakarta.jws-api\2.1.0\jakarta.jws-api-2.1.0.jar;C:\Users\pteodor\.m2\repository\jakarta\ws\rs\jakarta.ws.rs-api\2.1.6\jakarta.ws.rs-api-2.1.6.jar;C:\Users\pteodor\.m2\repository\jakarta\xml\soap\jakarta.xml.soap-api\1.4.2\jakarta.xml.soap-api-1.4.2.jar;C:\Users\pteodor\.m2\repository\jakarta\xml\ws\jakarta.xml.ws-api\2.3.3\jakarta.xml.ws-api-2.3.3.jar;C:\Users\pteodor\.m2\repository\jakarta\xml\bind\jakarta.xml.bind-api\2.3.3\jakarta.xml.bind-api-2.3.3.jar;C:\Users\pteodor\.m2\repository\org\glassfish\jaxb\jaxb-runtime\2.3.7\jaxb-runtime-2.3.7.jar;C:\Users\pteodor\.m2\repository\org\glassfish\jaxb\txw2\2.3.7\txw2-2.3.7.jar;C:\Users\pteodor\.m2\repository\com\sun\istack\istack-commons-runtime\3.0.12\istack-commons-runtime-3.0.12.jar;C:\Users\pteodor\.m2\repository\joda-time\joda-time\2.12.2\joda-time-2.12.2.jar;C:\Users\pteodor\.m2\repository\org\hsqldb\hsqldb\2.7.1\hsqldb-2.7.1-jdk8.jar;C:\Users\pteodor\.m2\repository\org\apache\commons\commons-dbcp2\2.9.0\commons-dbcp2-2.9.0.jar;C:\Users\pteodor\.m2\repository\org\apache\commons\commons-pool2\2.10.0\commons-pool2-2.10.0.jar;C:\Users\pteodor\.m2\repository\commons-logging\commons-logging\1.2\commons-logging-1.2.jar;C:\Users\pteodor\.m2\repository\commons-io\commons-io\2.11.0\commons-io-2.11.0.jar;C:\Users\pteodor\.m2\repository\commons-codec\commons-codec\1.15\commons-codec-1.15.jar;C:\Users\pteodor\.m2\repository\org\slf4j\slf4j-api\1.7.36\slf4j-api-1.7.36.jar;C:\Users\pteodor\.m2\repository\org\apache\logging\log4j\log4j-slf4j-impl\2.19.0\log4j-slf4j-impl-2.19.0.jar;C:\Users\pteodor\.m2\repository\org\apache\logging\log4j\log4j-api\2.19.0\log4j-api-2.19.0.jar;C:\Users\pteodor\.m2\repository\org\apache\logging\log4j\log4j-core\2.19.0\log4j-core-2.19.0.jar;C:\Users\pteodor\.m2\repository\org\apache\logging\log4j\log4j-jcl\2.19.0\log4j-jcl-2.19.0.jar;C:\Users\pteodor\.m2\repository\org\bouncycastle\bcprov-jdk15on\1.70\bcprov-jdk15on-1.70.jar;C:\Users\pteodor\.m2\repository\io\swagger\swagger-jersey2-jaxrs\1.6.9\swagger-jersey2-jaxrs-1.6.9.jar;C:\Users\pteodor\.m2\repository\io\swagger\swagger-jaxrs\1.6.9\swagger-jaxrs-1.6.9.jar;C:\Users\pteodor\.m2\repository\io\swagger\swagger-core\1.6.9\swagger-core-1.6.9.jar;C:\Users\pteodor\.m2\repository\io\swagger\swagger-models\1.6.9\swagger-models-1.6.9.jar;C:\Users\pteodor\.m2\repository\io\swagger\swagger-annotations\1.6.9\swagger-annotations-1.6.9.jar;C:\Users\pteodor\.m2\repository\javax\validation\validation-api\1.1.0.Final\validation-api-1.1.0.Final.jar;C:\Users\pteodor\.m2\repository\org\reflections\reflections\0.10.2\reflections-0.10.2.jar;C:\Users\pteodor\.m2\repository\org\javassist\javassist\3.29.2-GA\javassist-3.29.2-GA.jar;C:\Users\pteodor\.m2\repository\com\google\code\findbugs\jsr305\3.0.2\jsr305-3.0.2.jar;C:\Users\pteodor\.m2\repository\org\yaml\snakeyaml\1.33\snakeyaml-1.33.jar;C:\Users\pteodor\.m2\repository\org\glassfish\jersey\containers\jersey-container-servlet-core\2.38\jersey-container-servlet-core-2.38.jar;C:\Users\pteodor\.m2\repository\org\glassfish\hk2\external\jakarta.inject\2.6.1\jakarta.inject-2.6.1.jar;C:\Users\pteodor\.m2\repository\org\glassfish\jersey\core\jersey-common\2.38\jersey-common-2.38.jar;C:\Users\pteodor\.m2\repository\org\glassfish\hk2\osgi-resource-locator\1.0.3\osgi-resource-locator-1.0.3.jar;C:\Users\pteodor\.m2\repository\org\glassfish\jersey\core\jersey-server\2.38\jersey-server-2.38.jar;C:\Users\pteodor\.m2\repository\org\glassfish\jersey\core\jersey-client\2.38\jersey-client-2.38.jar;C:\Users\pteodor\.m2\repository\jakarta\validation\jakarta.validation-api\2.0.2\jakarta.validation-api-2.0.2.jar;C:\Users\pteodor\.m2\repository\org\glassfish\jersey\media\jersey-media-multipart\2.38\jersey-media-multipart-2.38.jar;C:\Users\pteodor\.m2\repository\org\jvnet\mimepull\mimepull\1.9.15\mimepull-1.9.15.jar;C:\Users\pteodor\.m2\repository\com\8x8\cloud\swagger2raml\1.0.0\swagger2raml-1.0.0.jar;C:\Users\pteodor\.m2\repository\commons-cli\commons-cli\1.2\commons-cli-1.2.jar;C:\Users\pteodor\.m2\repository\org\codehaus\groovy\groovy-all\2.4.21\groovy-all-2.4.21.jar;C:\Users\pteodor\.m2\repository\com\sun\xml\messaging\saaj\saaj-impl\1.5.3\saaj-impl-1.5.3.jar;C:\Users\pteodor\.m2\repository\org\jvnet\staxex\stax-ex\1.8.3\stax-ex-1.8.3.jar;C:\Users\pteodor\.m2\repository\org\apache\cxf\cxf-core\3.5.5\cxf-core-3.5.5.jar;C:\Users\pteodor\.m2\repository\org\apache\ws\xmlschema\xmlschema-core\2.3.0\xmlschema-core-2.3.0.jar;C:\Users\pteodor\.m2\repository\org\apache\geronimo\specs\geronimo-jta_1.1_spec\1.1.1\geronimo-jta_1.1_spec-1.1.1.jar;C:\Users\pteodor\.m2\repository\org\apache\cxf\cxf-rt-wsdl\3.5.5\cxf-rt-wsdl-3.5.5.jar;C:\Users\pteodor\.m2\repository\wsdl4j\wsdl4j\1.6.3\wsdl4j-1.6.3.jar;C:\Users\pteodor\.m2\repository\org\ow2\asm\asm\9.4\asm-9.4.jar;C:\Users\pteodor\.m2\repository\org\apache\cxf\cxf-rt-frontend-jaxrs\3.5.5\cxf-rt-frontend-jaxrs-3.5.5.jar;C:\Users\pteodor\.m2\repository\org\apache\cxf\cxf-rt-transports-http\3.5.5\cxf-rt-transports-http-3.5.5.jar;C:\Users\pteodor\.m2\repository\org\apache\cxf\cxf-rt-security\3.5.5\cxf-rt-security-3.5.5.jar;C:\Users\pteodor\.m2\repository\org\apache\cxf\cxf-rt-frontend-jaxws\3.5.5\cxf-rt-frontend-jaxws-3.5.5.jar;C:\Users\pteodor\.m2\repository\xml-resolver\xml-resolver\1.2\xml-resolver-1.2.jar;C:\Users\pteodor\.m2\repository\org\apache\cxf\cxf-rt-bindings-soap\3.5.5\cxf-rt-bindings-soap-3.5.5.jar;C:\Users\pteodor\.m2\repository\org\apache\cxf\cxf-rt-databinding-jaxb\3.5.5\cxf-rt-databinding-jaxb-3.5.5.jar;C:\Users\pteodor\.m2\repository\org\apache\cxf\cxf-rt-bindings-xml\3.5.5\cxf-rt-bindings-xml-3.5.5.jar;C:\Users\pteodor\.m2\repository\org\apache\cxf\cxf-rt-frontend-simple\3.5.5\cxf-rt-frontend-simple-3.5.5.jar;C:\Users\pteodor\.m2\repository\org\apache\cxf\cxf-rt-ws-addr\3.5.5\cxf-rt-ws-addr-3.5.5.jar;C:\Users\pteodor\.m2\repository\org\apache\cxf\cxf-rt-ws-policy\3.5.5\cxf-rt-ws-policy-3.5.5.jar;C:\Users\pteodor\.m2\repository\org\apache\cxf\cxf-rt-ws-security\3.5.5\cxf-rt-ws-security-3.5.5.jar;C:\Users\pteodor\.m2\repository\org\apache\cxf\cxf-rt-security-saml\3.5.5\cxf-rt-security-saml-3.5.5.jar;C:\Users\pteodor\.m2\repository\org\ehcache\ehcache\3.9.3\ehcache-3.9.3.jar;C:\Users\pteodor\.m2\repository\org\apache\wss4j\wss4j-ws-security-dom\2.4.1\wss4j-ws-security-dom-2.4.1.jar;C:\Users\pteodor\.m2\repository\org\apache\wss4j\wss4j-ws-security-common\2.4.1\wss4j-ws-security-common-2.4.1.jar;C:\Users\pteodor\.m2\repository\org\apache\santuario\xmlsec\2.3.0\xmlsec-2.3.0.jar;C:\Users\pteodor\.m2\repository\org\opensaml\opensaml-saml-impl\3.4.6\opensaml-saml-impl-3.4.6.jar;C:\Users\pteodor\.m2\repository\org\opensaml\opensaml-profile-api\3.4.6\opensaml-profile-api-3.4.6.jar;C:\Users\pteodor\.m2\repository\org\opensaml\opensaml-core\3.4.6\opensaml-core-3.4.6.jar;C:\Users\pteodor\.m2\repository\io\dropwizard\metrics\metrics-core\3.1.5\metrics-core-3.1.5.jar;C:\Users\pteodor\.m2\repository\org\opensaml\opensaml-saml-api\3.4.6\opensaml-saml-api-3.4.6.jar;C:\Users\pteodor\.m2\repository\org\opensaml\opensaml-xmlsec-api\3.4.6\opensaml-xmlsec-api-3.4.6.jar;C:\Users\pteodor\.m2\repository\org\opensaml\opensaml-soap-api\3.4.6\opensaml-soap-api-3.4.6.jar;C:\Users\pteodor\.m2\repository\org\opensaml\opensaml-security-impl\3.4.6\opensaml-security-impl-3.4.6.jar;C:\Users\pteodor\.m2\repository\org\opensaml\opensaml-security-api\3.4.6\opensaml-security-api-3.4.6.jar;C:\Users\pteodor\.m2\repository\org\opensaml\opensaml-xmlsec-impl\3.4.6\opensaml-xmlsec-impl-3.4.6.jar;C:\Users\pteodor\.m2\repository\net\shibboleth\utilities\java-support\7.5.2\java-support-7.5.2.jar;C:\Users\pteodor\.m2\repository\org\cryptacular\cryptacular\1.2.4\cryptacular-1.2.4.jar;C:\Users\pteodor\.m2\repository\org\opensaml\opensaml-xacml-impl\3.4.6\opensaml-xacml-impl-3.4.6.jar;C:\Users\pteodor\.m2\repository\org\opensaml\opensaml-xacml-api\3.4.6\opensaml-xacml-api-3.4.6.jar;C:\Users\pteodor\.m2\repository\org\opensaml\opensaml-xacml-saml-impl\3.4.6\opensaml-xacml-saml-impl-3.4.6.jar;C:\Users\pteodor\.m2\repository\org\opensaml\opensaml-xacml-saml-api\3.4.6\opensaml-xacml-saml-api-3.4.6.jar;C:\Users\pteodor\.m2\repository\org\jasypt\jasypt\1.9.3\jasypt-1.9.3.jar;C:\Users\pteodor\.m2\repository\org\apache\geronimo\javamail\geronimo-javamail_1.4_mail\1.8.4\geronimo-javamail_1.4_mail-1.8.4.jar;C:\Users\pteodor\.m2\repository\org\apache\wss4j\wss4j-policy\2.4.1\wss4j-policy-2.4.1.jar;C:\Users\pteodor\.m2\repository\org\apache\neethi\neethi\3.1.1\neethi-3.1.1.jar;C:\Users\pteodor\.m2\repository\org\apache\wss4j\wss4j-ws-security-stax\2.4.1\wss4j-ws-security-stax-2.4.1.jar;C:\Users\pteodor\.m2\repository\org\apache\wss4j\wss4j-bindings\2.4.1\wss4j-bindings-2.4.1.jar;C:\Users\pteodor\.m2\repository\org\apache\wss4j\wss4j-ws-security-policy-stax\2.4.1\wss4j-ws-security-policy-stax-2.4.1.jar;C:\Users\pteodor\.m2\repository\org\apache\cxf\cxf-rt-rs-extension-providers\3.5.5\cxf-rt-rs-extension-providers-3.5.5.jar;C:\Users\pteodor\.m2\repository\org\apache\cxf\cxf-rt-rs-service-description\3.5.5\cxf-rt-rs-service-description-3.5.5.jar;C:\Users\pteodor\.m2\repository\org\apache\cxf\cxf-rt-rs-service-description-swagger\3.5.5\cxf-rt-rs-service-description-swagger-3.5.5.jar;C:\Users\pteodor\.m2\repository\org\apache\cxf\cxf-rt-rs-service-description-common-openapi\3.5.5\cxf-rt-rs-service-description-common-openapi-3.5.5.jar;C:\Users\pteodor\.m2\repository\org\apache\cxf\cxf-rt-rs-service-description-swagger-ui\3.5.5\cxf-rt-rs-service-description-swagger-ui-3.5.5.jar;C:\Users\pteodor\.m2\repository\org\apache\cxf\cxf-rt-rs-security-cors\3.5.5\cxf-rt-rs-security-cors-3.5.5.jar;C:\Users\pteodor\.m2\repository\org\aspectj\aspectjweaver\1.9.19\aspectjweaver-1.9.19.jar;C:\Users\pteodor\.m2\repository\com\fasterxml\jackson\jaxrs\jackson-jaxrs-json-provider\2.14.1\jackson-jaxrs-json-provider-2.14.1.jar;C:\Users\pteodor\.m2\repository\com\fasterxml\jackson\jaxrs\jackson-jaxrs-base\2.14.1\jackson-jaxrs-base-2.14.1.jar;C:\Users\pteodor\.m2\repository\com\fasterxml\jackson\module\jackson-module-jaxb-annotations\2.14.1\jackson-module-jaxb-annotations-2.14.1.jar;C:\Users\pteodor\.m2\repository\com\fasterxml\jackson\core\jackson-annotations\2.14.1\jackson-annotations-2.14.1.jar;C:\Users\pteodor\.m2\repository\com\fasterxml\jackson\core\jackson-databind\2.14.1\jackson-databind-2.14.1.jar;C:\Users\pteodor\.m2\repository\com\fasterxml\jackson\core\jackson-core\2.14.1\jackson-core-2.14.1.jar;C:\Users\pteodor\.m2\repository\com\fasterxml\jackson\dataformat\jackson-dataformat-yaml\2.14.1\jackson-dataformat-yaml-2.14.1.jar;C:\Users\pteodor\.m2\repository\com\fasterxml\woodstox\woodstox-core\6.4.0\woodstox-core-6.4.0.jar;C:\Users\pteodor\.m2\repository\org\codehaus\woodstox\stax2-api\4.2.1\stax2-api-4.2.1.jar;C:\Users\pteodor\.m2\repository\javax\servlet\javax.servlet-api\3.1.0\javax.servlet-api-3.1.0.jar;C:\Users\pteodor\.m2\repository\org\apache\taglibs\taglibs-standard-jstlel\1.2.5\taglibs-standard-jstlel-1.2.5.jar;C:\Users\pteodor\.m2\repository\org\apache\taglibs\taglibs-standard-spec\1.2.5\taglibs-standard-spec-1.2.5.jar;C:\Users\pteodor\.m2\repository\org\apache\taglibs\taglibs-standard-impl\1.2.5\taglibs-standard-impl-1.2.5.jar;C:\Users\pteodor\.m2\repository\org\apache\activemq\activemq-client\5.16.5\activemq-client-5.16.5.jar;C:\Users\pteodor\.m2\repository\org\apache\geronimo\specs\geronimo-jms_1.1_spec\1.1.1\geronimo-jms_1.1_spec-1.1.1.jar;C:\Users\pteodor\.m2\repository\org\fusesource\hawtbuf\hawtbuf\1.11\hawtbuf-1.11.jar;C:\Users\pteodor\.m2\repository\org\apache\geronimo\specs\geronimo-j2ee-management_1.1_spec\1.0.1\geronimo-j2ee-management_1.1_spec-1.0.1.jar;C:\Users\pteodor\.m2\repository\org\apache\activemq\activemq-broker\5.16.5\activemq-broker-5.16.5.jar;C:\Users\pteodor\.m2\repository\org\apache\activemq\activemq-openwire-legacy\5.16.5\activemq-openwire-legacy-5.16.5.jar;C:\Users\pteodor\.m2\repository\org\apache\activemq\activemq-spring\5.16.5\activemq-spring-5.16.5.jar;C:\Users\pteodor\.m2\repository\org\apache\xbean\xbean-spring\4.21\xbean-spring-4.21.jar;C:\Users\pteodor\.m2\repository\org\apache\activemq\activemq-pool\5.16.5\activemq-pool-5.16.5.jar;C:\Users\pteodor\.m2\repository\org\apache\activemq\activemq-jms-pool\5.16.5\activemq-jms-pool-5.16.5.jar;C:\Users\pteodor\.m2\repository\com\google\guava\guava\31.1-jre\guava-31.1-jre.jar;C:\Users\pteodor\.m2\repository\org\webjars\angularjs\1.8.2\angularjs-1.8.2.jar;C:\Users\pteodor\.m2\repository\junit\junit\4.13.2\junit-4.13.2.jar;C:\Users\pteodor\.m2\repository\org\hamcrest\hamcrest-core\2.2\hamcrest-core-2.2.jar;C:\Users\pteodor\.m2\repository\com\github\tomakehurst\wiremock-jre8\2.35.0\wiremock-jre8-2.35.0.jar;C:\Users\pteodor\.m2\repository\org\eclipse\jetty\jetty-server\9.4.49.v20220914\jetty-server-9.4.49.v20220914.jar;C:\Users\pteodor\.m2\repository\org\eclipse\jetty\jetty-http\9.4.49.v20220914\jetty-http-9.4.49.v20220914.jar;C:\Users\pteodor\.m2\repository\org\eclipse\jetty\jetty-io\9.4.49.v20220914\jetty-io-9.4.49.v20220914.jar;C:\Users\pteodor\.m2\repository\org\eclipse\jetty\jetty-servlet\9.4.49.v20220914\jetty-servlet-9.4.49.v20220914.jar;C:\Users\pteodor\.m2\repository\org\eclipse\jetty\jetty-security\9.4.49.v20220914\jetty-security-9.4.49.v20220914.jar;C:\Users\pteodor\.m2\repository\org\eclipse\jetty\jetty-util-ajax\9.4.49.v20220914\jetty-util-ajax-9.4.49.v20220914.jar;C:\Users\pteodor\.m2\repository\org\eclipse\jetty\jetty-servlets\9.4.49.v20220914\jetty-servlets-9.4.49.v20220914.jar;C:\Users\pteodor\.m2\repository\org\eclipse\jetty\jetty-continuation\9.4.49.v20220914\jetty-continuation-9.4.49.v20220914.jar;C:\Users\pteodor\.m2\repository\org\eclipse\jetty\jetty-util\9.4.49.v20220914\jetty-util-9.4.49.v20220914.jar;C:\Users\pteodor\.m2\repository\org\eclipse\jetty\jetty-webapp\9.4.49.v20220914\jetty-webapp-9.4.49.v20220914.jar;C:\Users\pteodor\.m2\repository\org\eclipse\jetty\jetty-xml\9.4.49.v20220914\jetty-xml-9.4.49.v20220914.jar;C:\Users\pteodor\.m2\repository\org\eclipse\jetty\jetty-proxy\9.4.49.v20220914\jetty-proxy-9.4.49.v20220914.jar;C:\Users\pteodor\.m2\repository\org\eclipse\jetty\jetty-client\9.4.49.v20220914\jetty-client-9.4.49.v20220914.jar;C:\Users\pteodor\.m2\repository\org\eclipse\jetty\http2\http2-server\9.4.49.v20220914\http2-server-9.4.49.v20220914.jar;C:\Users\pteodor\.m2\repository\org\eclipse\jetty\http2\http2-common\9.4.49.v20220914\http2-common-9.4.49.v20220914.jar;C:\Users\pteodor\.m2\repository\org\eclipse\jetty\http2\http2-hpack\9.4.49.v20220914\http2-hpack-9.4.49.v20220914.jar;C:\Users\pteodor\.m2\repository\org\eclipse\jetty\jetty-alpn-server\9.4.49.v20220914\jetty-alpn-server-9.4.49.v20220914.jar;C:\Users\pteodor\.m2\repository\org\eclipse\jetty\jetty-alpn-java-server\9.4.49.v20220914\jetty-alpn-java-server-9.4.49.v20220914.jar;C:\Users\pteodor\.m2\repository\org\eclipse\jetty\jetty-alpn-openjdk8-server\9.4.49.v20220914\jetty-alpn-openjdk8-server-9.4.49.v20220914.jar;C:\Users\pteodor\.m2\repository\org\eclipse\jetty\jetty-alpn-java-client\9.4.49.v20220914\jetty-alpn-java-client-9.4.49.v20220914.jar;C:\Users\pteodor\.m2\repository\org\eclipse\jetty\jetty-alpn-client\9.4.49.v20220914\jetty-alpn-client-9.4.49.v20220914.jar;C:\Users\pteodor\.m2\repository\org\eclipse\jetty\jetty-alpn-openjdk8-client\9.4.49.v20220914\jetty-alpn-openjdk8-client-9.4.49.v20220914.jar;C:\Users\pteodor\.m2\repository\org\apache\httpcomponents\client5\httpclient5\5.1.3\httpclient5-5.1.3.jar;C:\Users\pteodor\.m2\repository\org\apache\httpcomponents\core5\httpcore5\5.1.3\httpcore5-5.1.3.jar;C:\Users\pteodor\.m2\repository\org\apache\httpcomponents\core5\httpcore5-h2\5.1.3\httpcore5-h2-5.1.3.jar;C:\Users\pteodor\.m2\repository\org\xmlunit\xmlunit-core\2.9.0\xmlunit-core-2.9.0.jar;C:\Users\pteodor\.m2\repository\org\xmlunit\xmlunit-legacy\2.9.0\xmlunit-legacy-2.9.0.jar;C:\Users\pteodor\.m2\repository\org\xmlunit\xmlunit-placeholders\2.9.0\xmlunit-placeholders-2.9.0.jar;C:\Users\pteodor\.m2\repository\net\javacrumbs\json-unit\json-unit-core\2.36.0\json-unit-core-2.36.0.jar;C:\Users\pteodor\.m2\repository\net\sf\jopt-simple\jopt-simple\5.0.4\jopt-simple-5.0.4.jar;C:\Users\pteodor\.m2\repository\org\apache\commons\commons-lang3\3.12.0\commons-lang3-3.12.0.jar;C:\Users\pteodor\.m2\repository\com\github\jknack\handlebars\4.3.1\handlebars-4.3.1.jar;C:\Users\pteodor\.m2\repository\com\github\jknack\handlebars-helpers\4.3.1\handlebars-helpers-4.3.1.jar;C:\Users\pteodor\.m2\repository\commons-fileupload\commons-fileupload\1.4\commons-fileupload-1.4.jar;C:\Users\pteodor\.m2\repository\org\mockito\mockito-inline\4.11.0\mockito-inline-4.11.0.jar;C:\Users\pteodor\.m2\repository\org\mockito\mockito-core\4.11.0\mockito-core-4.11.0.jar;C:\Users\pteodor\.m2\repository\net\bytebuddy\byte-buddy\1.12.20\byte-buddy-1.12.20.jar;C:\Users\pteodor\.m2\repository\net\bytebuddy\byte-buddy-agent\1.12.20\byte-buddy-agent-1.12.20.jar;C:\Users\pteodor\.m2\repository\org\objenesis\objenesis\3.3\objenesis-3.3.jar;C:\Users\pteodor\.m2\repository\pl\pragmatists\JUnitParams\1.1.1\JUnitParams-1.1.1.jar;C:\Users\pteodor\.m2\repository\org\hamcrest\hamcrest\2.2\hamcrest-2.2.jar;C:\Users\pteodor\.m2\repository\com\jayway\jsonpath\json-path\2.7.0\json-path-2.7.0.jar;C:\Users\pteodor\.m2\repository\net\minidev\json-smart\2.4.7\json-smart-2.4.7.jar;C:\Users\pteodor\.m2\repository\net\minidev\accessors-smart\2.4.7\accessors-smart-2.4.7.jar;"/>
    <property name="sun.cpu.endian" value="little"/>
    <property name="user.home" value="C:\Users\pteodor"/>
    <property name="user.language" value="en"/>
    <property name="java.specification.vendor" value="Oracle Corporation"/>
    <property name="java.version.date" value="2021-01-19"/>
    <property name="java.home" value="C:\Program Files\Java\jdk-11.0.10"/>
    <property name="file.separator" value="\"/>
    <property name="style.color" value="always"/>
    <property name="basedir" value="F:\parabank"/>
    <property name="java.vm.compressedOopsMode" value="Zero based"/>
    <property name="line.separator" value="&#10;"/>
    <property name="java.specification.name" value="Java Platform API Specification"/>
    <property name="java.vm.specification.vendor" value="Oracle Corporation"/>
    <property name="java.awt.graphicsenv" value="sun.awt.Win32GraphicsEnvironment"/>
    <property name="surefire.real.class.path" value="C:\Users\pteodor\AppData\Local\Temp\surefire11079416737472247677\surefirebooter-20230417162600355_3.jar"/>
    <property name="org.apache.xml.security.ignoreLineBreaks" value="true"/>
    <property name="user.script" value=""/>
    <property name="sun.management.compiler" value="HotSpot 64-Bit Tiered Compilers"/>
    <property name="org.eclipse.jetty.http.HttpGenerator.STRICT" value="true"/>
    <property name="java.runtime.version" value="11.0.10+8-LTS-162"/>
    <property name="user.name" value="pteodor"/>
    <property name="path.separator" value=";"/>
    <property name="os.version" value="10.0"/>
    <property name="java.runtime.name" value="Java(TM) SE Runtime Environment"/>
    <property name="file.encoding" value="Cp1252"/>
    <property name="java.vm.name" value="Java HotSpot(TM) 64-Bit Server VM"/>
    <property name="java.vendor.version" value="18.9"/>
    <property name="localRepository" value="C:\Users\pteodor\.m2\repository"/>
    <property name="javax.xml.xpath.XPathFactory:http://java.sun.com/jaxp/xpath/dom" value="com.sun.org.apache.xpath.internal.jaxp.XPathFactoryImpl"/>
    <property name="java.vendor.url.bug" value="https://bugreport.java.com/bugreport/"/>
    <property name="jetty.git.hash" value="4231a3b2e4cb8548a412a789936d640a97b1aa0a"/>
    <property name="java.io.tmpdir" value="C:\Users\pteodor\AppData\Local\Temp\"/>
    <property name="java.version" value="11.0.10"/>
    <property name="user.dir" value="F:\parabank"/>
    <property name="os.arch" value="amd64"/>
    <property name="java.vm.specification.name" value="Java Virtual Machine Specification"/>
    <property name="java.awt.printerjob" value="sun.awt.windows.WPrinterJob"/>
    <property name="sun.os.patch.level" value=""/>
    <property name="java.library.path" value="C:\Program Files\Java\jdk-11.0.10\bin;C:\WINDOWS\Sun\Java\bin;C:\WINDOWS\system32;C:\WINDOWS;F:/Parasoft/Jtest/2022.2/eclipse_4_25//plugins/org.eclipse.justj.openjdk.hotspot.jre.full.win32.x86_64_17.0.4.v20220903-1038/jre/bin/server;F:/Parasoft/Jtest/2022.2/eclipse_4_25//plugins/org.eclipse.justj.openjdk.hotspot.jre.full.win32.x86_64_17.0.4.v20220903-1038/jre/bin;C:\Program Files\Common Files\Oracle\Java\javapath;C:\Python27\;C:\Python27\Scripts;C:\WINDOWS\system32;C:\WINDOWS;C:\WINDOWS\System32\Wbem;C:\WINDOWS\System32\WindowsPowerShell\v1.0\;C:\WINDOWS\System32\OpenSSH\;C:\Program Files\dotnet\;C:\Program Files\Microsoft SQL Server\130\Tools\Binn\;C:\Program Files\SourceGear\Common\DiffMerge\;C:\Program Files\nodejs\;C:\ProgramData\chocolatey\bin;C:\Program Files\Microsoft SQL Server\Client SDK\ODBC\170\Tools\Binn\;C:\Users\pteodor\.dnx\bin;C:\Program Files\Microsoft DNX\Dnvm\;C:\Program Files (x86)\dotnet\;C:\Program Files\Docker\Docker\resources\bin;C:\ProgramData\DockerDesktop\version-bin;C:\Program Files\Git\cmd;F:\Parasoft\SOAtest &amp; Virtualize\2021.2;C:\Program Files\MySQL\MySQL Shell 8.0\bin\;C:\Users\pteodor\AppData\Local\Microsoft\WindowsApps;C:\Program Files\Java\jdk-11.0.10\bin;C:\Program Files\Parasoft\jtest\10.4.3;C:\Program Files\JetBrains\IntelliJ IDEA Community Edition 2019.2.2\bin;C:\cygwin64\bin;C:\Program Files\Apache\apache-maven-3.9.1\bin;C:\Users\pteodor\AppData\Roaming\npm;C:\java\drivers;C:\Program Files\Apache\apache-ant-1.10.9\bin\;C:\Users\pteodor\.dotnet\tools;C:\Users\pteodor\.dotnet\tools;C:\gradle\gradle_6.9\bin;C:\Program Files\Parasoft\dotTEST\2021.2\;;F:\Parasoft\Jtest\2022.2\eclipse_4_25;;."/>
    <property name="java.vendor" value="Oracle Corporation"/>
    <property name="java.vm.info" value="mixed mode"/>
    <property name="java.vm.version" value="11.0.10+8-LTS-162"/>
    <property name="sun.io.unicode.encoding" value="UnicodeLittle"/>
    <property name="javax.xml.transform.TransformerFactory" value="com.sun.org.apache.xalan.internal.xsltc.trax.TransformerFactoryImpl"/>
    <property name="java.class.version" value="55.0"/>
  </properties>
  <testcase name="testGetPosition" classname="com.parasoft.parabank.service.ParaBankServiceImplTest" time="0.128">
    <system-out><![CDATA[16:26:23.446 [main] INFO  org.eclipse.jetty.server.Server - jetty-9.4.49.v20220914; built: 2022-09-14T01:07:36.601Z; git: 4231a3b2e4cb8548a412a789936d640a97b1aa0a; jvm 11.0.10+8-LTS-162
16:26:23.447 [main] INFO  org.eclipse.jetty.server.handler.ContextHandler - Started o.e.j.s.ServletContextHandler@4d923ffc{/__admin,null,AVAILABLE}
16:26:23.447 [main] INFO  org.eclipse.jetty.server.handler.ContextHandler.ROOT - RequestHandlerClass from context returned com.github.tomakehurst.wiremock.http.StubRequestHandler. Normalized mapped under returned 'null'
16:26:23.447 [main] INFO  org.eclipse.jetty.server.handler.ContextHandler - Started o.e.j.s.ServletContextHandler@4ed70448{/,null,AVAILABLE}
16:26:23.449 [main] INFO  org.eclipse.jetty.server.AbstractConnector - Started NetworkTrafficServerConnector@4e71c196{HTTP/1.1, (http/1.1, h2c)}{0.0.0.0:19089}
16:26:23.449 [main] INFO  org.eclipse.jetty.server.Server - Started @22301ms
16:26:23.559 [qtp1582700274-671] INFO  org.eclipse.jetty.server.handler.ContextHandler.__admin - RequestHandlerClass from context returned com.github.tomakehurst.wiremock.http.AdminRequestHandler. Normalized mapped under returned 'null'
16:26:23.561 [main] INFO  com.parasoft.parabank.test.util.AbstractParaBankDataSourceTest - loaded requestLoan mock for wsdl
16:26:23.565 [main] INFO  com.parasoft.parabank.test.util.AbstractParaBankDataSourceTest - loaded requestLoan mock for 10.00
16:26:23.569 [main] INFO  com.parasoft.parabank.test.util.AbstractParaBankDataSourceTest - loaded requestLoan mock for 100.00
16:26:23.572 [main] INFO  com.parasoft.parabank.test.util.AbstractParaBankDataSourceTest - loaded requestLoan mock for 1000.00
16:26:23.575 [main] INFO  com.parasoft.parabank.test.util.AbstractParaBankDataSourceTest - loaded requestLoan mock for 10000.00
16:26:23.580 [main] INFO  com.parasoft.parabank.dao.jdbc.JdbcPositionDao - Getting position object for position id = 12345
16:26:23.581 [main] INFO  com.parasoft.parabank.dao.jdbc.JdbcPositionDao - Getting position object for position id = -1
16:26:23.581 [main] ERROR com.parasoft.parabank.service.ParaBankServiceImpl - DataAccessException caught :
org.springframework.dao.EmptyResultDataAccessException: Incorrect result size: expected 1, actual 0
	at org.springframework.dao.support.DataAccessUtils.nullableSingleResult(DataAccessUtils.java:97) ~[spring-tx-5.3.24.jar:5.3.24]
	at org.springframework.jdbc.core.JdbcTemplate.queryForObject(JdbcTemplate.java:887) ~[spring-jdbc-5.3.24.jar:5.3.24]
	at com.parasoft.parabank.dao.jdbc.JdbcPositionDao.getPosition(JdbcPositionDao.java:104) ~[classes/:?]
	at com.parasoft.parabank.domain.logic.impl.BankManagerImpl.getPosition(BankManagerImpl.java:217) ~[classes/:?]
	at jdk.internal.reflect.NativeMethodAccessorImpl.invoke0(Native Method) ~[?:?]
	at jdk.internal.reflect.NativeMethodAccessorImpl.invoke(NativeMethodAccessorImpl.java:62) ~[?:?]
	at jdk.internal.reflect.DelegatingMethodAccessorImpl.invoke(DelegatingMethodAccessorImpl.java:43) ~[?:?]
	at java.lang.reflect.Method.invoke(Method.java:566) ~[?:?]
	at org.springframework.aop.support.AopUtils.invokeJoinpointUsingReflection(AopUtils.java:344) ~[spring-aop-5.3.24.jar:5.3.24]
	at org.springframework.aop.framework.ReflectiveMethodInvocation.invokeJoinpoint(ReflectiveMethodInvocation.java:198) ~[spring-aop-5.3.24.jar:5.3.24]
	at org.springframework.aop.framework.ReflectiveMethodInvocation.proceed(ReflectiveMethodInvocation.java:163) ~[spring-aop-5.3.24.jar:5.3.24]
	at org.springframework.transaction.interceptor.TransactionInterceptor$1.proceedWithInvocation(TransactionInterceptor.java:123) ~[spring-tx-5.3.24.jar:5.3.24]
	at org.springframework.transaction.interceptor.TransactionAspectSupport.invokeWithinTransaction(TransactionAspectSupport.java:388) ~[spring-tx-5.3.24.jar:5.3.24]
	at org.springframework.transaction.interceptor.TransactionInterceptor.invoke(TransactionInterceptor.java:119) ~[spring-tx-5.3.24.jar:5.3.24]
	at org.springframework.aop.framework.ReflectiveMethodInvocation.proceed(ReflectiveMethodInvocation.java:186) ~[spring-aop-5.3.24.jar:5.3.24]
	at org.springframework.aop.interceptor.ExposeInvocationInterceptor.invoke(ExposeInvocationInterceptor.java:97) ~[spring-aop-5.3.24.jar:5.3.24]
	at org.springframework.aop.framework.ReflectiveMethodInvocation.proceed(ReflectiveMethodInvocation.java:186) ~[spring-aop-5.3.24.jar:5.3.24]
	at org.springframework.aop.framework.JdkDynamicAopProxy.invoke(JdkDynamicAopProxy.java:215) ~[spring-aop-5.3.24.jar:5.3.24]
	at com.sun.proxy.$Proxy90.getPosition(Unknown Source) ~[?:?]
	at com.parasoft.parabank.service.ParaBankServiceImpl.getPosition(ParaBankServiceImpl.java:184) ~[classes/:?]
	at com.parasoft.parabank.service.ParaBankServiceImplTest.testGetPosition(ParaBankServiceImplTest.java:214) ~[test-classes/:?]
	at jdk.internal.reflect.NativeMethodAccessorImpl.invoke0(Native Method) ~[?:?]
	at jdk.internal.reflect.NativeMethodAccessorImpl.invoke(NativeMethodAccessorImpl.java:62) ~[?:?]
	at jdk.internal.reflect.DelegatingMethodAccessorImpl.invoke(DelegatingMethodAccessorImpl.java:43) ~[?:?]
	at java.lang.reflect.Method.invoke(Method.java:566) ~[?:?]
	at org.junit.runners.model.FrameworkMethod$1.runReflectiveCall(FrameworkMethod.java:59) ~[junit-4.13.2.jar:4.13.2]
	at org.junit.internal.runners.model.ReflectiveCallable.run(ReflectiveCallable.java:12) ~[junit-4.13.2.jar:4.13.2]
	at org.junit.runners.model.FrameworkMethod.invokeExplosively(FrameworkMethod.java:56) ~[junit-4.13.2.jar:4.13.2]
	at org.junit.internal.runners.statements.InvokeMethod.evaluate(InvokeMethod.java:17) ~[junit-4.13.2.jar:4.13.2]
	at org.springframework.test.context.junit4.statements.RunBeforeTestExecutionCallbacks.evaluate(RunBeforeTestExecutionCallbacks.java:74) ~[spring-test-5.3.24.jar:5.3.24]
	at org.springframework.test.context.junit4.statements.RunAfterTestExecutionCallbacks.evaluate(RunAfterTestExecutionCallbacks.java:84) ~[spring-test-5.3.24.jar:5.3.24]
	at org.junit.internal.runners.statements.RunBefores.evaluate(RunBefores.java:26) ~[junit-4.13.2.jar:4.13.2]
	at org.springframework.test.context.junit4.statements.RunBeforeTestMethodCallbacks.evaluate(RunBeforeTestMethodCallbacks.java:75) ~[spring-test-5.3.24.jar:5.3.24]
	at org.junit.internal.runners.statements.RunAfters.evaluate(RunAfters.java:27) ~[junit-4.13.2.jar:4.13.2]
	at org.springframework.test.context.junit4.statements.RunAfterTestMethodCallbacks.evaluate(RunAfterTestMethodCallbacks.java:86) ~[spring-test-5.3.24.jar:5.3.24]
	at com.github.tomakehurst.wiremock.junit.WireMockRule$1.evaluate(WireMockRule.java:67) ~[wiremock-jre8-2.35.0.jar:?]
	at org.springframework.test.context.junit4.statements.SpringRepeat.evaluate(SpringRepeat.java:84) ~[spring-test-5.3.24.jar:5.3.24]
	at org.junit.runners.ParentRunner.runLeaf(ParentRunner.java:366) ~[junit-4.13.2.jar:4.13.2]
	at org.springframework.test.context.junit4.SpringJUnit4ClassRunner.runChild(SpringJUnit4ClassRunner.java:251) ~[spring-test-5.3.24.jar:5.3.24]
	at org.springframework.test.context.junit4.SpringJUnit4ClassRunner.runChild(SpringJUnit4ClassRunner.java:97) ~[spring-test-5.3.24.jar:5.3.24]
	at org.junit.runners.ParentRunner$4.run(ParentRunner.java:331) ~[junit-4.13.2.jar:4.13.2]
	at org.junit.runners.ParentRunner$1.schedule(ParentRunner.java:79) ~[junit-4.13.2.jar:4.13.2]
	at org.junit.runners.ParentRunner.runChildren(ParentRunner.java:329) ~[junit-4.13.2.jar:4.13.2]
	at org.junit.runners.ParentRunner.access$100(ParentRunner.java:66) ~[junit-4.13.2.jar:4.13.2]
	at org.junit.runners.ParentRunner$2.evaluate(ParentRunner.java:293) ~[junit-4.13.2.jar:4.13.2]
	at org.junit.internal.runners.statements.RunBefores.evaluate(RunBefores.java:26) ~[junit-4.13.2.jar:4.13.2]
	at org.springframework.test.context.junit4.statements.RunBeforeTestClassCallbacks.evaluate(RunBeforeTestClassCallbacks.java:61) ~[spring-test-5.3.24.jar:5.3.24]
	at org.junit.internal.runners.statements.RunAfters.evaluate(RunAfters.java:27) ~[junit-4.13.2.jar:4.13.2]
	at org.springframework.test.context.junit4.statements.RunAfterTestClassCallbacks.evaluate(RunAfterTestClassCallbacks.java:70) ~[spring-test-5.3.24.jar:5.3.24]
	at org.junit.runners.ParentRunner$3.evaluate(ParentRunner.java:306) ~[junit-4.13.2.jar:4.13.2]
	at org.junit.runners.ParentRunner.run(ParentRunner.java:413) ~[junit-4.13.2.jar:4.13.2]
	at org.springframework.test.context.junit4.SpringJUnit4ClassRunner.run(SpringJUnit4ClassRunner.java:190) ~[spring-test-5.3.24.jar:5.3.24]
	at org.apache.maven.surefire.junit4.JUnit4Provider.execute(JUnit4Provider.java:377) ~[surefire-junit4-3.0.0-M7.jar:3.0.0-M7]
	at org.apache.maven.surefire.junit4.JUnit4Provider.executeWithRerun(JUnit4Provider.java:284) ~[surefire-junit4-3.0.0-M7.jar:3.0.0-M7]
	at org.apache.maven.surefire.junit4.JUnit4Provider.executeTestSet(JUnit4Provider.java:248) ~[surefire-junit4-3.0.0-M7.jar:3.0.0-M7]
	at org.apache.maven.surefire.junit4.JUnit4Provider.invoke(JUnit4Provider.java:167) ~[surefire-junit4-3.0.0-M7.jar:3.0.0-M7]
	at org.apache.maven.surefire.booter.ForkedBooter.runSuitesInProcess(ForkedBooter.java:456) ~[surefire-booter-3.0.0-M7.jar:3.0.0-M7]
	at org.apache.maven.surefire.booter.ForkedBooter.execute(ForkedBooter.java:169) ~[surefire-booter-3.0.0-M7.jar:3.0.0-M7]
	at org.apache.maven.surefire.booter.ForkedBooter.run(ForkedBooter.java:595) ~[surefire-booter-3.0.0-M7.jar:3.0.0-M7]
	at org.apache.maven.surefire.booter.ForkedBooter.main(ForkedBooter.java:581) ~[surefire-booter-3.0.0-M7.jar:3.0.0-M7]
16:26:23.584 [main] INFO  org.eclipse.jetty.server.AbstractConnector - Stopped NetworkTrafficServerConnector@4e71c196{HTTP/1.1, (http/1.1, h2c)}{0.0.0.0:19089}
16:26:23.584 [main] INFO  org.eclipse.jetty.server.handler.ContextHandler - Stopped o.e.j.s.ServletContextHandler@4ed70448{/,null,STOPPED}
16:26:23.584 [main] INFO  org.eclipse.jetty.server.handler.ContextHandler - Stopped o.e.j.s.ServletContextHandler@4d923ffc{/__admin,null,STOPPED}
]]></system-out>
  </testcase>
  <testcase name="testGetPositions" classname="com.parasoft.parabank.service.ParaBankServiceImplTest" time="0.129">
    <system-out><![CDATA[16:26:23.589 [main] INFO  org.eclipse.jetty.server.Server - jetty-9.4.49.v20220914; built: 2022-09-14T01:07:36.601Z; git: 4231a3b2e4cb8548a412a789936d640a97b1aa0a; jvm 11.0.10+8-LTS-162
16:26:23.590 [main] INFO  org.eclipse.jetty.server.handler.ContextHandler - Started o.e.j.s.ServletContextHandler@1fe2da60{/__admin,null,AVAILABLE}
16:26:23.590 [main] INFO  org.eclipse.jetty.server.handler.ContextHandler.ROOT - RequestHandlerClass from context returned com.github.tomakehurst.wiremock.http.StubRequestHandler. Normalized mapped under returned 'null'
16:26:23.590 [main] INFO  org.eclipse.jetty.server.handler.ContextHandler - Started o.e.j.s.ServletContextHandler@6e1ece3d{/,null,AVAILABLE}
16:26:23.592 [main] INFO  org.eclipse.jetty.server.AbstractConnector - Started NetworkTrafficServerConnector@1e0630cc{HTTP/1.1, (http/1.1, h2c)}{0.0.0.0:19089}
16:26:23.592 [main] INFO  org.eclipse.jetty.server.Server - Started @22443ms
16:26:23.698 [qtp180123422-681] INFO  org.eclipse.jetty.server.handler.ContextHandler.__admin - RequestHandlerClass from context returned com.github.tomakehurst.wiremock.http.AdminRequestHandler. Normalized mapped under returned 'null'
16:26:23.700 [main] INFO  com.parasoft.parabank.test.util.AbstractParaBankDataSourceTest - loaded requestLoan mock for wsdl
16:26:23.704 [main] INFO  com.parasoft.parabank.test.util.AbstractParaBankDataSourceTest - loaded requestLoan mock for 10.00
16:26:23.707 [main] INFO  com.parasoft.parabank.test.util.AbstractParaBankDataSourceTest - loaded requestLoan mock for 100.00
16:26:23.709 [main] INFO  com.parasoft.parabank.test.util.AbstractParaBankDataSourceTest - loaded requestLoan mock for 1000.00
16:26:23.712 [main] INFO  com.parasoft.parabank.test.util.AbstractParaBankDataSourceTest - loaded requestLoan mock for 10000.00
16:26:23.713 [main] INFO  com.parasoft.parabank.dao.jdbc.JdbcCustomerDao - Getting customer object for id = 12212
16:26:23.714 [main] INFO  com.parasoft.parabank.dao.jdbc.JdbcPositionDao - Retrieved 3 positions for customer id = 12212
16:26:23.715 [main] INFO  com.parasoft.parabank.dao.jdbc.JdbcCustomerDao - Getting customer object for id = -1
16:26:23.715 [main] ERROR com.parasoft.parabank.service.ParaBankServiceImpl - DataAccessException caught :
org.springframework.dao.EmptyResultDataAccessException: Incorrect result size: expected 1, actual 0
	at org.springframework.dao.support.DataAccessUtils.nullableSingleResult(DataAccessUtils.java:97) ~[spring-tx-5.3.24.jar:5.3.24]
	at org.springframework.jdbc.core.JdbcTemplate.queryForObject(JdbcTemplate.java:887) ~[spring-jdbc-5.3.24.jar:5.3.24]
	at com.parasoft.parabank.dao.jdbc.JdbcCustomerDao.getCustomer(JdbcCustomerDao.java:81) ~[classes/:?]
	at com.parasoft.parabank.domain.logic.impl.BankManagerImpl.getCustomer(BankManagerImpl.java:185) ~[classes/:?]
	at jdk.internal.reflect.NativeMethodAccessorImpl.invoke0(Native Method) ~[?:?]
	at jdk.internal.reflect.NativeMethodAccessorImpl.invoke(NativeMethodAccessorImpl.java:62) ~[?:?]
	at jdk.internal.reflect.DelegatingMethodAccessorImpl.invoke(DelegatingMethodAccessorImpl.java:43) ~[?:?]
	at java.lang.reflect.Method.invoke(Method.java:566) ~[?:?]
	at org.springframework.aop.support.AopUtils.invokeJoinpointUsingReflection(AopUtils.java:344) ~[spring-aop-5.3.24.jar:5.3.24]
	at org.springframework.aop.framework.ReflectiveMethodInvocation.invokeJoinpoint(ReflectiveMethodInvocation.java:198) ~[spring-aop-5.3.24.jar:5.3.24]
	at org.springframework.aop.framework.ReflectiveMethodInvocation.proceed(ReflectiveMethodInvocation.java:163) ~[spring-aop-5.3.24.jar:5.3.24]
	at org.springframework.transaction.interceptor.TransactionInterceptor$1.proceedWithInvocation(TransactionInterceptor.java:123) ~[spring-tx-5.3.24.jar:5.3.24]
	at org.springframework.transaction.interceptor.TransactionAspectSupport.invokeWithinTransaction(TransactionAspectSupport.java:388) ~[spring-tx-5.3.24.jar:5.3.24]
	at org.springframework.transaction.interceptor.TransactionInterceptor.invoke(TransactionInterceptor.java:119) ~[spring-tx-5.3.24.jar:5.3.24]
	at org.springframework.aop.framework.ReflectiveMethodInvocation.proceed(ReflectiveMethodInvocation.java:186) ~[spring-aop-5.3.24.jar:5.3.24]
	at org.springframework.aop.interceptor.ExposeInvocationInterceptor.invoke(ExposeInvocationInterceptor.java:97) ~[spring-aop-5.3.24.jar:5.3.24]
	at org.springframework.aop.framework.ReflectiveMethodInvocation.proceed(ReflectiveMethodInvocation.java:186) ~[spring-aop-5.3.24.jar:5.3.24]
	at org.springframework.aop.framework.JdkDynamicAopProxy.invoke(JdkDynamicAopProxy.java:215) ~[spring-aop-5.3.24.jar:5.3.24]
	at com.sun.proxy.$Proxy90.getCustomer(Unknown Source) ~[?:?]
	at com.parasoft.parabank.service.ParaBankServiceImpl.getPositions(ParaBankServiceImpl.java:216) ~[classes/:?]
	at com.parasoft.parabank.service.ParaBankServiceImplTest.testGetPositions(ParaBankServiceImplTest.java:242) ~[test-classes/:?]
	at jdk.internal.reflect.NativeMethodAccessorImpl.invoke0(Native Method) ~[?:?]
	at jdk.internal.reflect.NativeMethodAccessorImpl.invoke(NativeMethodAccessorImpl.java:62) ~[?:?]
	at jdk.internal.reflect.DelegatingMethodAccessorImpl.invoke(DelegatingMethodAccessorImpl.java:43) ~[?:?]
	at java.lang.reflect.Method.invoke(Method.java:566) ~[?:?]
	at org.junit.runners.model.FrameworkMethod$1.runReflectiveCall(FrameworkMethod.java:59) ~[junit-4.13.2.jar:4.13.2]
	at org.junit.internal.runners.model.ReflectiveCallable.run(ReflectiveCallable.java:12) ~[junit-4.13.2.jar:4.13.2]
	at org.junit.runners.model.FrameworkMethod.invokeExplosively(FrameworkMethod.java:56) ~[junit-4.13.2.jar:4.13.2]
	at org.junit.internal.runners.statements.InvokeMethod.evaluate(InvokeMethod.java:17) ~[junit-4.13.2.jar:4.13.2]
	at org.springframework.test.context.junit4.statements.RunBeforeTestExecutionCallbacks.evaluate(RunBeforeTestExecutionCallbacks.java:74) ~[spring-test-5.3.24.jar:5.3.24]
	at org.springframework.test.context.junit4.statements.RunAfterTestExecutionCallbacks.evaluate(RunAfterTestExecutionCallbacks.java:84) ~[spring-test-5.3.24.jar:5.3.24]
	at org.junit.internal.runners.statements.RunBefores.evaluate(RunBefores.java:26) ~[junit-4.13.2.jar:4.13.2]
	at org.springframework.test.context.junit4.statements.RunBeforeTestMethodCallbacks.evaluate(RunBeforeTestMethodCallbacks.java:75) ~[spring-test-5.3.24.jar:5.3.24]
	at org.junit.internal.runners.statements.RunAfters.evaluate(RunAfters.java:27) ~[junit-4.13.2.jar:4.13.2]
	at org.springframework.test.context.junit4.statements.RunAfterTestMethodCallbacks.evaluate(RunAfterTestMethodCallbacks.java:86) ~[spring-test-5.3.24.jar:5.3.24]
	at com.github.tomakehurst.wiremock.junit.WireMockRule$1.evaluate(WireMockRule.java:67) ~[wiremock-jre8-2.35.0.jar:?]
	at org.springframework.test.context.junit4.statements.SpringRepeat.evaluate(SpringRepeat.java:84) ~[spring-test-5.3.24.jar:5.3.24]
	at org.junit.runners.ParentRunner.runLeaf(ParentRunner.java:366) ~[junit-4.13.2.jar:4.13.2]
	at org.springframework.test.context.junit4.SpringJUnit4ClassRunner.runChild(SpringJUnit4ClassRunner.java:251) ~[spring-test-5.3.24.jar:5.3.24]
	at org.springframework.test.context.junit4.SpringJUnit4ClassRunner.runChild(SpringJUnit4ClassRunner.java:97) ~[spring-test-5.3.24.jar:5.3.24]
	at org.junit.runners.ParentRunner$4.run(ParentRunner.java:331) ~[junit-4.13.2.jar:4.13.2]
	at org.junit.runners.ParentRunner$1.schedule(ParentRunner.java:79) ~[junit-4.13.2.jar:4.13.2]
	at org.junit.runners.ParentRunner.runChildren(ParentRunner.java:329) ~[junit-4.13.2.jar:4.13.2]
	at org.junit.runners.ParentRunner.access$100(ParentRunner.java:66) ~[junit-4.13.2.jar:4.13.2]
	at org.junit.runners.ParentRunner$2.evaluate(ParentRunner.java:293) ~[junit-4.13.2.jar:4.13.2]
	at org.junit.internal.runners.statements.RunBefores.evaluate(RunBefores.java:26) ~[junit-4.13.2.jar:4.13.2]
	at org.springframework.test.context.junit4.statements.RunBeforeTestClassCallbacks.evaluate(RunBeforeTestClassCallbacks.java:61) ~[spring-test-5.3.24.jar:5.3.24]
	at org.junit.internal.runners.statements.RunAfters.evaluate(RunAfters.java:27) ~[junit-4.13.2.jar:4.13.2]
	at org.springframework.test.context.junit4.statements.RunAfterTestClassCallbacks.evaluate(RunAfterTestClassCallbacks.java:70) ~[spring-test-5.3.24.jar:5.3.24]
	at org.junit.runners.ParentRunner$3.evaluate(ParentRunner.java:306) ~[junit-4.13.2.jar:4.13.2]
	at org.junit.runners.ParentRunner.run(ParentRunner.java:413) ~[junit-4.13.2.jar:4.13.2]
	at org.springframework.test.context.junit4.SpringJUnit4ClassRunner.run(SpringJUnit4ClassRunner.java:190) ~[spring-test-5.3.24.jar:5.3.24]
	at org.apache.maven.surefire.junit4.JUnit4Provider.execute(JUnit4Provider.java:377) ~[surefire-junit4-3.0.0-M7.jar:3.0.0-M7]
	at org.apache.maven.surefire.junit4.JUnit4Provider.executeWithRerun(JUnit4Provider.java:284) ~[surefire-junit4-3.0.0-M7.jar:3.0.0-M7]
	at org.apache.maven.surefire.junit4.JUnit4Provider.executeTestSet(JUnit4Provider.java:248) ~[surefire-junit4-3.0.0-M7.jar:3.0.0-M7]
	at org.apache.maven.surefire.junit4.JUnit4Provider.invoke(JUnit4Provider.java:167) ~[surefire-junit4-3.0.0-M7.jar:3.0.0-M7]
	at org.apache.maven.surefire.booter.ForkedBooter.runSuitesInProcess(ForkedBooter.java:456) ~[surefire-booter-3.0.0-M7.jar:3.0.0-M7]
	at org.apache.maven.surefire.booter.ForkedBooter.execute(ForkedBooter.java:169) ~[surefire-booter-3.0.0-M7.jar:3.0.0-M7]
	at org.apache.maven.surefire.booter.ForkedBooter.run(ForkedBooter.java:595) ~[surefire-booter-3.0.0-M7.jar:3.0.0-M7]
	at org.apache.maven.surefire.booter.ForkedBooter.main(ForkedBooter.java:581) ~[surefire-booter-3.0.0-M7.jar:3.0.0-M7]
16:26:23.718 [main] INFO  org.eclipse.jetty.server.AbstractConnector - Stopped NetworkTrafficServerConnector@1e0630cc{HTTP/1.1, (http/1.1, h2c)}{0.0.0.0:19089}
16:26:23.718 [main] INFO  org.eclipse.jetty.server.handler.ContextHandler - Stopped o.e.j.s.ServletContextHandler@6e1ece3d{/,null,STOPPED}
16:26:23.718 [main] INFO  org.eclipse.jetty.server.handler.ContextHandler - Stopped o.e.j.s.ServletContextHandler@1fe2da60{/__admin,null,STOPPED}
]]></system-out>
  </testcase>
  <testcase name="testLogin" classname="com.parasoft.parabank.service.ParaBankServiceImplTest" time="0.132">
    <system-out><![CDATA[16:26:23.723 [main] INFO  org.eclipse.jetty.server.Server - jetty-9.4.49.v20220914; built: 2022-09-14T01:07:36.601Z; git: 4231a3b2e4cb8548a412a789936d640a97b1aa0a; jvm 11.0.10+8-LTS-162
16:26:23.723 [main] INFO  org.eclipse.jetty.server.handler.ContextHandler - Started o.e.j.s.ServletContextHandler@1d2035c2{/__admin,null,AVAILABLE}
16:26:23.723 [main] INFO  org.eclipse.jetty.server.handler.ContextHandler.ROOT - RequestHandlerClass from context returned com.github.tomakehurst.wiremock.http.StubRequestHandler. Normalized mapped under returned 'null'
16:26:23.723 [main] INFO  org.eclipse.jetty.server.handler.ContextHandler - Started o.e.j.s.ServletContextHandler@271e8be8{/,null,AVAILABLE}
16:26:23.725 [main] INFO  org.eclipse.jetty.server.AbstractConnector - Started NetworkTrafficServerConnector@5150ba5a{HTTP/1.1, (http/1.1, h2c)}{0.0.0.0:19089}
16:26:23.725 [main] INFO  org.eclipse.jetty.server.Server - Started @22577ms
16:26:23.836 [qtp752694840-690] INFO  org.eclipse.jetty.server.handler.ContextHandler.__admin - RequestHandlerClass from context returned com.github.tomakehurst.wiremock.http.AdminRequestHandler. Normalized mapped under returned 'null'
16:26:23.838 [main] INFO  com.parasoft.parabank.test.util.AbstractParaBankDataSourceTest - loaded requestLoan mock for wsdl
16:26:23.841 [main] INFO  com.parasoft.parabank.test.util.AbstractParaBankDataSourceTest - loaded requestLoan mock for 10.00
16:26:23.844 [main] INFO  com.parasoft.parabank.test.util.AbstractParaBankDataSourceTest - loaded requestLoan mock for 100.00
16:26:23.847 [main] INFO  com.parasoft.parabank.test.util.AbstractParaBankDataSourceTest - loaded requestLoan mock for 1000.00
16:26:23.850 [main] INFO  com.parasoft.parabank.test.util.AbstractParaBankDataSourceTest - loaded requestLoan mock for 10000.00
16:26:23.851 [main] INFO  com.parasoft.parabank.dao.jdbc.JdbcCustomerDao - Getting customer object for username = john and password = demo
16:26:23.852 [main] INFO  com.parasoft.parabank.dao.jdbc.JdbcCustomerDao - Getting customer object for username = null and password = null
16:26:23.852 [main] WARN  com.parasoft.parabank.dao.jdbc.JdbcCustomerDao - Invalid login attempt with username = null and password = null
16:26:23.854 [main] INFO  org.eclipse.jetty.server.AbstractConnector - Stopped NetworkTrafficServerConnector@5150ba5a{HTTP/1.1, (http/1.1, h2c)}{0.0.0.0:19089}
16:26:23.854 [main] INFO  org.eclipse.jetty.server.handler.ContextHandler - Stopped o.e.j.s.ServletContextHandler@271e8be8{/,null,STOPPED}
16:26:23.854 [main] INFO  org.eclipse.jetty.server.handler.ContextHandler - Stopped o.e.j.s.ServletContextHandler@1d2035c2{/__admin,null,STOPPED}
]]></system-out>
  </testcase>
  <testcase name="testGetTransactions" classname="com.parasoft.parabank.service.ParaBankServiceImplTest" time="0.133">
    <system-out><![CDATA[16:26:23.859 [main] INFO  org.eclipse.jetty.server.Server - jetty-9.4.49.v20220914; built: 2022-09-14T01:07:36.601Z; git: 4231a3b2e4cb8548a412a789936d640a97b1aa0a; jvm 11.0.10+8-LTS-162
16:26:23.860 [main] INFO  org.eclipse.jetty.server.handler.ContextHandler - Started o.e.j.s.ServletContextHandler@22d61fa7{/__admin,null,AVAILABLE}
16:26:23.860 [main] INFO  org.eclipse.jetty.server.handler.ContextHandler.ROOT - RequestHandlerClass from context returned com.github.tomakehurst.wiremock.http.StubRequestHandler. Normalized mapped under returned 'null'
16:26:23.860 [main] INFO  org.eclipse.jetty.server.handler.ContextHandler - Started o.e.j.s.ServletContextHandler@2989e190{/,null,AVAILABLE}
16:26:23.861 [main] INFO  org.eclipse.jetty.server.AbstractConnector - Started NetworkTrafficServerConnector@6a039d30{HTTP/1.1, (http/1.1, h2c)}{0.0.0.0:19089}
16:26:23.861 [main] INFO  org.eclipse.jetty.server.Server - Started @22713ms
16:26:23.975 [qtp1090625437-701] INFO  org.eclipse.jetty.server.handler.ContextHandler.__admin - RequestHandlerClass from context returned com.github.tomakehurst.wiremock.http.AdminRequestHandler. Normalized mapped under returned 'null'
16:26:23.976 [main] INFO  com.parasoft.parabank.test.util.AbstractParaBankDataSourceTest - loaded requestLoan mock for wsdl
16:26:23.979 [main] INFO  com.parasoft.parabank.test.util.AbstractParaBankDataSourceTest - loaded requestLoan mock for 10.00
16:26:23.981 [main] INFO  com.parasoft.parabank.test.util.AbstractParaBankDataSourceTest - loaded requestLoan mock for 100.00
16:26:23.984 [main] INFO  com.parasoft.parabank.test.util.AbstractParaBankDataSourceTest - loaded requestLoan mock for 1000.00
16:26:23.986 [main] INFO  com.parasoft.parabank.test.util.AbstractParaBankDataSourceTest - loaded requestLoan mock for 10000.00
16:26:23.987 [main] INFO  com.parasoft.parabank.dao.jdbc.JdbcAccountDao - Getting account object for id = 12345
16:26:23.989 [main] INFO  com.parasoft.parabank.dao.jdbc.JdbcTransactionDao - Retrieved 7 transactions for accountId = 12345
16:26:23.989 [main] INFO  com.parasoft.parabank.dao.jdbc.JdbcAccountDao - Getting account object for id = -1
16:26:23.989 [main] ERROR com.parasoft.parabank.service.ParaBankServiceImpl - DataAccessException caught :
org.springframework.dao.EmptyResultDataAccessException: Incorrect result size: expected 1, actual 0
	at org.springframework.dao.support.DataAccessUtils.nullableSingleResult(DataAccessUtils.java:97) ~[spring-tx-5.3.24.jar:5.3.24]
	at org.springframework.jdbc.core.JdbcTemplate.queryForObject(JdbcTemplate.java:887) ~[spring-jdbc-5.3.24.jar:5.3.24]
	at com.parasoft.parabank.dao.jdbc.JdbcAccountDao.getAccount(JdbcAccountDao.java:107) ~[classes/:?]
	at com.parasoft.parabank.domain.logic.impl.BankManagerImpl.getAccount(BankManagerImpl.java:165) ~[classes/:?]
	at jdk.internal.reflect.NativeMethodAccessorImpl.invoke0(Native Method) ~[?:?]
	at jdk.internal.reflect.NativeMethodAccessorImpl.invoke(NativeMethodAccessorImpl.java:62) ~[?:?]
	at jdk.internal.reflect.DelegatingMethodAccessorImpl.invoke(DelegatingMethodAccessorImpl.java:43) ~[?:?]
	at java.lang.reflect.Method.invoke(Method.java:566) ~[?:?]
	at org.springframework.aop.support.AopUtils.invokeJoinpointUsingReflection(AopUtils.java:344) ~[spring-aop-5.3.24.jar:5.3.24]
	at org.springframework.aop.framework.ReflectiveMethodInvocation.invokeJoinpoint(ReflectiveMethodInvocation.java:198) ~[spring-aop-5.3.24.jar:5.3.24]
	at org.springframework.aop.framework.ReflectiveMethodInvocation.proceed(ReflectiveMethodInvocation.java:163) ~[spring-aop-5.3.24.jar:5.3.24]
	at org.springframework.transaction.interceptor.TransactionInterceptor$1.proceedWithInvocation(TransactionInterceptor.java:123) ~[spring-tx-5.3.24.jar:5.3.24]
	at org.springframework.transaction.interceptor.TransactionAspectSupport.invokeWithinTransaction(TransactionAspectSupport.java:388) ~[spring-tx-5.3.24.jar:5.3.24]
	at org.springframework.transaction.interceptor.TransactionInterceptor.invoke(TransactionInterceptor.java:119) ~[spring-tx-5.3.24.jar:5.3.24]
	at org.springframework.aop.framework.ReflectiveMethodInvocation.proceed(ReflectiveMethodInvocation.java:186) ~[spring-aop-5.3.24.jar:5.3.24]
	at org.springframework.aop.interceptor.ExposeInvocationInterceptor.invoke(ExposeInvocationInterceptor.java:97) ~[spring-aop-5.3.24.jar:5.3.24]
	at org.springframework.aop.framework.ReflectiveMethodInvocation.proceed(ReflectiveMethodInvocation.java:186) ~[spring-aop-5.3.24.jar:5.3.24]
	at org.springframework.aop.framework.JdkDynamicAopProxy.invoke(JdkDynamicAopProxy.java:215) ~[spring-aop-5.3.24.jar:5.3.24]
	at com.sun.proxy.$Proxy90.getAccount(Unknown Source) ~[?:?]
	at com.parasoft.parabank.service.ParaBankServiceImpl.getTransactions(ParaBankServiceImpl.java:247) ~[classes/:?]
	at com.parasoft.parabank.service.ParaBankServiceImplTest.testGetTransactions(ParaBankServiceImplTest.java:267) ~[test-classes/:?]
	at jdk.internal.reflect.NativeMethodAccessorImpl.invoke0(Native Method) ~[?:?]
	at jdk.internal.reflect.NativeMethodAccessorImpl.invoke(NativeMethodAccessorImpl.java:62) ~[?:?]
	at jdk.internal.reflect.DelegatingMethodAccessorImpl.invoke(DelegatingMethodAccessorImpl.java:43) ~[?:?]
	at java.lang.reflect.Method.invoke(Method.java:566) ~[?:?]
	at org.junit.runners.model.FrameworkMethod$1.runReflectiveCall(FrameworkMethod.java:59) ~[junit-4.13.2.jar:4.13.2]
	at org.junit.internal.runners.model.ReflectiveCallable.run(ReflectiveCallable.java:12) ~[junit-4.13.2.jar:4.13.2]
	at org.junit.runners.model.FrameworkMethod.invokeExplosively(FrameworkMethod.java:56) ~[junit-4.13.2.jar:4.13.2]
	at org.junit.internal.runners.statements.InvokeMethod.evaluate(InvokeMethod.java:17) ~[junit-4.13.2.jar:4.13.2]
	at org.springframework.test.context.junit4.statements.RunBeforeTestExecutionCallbacks.evaluate(RunBeforeTestExecutionCallbacks.java:74) ~[spring-test-5.3.24.jar:5.3.24]
	at org.springframework.test.context.junit4.statements.RunAfterTestExecutionCallbacks.evaluate(RunAfterTestExecutionCallbacks.java:84) ~[spring-test-5.3.24.jar:5.3.24]
	at org.junit.internal.runners.statements.RunBefores.evaluate(RunBefores.java:26) ~[junit-4.13.2.jar:4.13.2]
	at org.springframework.test.context.junit4.statements.RunBeforeTestMethodCallbacks.evaluate(RunBeforeTestMethodCallbacks.java:75) ~[spring-test-5.3.24.jar:5.3.24]
	at org.junit.internal.runners.statements.RunAfters.evaluate(RunAfters.java:27) ~[junit-4.13.2.jar:4.13.2]
	at org.springframework.test.context.junit4.statements.RunAfterTestMethodCallbacks.evaluate(RunAfterTestMethodCallbacks.java:86) ~[spring-test-5.3.24.jar:5.3.24]
	at com.github.tomakehurst.wiremock.junit.WireMockRule$1.evaluate(WireMockRule.java:67) ~[wiremock-jre8-2.35.0.jar:?]
	at org.springframework.test.context.junit4.statements.SpringRepeat.evaluate(SpringRepeat.java:84) ~[spring-test-5.3.24.jar:5.3.24]
	at org.junit.runners.ParentRunner.runLeaf(ParentRunner.java:366) ~[junit-4.13.2.jar:4.13.2]
	at org.springframework.test.context.junit4.SpringJUnit4ClassRunner.runChild(SpringJUnit4ClassRunner.java:251) ~[spring-test-5.3.24.jar:5.3.24]
	at org.springframework.test.context.junit4.SpringJUnit4ClassRunner.runChild(SpringJUnit4ClassRunner.java:97) ~[spring-test-5.3.24.jar:5.3.24]
	at org.junit.runners.ParentRunner$4.run(ParentRunner.java:331) ~[junit-4.13.2.jar:4.13.2]
	at org.junit.runners.ParentRunner$1.schedule(ParentRunner.java:79) ~[junit-4.13.2.jar:4.13.2]
	at org.junit.runners.ParentRunner.runChildren(ParentRunner.java:329) ~[junit-4.13.2.jar:4.13.2]
	at org.junit.runners.ParentRunner.access$100(ParentRunner.java:66) ~[junit-4.13.2.jar:4.13.2]
	at org.junit.runners.ParentRunner$2.evaluate(ParentRunner.java:293) ~[junit-4.13.2.jar:4.13.2]
	at org.junit.internal.runners.statements.RunBefores.evaluate(RunBefores.java:26) ~[junit-4.13.2.jar:4.13.2]
	at org.springframework.test.context.junit4.statements.RunBeforeTestClassCallbacks.evaluate(RunBeforeTestClassCallbacks.java:61) ~[spring-test-5.3.24.jar:5.3.24]
	at org.junit.internal.runners.statements.RunAfters.evaluate(RunAfters.java:27) ~[junit-4.13.2.jar:4.13.2]
	at org.springframework.test.context.junit4.statements.RunAfterTestClassCallbacks.evaluate(RunAfterTestClassCallbacks.java:70) ~[spring-test-5.3.24.jar:5.3.24]
	at org.junit.runners.ParentRunner$3.evaluate(ParentRunner.java:306) ~[junit-4.13.2.jar:4.13.2]
	at org.junit.runners.ParentRunner.run(ParentRunner.java:413) ~[junit-4.13.2.jar:4.13.2]
	at org.springframework.test.context.junit4.SpringJUnit4ClassRunner.run(SpringJUnit4ClassRunner.java:190) ~[spring-test-5.3.24.jar:5.3.24]
	at org.apache.maven.surefire.junit4.JUnit4Provider.execute(JUnit4Provider.java:377) ~[surefire-junit4-3.0.0-M7.jar:3.0.0-M7]
	at org.apache.maven.surefire.junit4.JUnit4Provider.executeWithRerun(JUnit4Provider.java:284) ~[surefire-junit4-3.0.0-M7.jar:3.0.0-M7]
	at org.apache.maven.surefire.junit4.JUnit4Provider.executeTestSet(JUnit4Provider.java:248) ~[surefire-junit4-3.0.0-M7.jar:3.0.0-M7]
	at org.apache.maven.surefire.junit4.JUnit4Provider.invoke(JUnit4Provider.java:167) ~[surefire-junit4-3.0.0-M7.jar:3.0.0-M7]
	at org.apache.maven.surefire.booter.ForkedBooter.runSuitesInProcess(ForkedBooter.java:456) ~[surefire-booter-3.0.0-M7.jar:3.0.0-M7]
	at org.apache.maven.surefire.booter.ForkedBooter.execute(ForkedBooter.java:169) ~[surefire-booter-3.0.0-M7.jar:3.0.0-M7]
	at org.apache.maven.surefire.booter.ForkedBooter.run(ForkedBooter.java:595) ~[surefire-booter-3.0.0-M7.jar:3.0.0-M7]
	at org.apache.maven.surefire.booter.ForkedBooter.main(ForkedBooter.java:581) ~[surefire-booter-3.0.0-M7.jar:3.0.0-M7]
16:26:23.991 [main] INFO  org.eclipse.jetty.server.AbstractConnector - Stopped NetworkTrafficServerConnector@6a039d30{HTTP/1.1, (http/1.1, h2c)}{0.0.0.0:19089}
16:26:23.991 [main] INFO  org.eclipse.jetty.server.handler.ContextHandler - Stopped o.e.j.s.ServletContextHandler@2989e190{/,null,STOPPED}
16:26:23.991 [main] INFO  org.eclipse.jetty.server.handler.ContextHandler - Stopped o.e.j.s.ServletContextHandler@22d61fa7{/__admin,null,STOPPED}
]]></system-out>
  </testcase>
  <testcase name="testGetAccount" classname="com.parasoft.parabank.service.ParaBankServiceImplTest" time="0.139">
    <system-out><![CDATA[16:26:23.996 [main] INFO  org.eclipse.jetty.server.Server - jetty-9.4.49.v20220914; built: 2022-09-14T01:07:36.601Z; git: 4231a3b2e4cb8548a412a789936d640a97b1aa0a; jvm 11.0.10+8-LTS-162
16:26:23.997 [main] INFO  org.eclipse.jetty.server.handler.ContextHandler - Started o.e.j.s.ServletContextHandler@3f79660e{/__admin,null,AVAILABLE}
16:26:23.997 [main] INFO  org.eclipse.jetty.server.handler.ContextHandler.ROOT - RequestHandlerClass from context returned com.github.tomakehurst.wiremock.http.StubRequestHandler. Normalized mapped under returned 'null'
16:26:23.997 [main] INFO  org.eclipse.jetty.server.handler.ContextHandler - Started o.e.j.s.ServletContextHandler@23c9da95{/,null,AVAILABLE}
16:26:23.999 [main] INFO  org.eclipse.jetty.server.AbstractConnector - Started NetworkTrafficServerConnector@7a72fc23{HTTP/1.1, (http/1.1, h2c)}{0.0.0.0:19089}
16:26:23.999 [main] INFO  org.eclipse.jetty.server.Server - Started @22851ms
16:26:24.115 [qtp358361671-711] INFO  org.eclipse.jetty.server.handler.ContextHandler.__admin - RequestHandlerClass from context returned com.github.tomakehurst.wiremock.http.AdminRequestHandler. Normalized mapped under returned 'null'
16:26:24.117 [main] INFO  com.parasoft.parabank.test.util.AbstractParaBankDataSourceTest - loaded requestLoan mock for wsdl
16:26:24.120 [main] INFO  com.parasoft.parabank.test.util.AbstractParaBankDataSourceTest - loaded requestLoan mock for 10.00
16:26:24.123 [main] INFO  com.parasoft.parabank.test.util.AbstractParaBankDataSourceTest - loaded requestLoan mock for 100.00
16:26:24.126 [main] INFO  com.parasoft.parabank.test.util.AbstractParaBankDataSourceTest - loaded requestLoan mock for 1000.00
16:26:24.129 [main] INFO  com.parasoft.parabank.test.util.AbstractParaBankDataSourceTest - loaded requestLoan mock for 10000.00
16:26:24.130 [main] INFO  com.parasoft.parabank.dao.jdbc.JdbcAccountDao - Getting account object for id = 12345
16:26:24.131 [main] INFO  com.parasoft.parabank.dao.jdbc.JdbcAccountDao - Getting account object for id = -1
16:26:24.132 [main] ERROR com.parasoft.parabank.service.ParaBankServiceImpl - DataAccessException caught :
org.springframework.dao.EmptyResultDataAccessException: Incorrect result size: expected 1, actual 0
	at org.springframework.dao.support.DataAccessUtils.nullableSingleResult(DataAccessUtils.java:97) ~[spring-tx-5.3.24.jar:5.3.24]
	at org.springframework.jdbc.core.JdbcTemplate.queryForObject(JdbcTemplate.java:887) ~[spring-jdbc-5.3.24.jar:5.3.24]
	at com.parasoft.parabank.dao.jdbc.JdbcAccountDao.getAccount(JdbcAccountDao.java:107) ~[classes/:?]
	at com.parasoft.parabank.domain.logic.impl.BankManagerImpl.getAccount(BankManagerImpl.java:165) ~[classes/:?]
	at jdk.internal.reflect.NativeMethodAccessorImpl.invoke0(Native Method) ~[?:?]
	at jdk.internal.reflect.NativeMethodAccessorImpl.invoke(NativeMethodAccessorImpl.java:62) ~[?:?]
	at jdk.internal.reflect.DelegatingMethodAccessorImpl.invoke(DelegatingMethodAccessorImpl.java:43) ~[?:?]
	at java.lang.reflect.Method.invoke(Method.java:566) ~[?:?]
	at org.springframework.aop.support.AopUtils.invokeJoinpointUsingReflection(AopUtils.java:344) ~[spring-aop-5.3.24.jar:5.3.24]
	at org.springframework.aop.framework.ReflectiveMethodInvocation.invokeJoinpoint(ReflectiveMethodInvocation.java:198) ~[spring-aop-5.3.24.jar:5.3.24]
	at org.springframework.aop.framework.ReflectiveMethodInvocation.proceed(ReflectiveMethodInvocation.java:163) ~[spring-aop-5.3.24.jar:5.3.24]
	at org.springframework.transaction.interceptor.TransactionInterceptor$1.proceedWithInvocation(TransactionInterceptor.java:123) ~[spring-tx-5.3.24.jar:5.3.24]
	at org.springframework.transaction.interceptor.TransactionAspectSupport.invokeWithinTransaction(TransactionAspectSupport.java:388) ~[spring-tx-5.3.24.jar:5.3.24]
	at org.springframework.transaction.interceptor.TransactionInterceptor.invoke(TransactionInterceptor.java:119) ~[spring-tx-5.3.24.jar:5.3.24]
	at org.springframework.aop.framework.ReflectiveMethodInvocation.proceed(ReflectiveMethodInvocation.java:186) ~[spring-aop-5.3.24.jar:5.3.24]
	at org.springframework.aop.interceptor.ExposeInvocationInterceptor.invoke(ExposeInvocationInterceptor.java:97) ~[spring-aop-5.3.24.jar:5.3.24]
	at org.springframework.aop.framework.ReflectiveMethodInvocation.proceed(ReflectiveMethodInvocation.java:186) ~[spring-aop-5.3.24.jar:5.3.24]
	at org.springframework.aop.framework.JdkDynamicAopProxy.invoke(JdkDynamicAopProxy.java:215) ~[spring-aop-5.3.24.jar:5.3.24]
	at com.sun.proxy.$Proxy90.getAccount(Unknown Source) ~[?:?]
	at com.parasoft.parabank.service.ParaBankServiceImpl.getAccount(ParaBankServiceImpl.java:124) ~[classes/:?]
	at com.parasoft.parabank.service.ParaBankServiceImplTest.testGetAccount(ParaBankServiceImplTest.java:176) ~[test-classes/:?]
	at jdk.internal.reflect.NativeMethodAccessorImpl.invoke0(Native Method) ~[?:?]
	at jdk.internal.reflect.NativeMethodAccessorImpl.invoke(NativeMethodAccessorImpl.java:62) ~[?:?]
	at jdk.internal.reflect.DelegatingMethodAccessorImpl.invoke(DelegatingMethodAccessorImpl.java:43) ~[?:?]
	at java.lang.reflect.Method.invoke(Method.java:566) ~[?:?]
	at org.junit.runners.model.FrameworkMethod$1.runReflectiveCall(FrameworkMethod.java:59) ~[junit-4.13.2.jar:4.13.2]
	at org.junit.internal.runners.model.ReflectiveCallable.run(ReflectiveCallable.java:12) ~[junit-4.13.2.jar:4.13.2]
	at org.junit.runners.model.FrameworkMethod.invokeExplosively(FrameworkMethod.java:56) ~[junit-4.13.2.jar:4.13.2]
	at org.junit.internal.runners.statements.InvokeMethod.evaluate(InvokeMethod.java:17) ~[junit-4.13.2.jar:4.13.2]
	at org.springframework.test.context.junit4.statements.RunBeforeTestExecutionCallbacks.evaluate(RunBeforeTestExecutionCallbacks.java:74) ~[spring-test-5.3.24.jar:5.3.24]
	at org.springframework.test.context.junit4.statements.RunAfterTestExecutionCallbacks.evaluate(RunAfterTestExecutionCallbacks.java:84) ~[spring-test-5.3.24.jar:5.3.24]
	at org.junit.internal.runners.statements.RunBefores.evaluate(RunBefores.java:26) ~[junit-4.13.2.jar:4.13.2]
	at org.springframework.test.context.junit4.statements.RunBeforeTestMethodCallbacks.evaluate(RunBeforeTestMethodCallbacks.java:75) ~[spring-test-5.3.24.jar:5.3.24]
	at org.junit.internal.runners.statements.RunAfters.evaluate(RunAfters.java:27) ~[junit-4.13.2.jar:4.13.2]
	at org.springframework.test.context.junit4.statements.RunAfterTestMethodCallbacks.evaluate(RunAfterTestMethodCallbacks.java:86) ~[spring-test-5.3.24.jar:5.3.24]
	at com.github.tomakehurst.wiremock.junit.WireMockRule$1.evaluate(WireMockRule.java:67) ~[wiremock-jre8-2.35.0.jar:?]
	at org.springframework.test.context.junit4.statements.SpringRepeat.evaluate(SpringRepeat.java:84) ~[spring-test-5.3.24.jar:5.3.24]
	at org.junit.runners.ParentRunner.runLeaf(ParentRunner.java:366) ~[junit-4.13.2.jar:4.13.2]
	at org.springframework.test.context.junit4.SpringJUnit4ClassRunner.runChild(SpringJUnit4ClassRunner.java:251) ~[spring-test-5.3.24.jar:5.3.24]
	at org.springframework.test.context.junit4.SpringJUnit4ClassRunner.runChild(SpringJUnit4ClassRunner.java:97) ~[spring-test-5.3.24.jar:5.3.24]
	at org.junit.runners.ParentRunner$4.run(ParentRunner.java:331) ~[junit-4.13.2.jar:4.13.2]
	at org.junit.runners.ParentRunner$1.schedule(ParentRunner.java:79) ~[junit-4.13.2.jar:4.13.2]
	at org.junit.runners.ParentRunner.runChildren(ParentRunner.java:329) ~[junit-4.13.2.jar:4.13.2]
	at org.junit.runners.ParentRunner.access$100(ParentRunner.java:66) ~[junit-4.13.2.jar:4.13.2]
	at org.junit.runners.ParentRunner$2.evaluate(ParentRunner.java:293) ~[junit-4.13.2.jar:4.13.2]
	at org.junit.internal.runners.statements.RunBefores.evaluate(RunBefores.java:26) ~[junit-4.13.2.jar:4.13.2]
	at org.springframework.test.context.junit4.statements.RunBeforeTestClassCallbacks.evaluate(RunBeforeTestClassCallbacks.java:61) ~[spring-test-5.3.24.jar:5.3.24]
	at org.junit.internal.runners.statements.RunAfters.evaluate(RunAfters.java:27) ~[junit-4.13.2.jar:4.13.2]
	at org.springframework.test.context.junit4.statements.RunAfterTestClassCallbacks.evaluate(RunAfterTestClassCallbacks.java:70) ~[spring-test-5.3.24.jar:5.3.24]
	at org.junit.runners.ParentRunner$3.evaluate(ParentRunner.java:306) ~[junit-4.13.2.jar:4.13.2]
	at org.junit.runners.ParentRunner.run(ParentRunner.java:413) ~[junit-4.13.2.jar:4.13.2]
	at org.springframework.test.context.junit4.SpringJUnit4ClassRunner.run(SpringJUnit4ClassRunner.java:190) ~[spring-test-5.3.24.jar:5.3.24]
	at org.apache.maven.surefire.junit4.JUnit4Provider.execute(JUnit4Provider.java:377) ~[surefire-junit4-3.0.0-M7.jar:3.0.0-M7]
	at org.apache.maven.surefire.junit4.JUnit4Provider.executeWithRerun(JUnit4Provider.java:284) ~[surefire-junit4-3.0.0-M7.jar:3.0.0-M7]
	at org.apache.maven.surefire.junit4.JUnit4Provider.executeTestSet(JUnit4Provider.java:248) ~[surefire-junit4-3.0.0-M7.jar:3.0.0-M7]
	at org.apache.maven.surefire.junit4.JUnit4Provider.invoke(JUnit4Provider.java:167) ~[surefire-junit4-3.0.0-M7.jar:3.0.0-M7]
	at org.apache.maven.surefire.booter.ForkedBooter.runSuitesInProcess(ForkedBooter.java:456) ~[surefire-booter-3.0.0-M7.jar:3.0.0-M7]
	at org.apache.maven.surefire.booter.ForkedBooter.execute(ForkedBooter.java:169) ~[surefire-booter-3.0.0-M7.jar:3.0.0-M7]
	at org.apache.maven.surefire.booter.ForkedBooter.run(ForkedBooter.java:595) ~[surefire-booter-3.0.0-M7.jar:3.0.0-M7]
	at org.apache.maven.surefire.booter.ForkedBooter.main(ForkedBooter.java:581) ~[surefire-booter-3.0.0-M7.jar:3.0.0-M7]
16:26:24.134 [main] INFO  org.eclipse.jetty.server.AbstractConnector - Stopped NetworkTrafficServerConnector@7a72fc23{HTTP/1.1, (http/1.1, h2c)}{0.0.0.0:19089}
16:26:24.134 [main] INFO  org.eclipse.jetty.server.handler.ContextHandler - Stopped o.e.j.s.ServletContextHandler@23c9da95{/,null,STOPPED}
16:26:24.134 [main] INFO  org.eclipse.jetty.server.handler.ContextHandler - Stopped o.e.j.s.ServletContextHandler@3f79660e{/__admin,null,STOPPED}
]]></system-out>
  </testcase>
  <testcase name="testGetAccounts" classname="com.parasoft.parabank.service.ParaBankServiceImplTest" time="0.137">
    <system-out><![CDATA[16:26:24.139 [main] INFO  org.eclipse.jetty.server.Server - jetty-9.4.49.v20220914; built: 2022-09-14T01:07:36.601Z; git: 4231a3b2e4cb8548a412a789936d640a97b1aa0a; jvm 11.0.10+8-LTS-162
16:26:24.140 [main] INFO  org.eclipse.jetty.server.handler.ContextHandler - Started o.e.j.s.ServletContextHandler@58f7544c{/__admin,null,AVAILABLE}
16:26:24.140 [main] INFO  org.eclipse.jetty.server.handler.ContextHandler.ROOT - RequestHandlerClass from context returned com.github.tomakehurst.wiremock.http.StubRequestHandler. Normalized mapped under returned 'null'
16:26:24.140 [main] INFO  org.eclipse.jetty.server.handler.ContextHandler - Started o.e.j.s.ServletContextHandler@21826d78{/,null,AVAILABLE}
16:26:24.141 [main] INFO  org.eclipse.jetty.server.AbstractConnector - Started NetworkTrafficServerConnector@4f3891db{HTTP/1.1, (http/1.1, h2c)}{0.0.0.0:19089}
16:26:24.141 [main] INFO  org.eclipse.jetty.server.Server - Started @22993ms
16:26:24.255 [qtp807254402-721] INFO  org.eclipse.jetty.server.handler.ContextHandler.__admin - RequestHandlerClass from context returned com.github.tomakehurst.wiremock.http.AdminRequestHandler. Normalized mapped under returned 'null'
16:26:24.257 [main] INFO  com.parasoft.parabank.test.util.AbstractParaBankDataSourceTest - loaded requestLoan mock for wsdl
16:26:24.260 [main] INFO  com.parasoft.parabank.test.util.AbstractParaBankDataSourceTest - loaded requestLoan mock for 10.00
16:26:24.263 [main] INFO  com.parasoft.parabank.test.util.AbstractParaBankDataSourceTest - loaded requestLoan mock for 100.00
16:26:24.266 [main] INFO  com.parasoft.parabank.test.util.AbstractParaBankDataSourceTest - loaded requestLoan mock for 1000.00
16:26:24.269 [main] INFO  com.parasoft.parabank.test.util.AbstractParaBankDataSourceTest - loaded requestLoan mock for 10000.00
16:26:24.270 [main] INFO  com.parasoft.parabank.dao.jdbc.JdbcCustomerDao - Getting customer object for id = 12212
16:26:24.271 [main] INFO  com.parasoft.parabank.dao.jdbc.JdbcAccountDao - Retrieved 11 accounts for customerId = 12212
16:26:24.272 [main] INFO  com.parasoft.parabank.dao.jdbc.JdbcCustomerDao - Getting customer object for id = -1
16:26:24.273 [main] ERROR com.parasoft.parabank.service.ParaBankServiceImpl - DataAccessException caught :
org.springframework.dao.EmptyResultDataAccessException: Incorrect result size: expected 1, actual 0
	at org.springframework.dao.support.DataAccessUtils.nullableSingleResult(DataAccessUtils.java:97) ~[spring-tx-5.3.24.jar:5.3.24]
	at org.springframework.jdbc.core.JdbcTemplate.queryForObject(JdbcTemplate.java:887) ~[spring-jdbc-5.3.24.jar:5.3.24]
	at com.parasoft.parabank.dao.jdbc.JdbcCustomerDao.getCustomer(JdbcCustomerDao.java:81) ~[classes/:?]
	at com.parasoft.parabank.domain.logic.impl.BankManagerImpl.getCustomer(BankManagerImpl.java:185) ~[classes/:?]
	at jdk.internal.reflect.NativeMethodAccessorImpl.invoke0(Native Method) ~[?:?]
	at jdk.internal.reflect.NativeMethodAccessorImpl.invoke(NativeMethodAccessorImpl.java:62) ~[?:?]
	at jdk.internal.reflect.DelegatingMethodAccessorImpl.invoke(DelegatingMethodAccessorImpl.java:43) ~[?:?]
	at java.lang.reflect.Method.invoke(Method.java:566) ~[?:?]
	at org.springframework.aop.support.AopUtils.invokeJoinpointUsingReflection(AopUtils.java:344) ~[spring-aop-5.3.24.jar:5.3.24]
	at org.springframework.aop.framework.ReflectiveMethodInvocation.invokeJoinpoint(ReflectiveMethodInvocation.java:198) ~[spring-aop-5.3.24.jar:5.3.24]
	at org.springframework.aop.framework.ReflectiveMethodInvocation.proceed(ReflectiveMethodInvocation.java:163) ~[spring-aop-5.3.24.jar:5.3.24]
	at org.springframework.transaction.interceptor.TransactionInterceptor$1.proceedWithInvocation(TransactionInterceptor.java:123) ~[spring-tx-5.3.24.jar:5.3.24]
	at org.springframework.transaction.interceptor.TransactionAspectSupport.invokeWithinTransaction(TransactionAspectSupport.java:388) ~[spring-tx-5.3.24.jar:5.3.24]
	at org.springframework.transaction.interceptor.TransactionInterceptor.invoke(TransactionInterceptor.java:119) ~[spring-tx-5.3.24.jar:5.3.24]
	at org.springframework.aop.framework.ReflectiveMethodInvocation.proceed(ReflectiveMethodInvocation.java:186) ~[spring-aop-5.3.24.jar:5.3.24]
	at org.springframework.aop.interceptor.ExposeInvocationInterceptor.invoke(ExposeInvocationInterceptor.java:97) ~[spring-aop-5.3.24.jar:5.3.24]
	at org.springframework.aop.framework.ReflectiveMethodInvocation.proceed(ReflectiveMethodInvocation.java:186) ~[spring-aop-5.3.24.jar:5.3.24]
	at org.springframework.aop.framework.JdkDynamicAopProxy.invoke(JdkDynamicAopProxy.java:215) ~[spring-aop-5.3.24.jar:5.3.24]
	at com.sun.proxy.$Proxy90.getCustomer(Unknown Source) ~[?:?]
	at com.parasoft.parabank.service.ParaBankServiceImpl.getAccounts(ParaBankServiceImpl.java:139) ~[classes/:?]
	at com.parasoft.parabank.service.ParaBankServiceImplTest.testGetAccounts(ParaBankServiceImplTest.java:188) ~[test-classes/:?]
	at jdk.internal.reflect.NativeMethodAccessorImpl.invoke0(Native Method) ~[?:?]
	at jdk.internal.reflect.NativeMethodAccessorImpl.invoke(NativeMethodAccessorImpl.java:62) ~[?:?]
	at jdk.internal.reflect.DelegatingMethodAccessorImpl.invoke(DelegatingMethodAccessorImpl.java:43) ~[?:?]
	at java.lang.reflect.Method.invoke(Method.java:566) ~[?:?]
	at org.junit.runners.model.FrameworkMethod$1.runReflectiveCall(FrameworkMethod.java:59) ~[junit-4.13.2.jar:4.13.2]
	at org.junit.internal.runners.model.ReflectiveCallable.run(ReflectiveCallable.java:12) ~[junit-4.13.2.jar:4.13.2]
	at org.junit.runners.model.FrameworkMethod.invokeExplosively(FrameworkMethod.java:56) ~[junit-4.13.2.jar:4.13.2]
	at org.junit.internal.runners.statements.InvokeMethod.evaluate(InvokeMethod.java:17) ~[junit-4.13.2.jar:4.13.2]
	at org.springframework.test.context.junit4.statements.RunBeforeTestExecutionCallbacks.evaluate(RunBeforeTestExecutionCallbacks.java:74) ~[spring-test-5.3.24.jar:5.3.24]
	at org.springframework.test.context.junit4.statements.RunAfterTestExecutionCallbacks.evaluate(RunAfterTestExecutionCallbacks.java:84) ~[spring-test-5.3.24.jar:5.3.24]
	at org.junit.internal.runners.statements.RunBefores.evaluate(RunBefores.java:26) ~[junit-4.13.2.jar:4.13.2]
	at org.springframework.test.context.junit4.statements.RunBeforeTestMethodCallbacks.evaluate(RunBeforeTestMethodCallbacks.java:75) ~[spring-test-5.3.24.jar:5.3.24]
	at org.junit.internal.runners.statements.RunAfters.evaluate(RunAfters.java:27) ~[junit-4.13.2.jar:4.13.2]
	at org.springframework.test.context.junit4.statements.RunAfterTestMethodCallbacks.evaluate(RunAfterTestMethodCallbacks.java:86) ~[spring-test-5.3.24.jar:5.3.24]
	at com.github.tomakehurst.wiremock.junit.WireMockRule$1.evaluate(WireMockRule.java:67) ~[wiremock-jre8-2.35.0.jar:?]
	at org.springframework.test.context.junit4.statements.SpringRepeat.evaluate(SpringRepeat.java:84) ~[spring-test-5.3.24.jar:5.3.24]
	at org.junit.runners.ParentRunner.runLeaf(ParentRunner.java:366) ~[junit-4.13.2.jar:4.13.2]
	at org.springframework.test.context.junit4.SpringJUnit4ClassRunner.runChild(SpringJUnit4ClassRunner.java:251) ~[spring-test-5.3.24.jar:5.3.24]
	at org.springframework.test.context.junit4.SpringJUnit4ClassRunner.runChild(SpringJUnit4ClassRunner.java:97) ~[spring-test-5.3.24.jar:5.3.24]
	at org.junit.runners.ParentRunner$4.run(ParentRunner.java:331) ~[junit-4.13.2.jar:4.13.2]
	at org.junit.runners.ParentRunner$1.schedule(ParentRunner.java:79) ~[junit-4.13.2.jar:4.13.2]
	at org.junit.runners.ParentRunner.runChildren(ParentRunner.java:329) ~[junit-4.13.2.jar:4.13.2]
	at org.junit.runners.ParentRunner.access$100(ParentRunner.java:66) ~[junit-4.13.2.jar:4.13.2]
	at org.junit.runners.ParentRunner$2.evaluate(ParentRunner.java:293) ~[junit-4.13.2.jar:4.13.2]
	at org.junit.internal.runners.statements.RunBefores.evaluate(RunBefores.java:26) ~[junit-4.13.2.jar:4.13.2]
	at org.springframework.test.context.junit4.statements.RunBeforeTestClassCallbacks.evaluate(RunBeforeTestClassCallbacks.java:61) ~[spring-test-5.3.24.jar:5.3.24]
	at org.junit.internal.runners.statements.RunAfters.evaluate(RunAfters.java:27) ~[junit-4.13.2.jar:4.13.2]
	at org.springframework.test.context.junit4.statements.RunAfterTestClassCallbacks.evaluate(RunAfterTestClassCallbacks.java:70) ~[spring-test-5.3.24.jar:5.3.24]
	at org.junit.runners.ParentRunner$3.evaluate(ParentRunner.java:306) ~[junit-4.13.2.jar:4.13.2]
	at org.junit.runners.ParentRunner.run(ParentRunner.java:413) ~[junit-4.13.2.jar:4.13.2]
	at org.springframework.test.context.junit4.SpringJUnit4ClassRunner.run(SpringJUnit4ClassRunner.java:190) ~[spring-test-5.3.24.jar:5.3.24]
	at org.apache.maven.surefire.junit4.JUnit4Provider.execute(JUnit4Provider.java:377) ~[surefire-junit4-3.0.0-M7.jar:3.0.0-M7]
	at org.apache.maven.surefire.junit4.JUnit4Provider.executeWithRerun(JUnit4Provider.java:284) ~[surefire-junit4-3.0.0-M7.jar:3.0.0-M7]
	at org.apache.maven.surefire.junit4.JUnit4Provider.executeTestSet(JUnit4Provider.java:248) ~[surefire-junit4-3.0.0-M7.jar:3.0.0-M7]
	at org.apache.maven.surefire.junit4.JUnit4Provider.invoke(JUnit4Provider.java:167) ~[surefire-junit4-3.0.0-M7.jar:3.0.0-M7]
	at org.apache.maven.surefire.booter.ForkedBooter.runSuitesInProcess(ForkedBooter.java:456) ~[surefire-booter-3.0.0-M7.jar:3.0.0-M7]
	at org.apache.maven.surefire.booter.ForkedBooter.execute(ForkedBooter.java:169) ~[surefire-booter-3.0.0-M7.jar:3.0.0-M7]
	at org.apache.maven.surefire.booter.ForkedBooter.run(ForkedBooter.java:595) ~[surefire-booter-3.0.0-M7.jar:3.0.0-M7]
	at org.apache.maven.surefire.booter.ForkedBooter.main(ForkedBooter.java:581) ~[surefire-booter-3.0.0-M7.jar:3.0.0-M7]
16:26:24.275 [main] INFO  org.eclipse.jetty.server.AbstractConnector - Stopped NetworkTrafficServerConnector@4f3891db{HTTP/1.1, (http/1.1, h2c)}{0.0.0.0:19089}
16:26:24.275 [main] INFO  org.eclipse.jetty.server.handler.ContextHandler - Stopped o.e.j.s.ServletContextHandler@21826d78{/,null,STOPPED}
16:26:24.275 [main] INFO  org.eclipse.jetty.server.handler.ContextHandler - Stopped o.e.j.s.ServletContextHandler@58f7544c{/__admin,null,STOPPED}
]]></system-out>
  </testcase>
  <testcase name="testWithdraw" classname="com.parasoft.parabank.service.ParaBankServiceImplTest" time="0.136">
    <system-out><![CDATA[16:26:24.281 [main] INFO  org.eclipse.jetty.server.Server - jetty-9.4.49.v20220914; built: 2022-09-14T01:07:36.601Z; git: 4231a3b2e4cb8548a412a789936d640a97b1aa0a; jvm 11.0.10+8-LTS-162
16:26:24.282 [main] INFO  org.eclipse.jetty.server.handler.ContextHandler - Started o.e.j.s.ServletContextHandler@20c7028e{/__admin,null,AVAILABLE}
16:26:24.282 [main] INFO  org.eclipse.jetty.server.handler.ContextHandler.ROOT - RequestHandlerClass from context returned com.github.tomakehurst.wiremock.http.StubRequestHandler. Normalized mapped under returned 'null'
16:26:24.282 [main] INFO  org.eclipse.jetty.server.handler.ContextHandler - Started o.e.j.s.ServletContextHandler@4b082a6e{/,null,AVAILABLE}
16:26:24.284 [main] INFO  org.eclipse.jetty.server.AbstractConnector - Started NetworkTrafficServerConnector@6aaa7944{HTTP/1.1, (http/1.1, h2c)}{0.0.0.0:19089}
16:26:24.284 [main] INFO  org.eclipse.jetty.server.Server - Started @23137ms
16:26:24.393 [qtp872394953-731] INFO  org.eclipse.jetty.server.handler.ContextHandler.__admin - RequestHandlerClass from context returned com.github.tomakehurst.wiremock.http.AdminRequestHandler. Normalized mapped under returned 'null'
16:26:24.395 [main] INFO  com.parasoft.parabank.test.util.AbstractParaBankDataSourceTest - loaded requestLoan mock for wsdl
16:26:24.398 [main] INFO  com.parasoft.parabank.test.util.AbstractParaBankDataSourceTest - loaded requestLoan mock for 10.00
16:26:24.401 [main] INFO  com.parasoft.parabank.test.util.AbstractParaBankDataSourceTest - loaded requestLoan mock for 100.00
16:26:24.404 [main] INFO  com.parasoft.parabank.test.util.AbstractParaBankDataSourceTest - loaded requestLoan mock for 1000.00
16:26:24.407 [main] INFO  com.parasoft.parabank.test.util.AbstractParaBankDataSourceTest - loaded requestLoan mock for 10000.00
16:26:24.408 [main] INFO  com.parasoft.parabank.dao.jdbc.JdbcAccountDao - Getting account object for id = 12345
16:26:24.410 [main] INFO  com.parasoft.parabank.dao.jdbc.JdbcAccountDao - Updated information for account with id = 12345
16:26:24.410 [main] INFO  com.parasoft.parabank.domain.logic.impl.BankManagerImpl - Debited account with id = 12345 in the amount of 100.00
16:26:24.412 [main] INFO  com.parasoft.parabank.dao.jdbc.JdbcTransactionDao - Created new transaction with id = 14476
16:26:24.412 [main] INFO  com.parasoft.parabank.domain.logic.impl.BankManagerImpl - Created debit transaction with id = 14476 with description: Withdraw via Web Service
16:26:24.412 [main] INFO  com.parasoft.parabank.dao.jdbc.JdbcAccountDao - Getting account object for id = -1
16:26:24.413 [main] ERROR com.parasoft.parabank.service.ParaBankServiceImpl - DataAccessException caught :
org.springframework.dao.EmptyResultDataAccessException: Incorrect result size: expected 1, actual 0
	at org.springframework.dao.support.DataAccessUtils.nullableSingleResult(DataAccessUtils.java:97) ~[spring-tx-5.3.24.jar:5.3.24]
	at org.springframework.jdbc.core.JdbcTemplate.queryForObject(JdbcTemplate.java:887) ~[spring-jdbc-5.3.24.jar:5.3.24]
	at com.parasoft.parabank.dao.jdbc.JdbcAccountDao.getAccount(JdbcAccountDao.java:107) ~[classes/:?]
	at com.parasoft.parabank.domain.logic.impl.BankManagerImpl.withdraw(BankManagerImpl.java:409) ~[classes/:?]
	at jdk.internal.reflect.NativeMethodAccessorImpl.invoke0(Native Method) ~[?:?]
	at jdk.internal.reflect.NativeMethodAccessorImpl.invoke(NativeMethodAccessorImpl.java:62) ~[?:?]
	at jdk.internal.reflect.DelegatingMethodAccessorImpl.invoke(DelegatingMethodAccessorImpl.java:43) ~[?:?]
	at java.lang.reflect.Method.invoke(Method.java:566) ~[?:?]
	at org.springframework.aop.support.AopUtils.invokeJoinpointUsingReflection(AopUtils.java:344) ~[spring-aop-5.3.24.jar:5.3.24]
	at org.springframework.aop.framework.ReflectiveMethodInvocation.invokeJoinpoint(ReflectiveMethodInvocation.java:198) ~[spring-aop-5.3.24.jar:5.3.24]
	at org.springframework.aop.framework.ReflectiveMethodInvocation.proceed(ReflectiveMethodInvocation.java:163) ~[spring-aop-5.3.24.jar:5.3.24]
	at org.springframework.transaction.interceptor.TransactionInterceptor$1.proceedWithInvocation(TransactionInterceptor.java:123) ~[spring-tx-5.3.24.jar:5.3.24]
	at org.springframework.transaction.interceptor.TransactionAspectSupport.invokeWithinTransaction(TransactionAspectSupport.java:388) ~[spring-tx-5.3.24.jar:5.3.24]
	at org.springframework.transaction.interceptor.TransactionInterceptor.invoke(TransactionInterceptor.java:119) ~[spring-tx-5.3.24.jar:5.3.24]
	at org.springframework.aop.framework.ReflectiveMethodInvocation.proceed(ReflectiveMethodInvocation.java:186) ~[spring-aop-5.3.24.jar:5.3.24]
	at org.springframework.aop.interceptor.ExposeInvocationInterceptor.invoke(ExposeInvocationInterceptor.java:97) ~[spring-aop-5.3.24.jar:5.3.24]
	at org.springframework.aop.framework.ReflectiveMethodInvocation.proceed(ReflectiveMethodInvocation.java:186) ~[spring-aop-5.3.24.jar:5.3.24]
	at org.springframework.aop.framework.JdkDynamicAopProxy.invoke(JdkDynamicAopProxy.java:215) ~[spring-aop-5.3.24.jar:5.3.24]
	at com.sun.proxy.$Proxy90.withdraw(Unknown Source) ~[?:?]
	at com.parasoft.parabank.service.ParaBankServiceImpl.withdraw(ParaBankServiceImpl.java:497) ~[classes/:?]
	at com.parasoft.parabank.service.ParaBankServiceImplTest.testWithdraw(ParaBankServiceImplTest.java:324) ~[test-classes/:?]
	at jdk.internal.reflect.NativeMethodAccessorImpl.invoke0(Native Method) ~[?:?]
	at jdk.internal.reflect.NativeMethodAccessorImpl.invoke(NativeMethodAccessorImpl.java:62) ~[?:?]
	at jdk.internal.reflect.DelegatingMethodAccessorImpl.invoke(DelegatingMethodAccessorImpl.java:43) ~[?:?]
	at java.lang.reflect.Method.invoke(Method.java:566) ~[?:?]
	at org.junit.runners.model.FrameworkMethod$1.runReflectiveCall(FrameworkMethod.java:59) ~[junit-4.13.2.jar:4.13.2]
	at org.junit.internal.runners.model.ReflectiveCallable.run(ReflectiveCallable.java:12) ~[junit-4.13.2.jar:4.13.2]
	at org.junit.runners.model.FrameworkMethod.invokeExplosively(FrameworkMethod.java:56) ~[junit-4.13.2.jar:4.13.2]
	at org.junit.internal.runners.statements.InvokeMethod.evaluate(InvokeMethod.java:17) ~[junit-4.13.2.jar:4.13.2]
	at org.springframework.test.context.junit4.statements.RunBeforeTestExecutionCallbacks.evaluate(RunBeforeTestExecutionCallbacks.java:74) ~[spring-test-5.3.24.jar:5.3.24]
	at org.springframework.test.context.junit4.statements.RunAfterTestExecutionCallbacks.evaluate(RunAfterTestExecutionCallbacks.java:84) ~[spring-test-5.3.24.jar:5.3.24]
	at org.junit.internal.runners.statements.RunBefores.evaluate(RunBefores.java:26) ~[junit-4.13.2.jar:4.13.2]
	at org.springframework.test.context.junit4.statements.RunBeforeTestMethodCallbacks.evaluate(RunBeforeTestMethodCallbacks.java:75) ~[spring-test-5.3.24.jar:5.3.24]
	at org.junit.internal.runners.statements.RunAfters.evaluate(RunAfters.java:27) ~[junit-4.13.2.jar:4.13.2]
	at org.springframework.test.context.junit4.statements.RunAfterTestMethodCallbacks.evaluate(RunAfterTestMethodCallbacks.java:86) ~[spring-test-5.3.24.jar:5.3.24]
	at com.github.tomakehurst.wiremock.junit.WireMockRule$1.evaluate(WireMockRule.java:67) ~[wiremock-jre8-2.35.0.jar:?]
	at org.springframework.test.context.junit4.statements.SpringRepeat.evaluate(SpringRepeat.java:84) ~[spring-test-5.3.24.jar:5.3.24]
	at org.junit.runners.ParentRunner.runLeaf(ParentRunner.java:366) ~[junit-4.13.2.jar:4.13.2]
	at org.springframework.test.context.junit4.SpringJUnit4ClassRunner.runChild(SpringJUnit4ClassRunner.java:251) ~[spring-test-5.3.24.jar:5.3.24]
	at org.springframework.test.context.junit4.SpringJUnit4ClassRunner.runChild(SpringJUnit4ClassRunner.java:97) ~[spring-test-5.3.24.jar:5.3.24]
	at org.junit.runners.ParentRunner$4.run(ParentRunner.java:331) ~[junit-4.13.2.jar:4.13.2]
	at org.junit.runners.ParentRunner$1.schedule(ParentRunner.java:79) ~[junit-4.13.2.jar:4.13.2]
	at org.junit.runners.ParentRunner.runChildren(ParentRunner.java:329) ~[junit-4.13.2.jar:4.13.2]
	at org.junit.runners.ParentRunner.access$100(ParentRunner.java:66) ~[junit-4.13.2.jar:4.13.2]
	at org.junit.runners.ParentRunner$2.evaluate(ParentRunner.java:293) ~[junit-4.13.2.jar:4.13.2]
	at org.junit.internal.runners.statements.RunBefores.evaluate(RunBefores.java:26) ~[junit-4.13.2.jar:4.13.2]
	at org.springframework.test.context.junit4.statements.RunBeforeTestClassCallbacks.evaluate(RunBeforeTestClassCallbacks.java:61) ~[spring-test-5.3.24.jar:5.3.24]
	at org.junit.internal.runners.statements.RunAfters.evaluate(RunAfters.java:27) ~[junit-4.13.2.jar:4.13.2]
	at org.springframework.test.context.junit4.statements.RunAfterTestClassCallbacks.evaluate(RunAfterTestClassCallbacks.java:70) ~[spring-test-5.3.24.jar:5.3.24]
	at org.junit.runners.ParentRunner$3.evaluate(ParentRunner.java:306) ~[junit-4.13.2.jar:4.13.2]
	at org.junit.runners.ParentRunner.run(ParentRunner.java:413) ~[junit-4.13.2.jar:4.13.2]
	at org.springframework.test.context.junit4.SpringJUnit4ClassRunner.run(SpringJUnit4ClassRunner.java:190) ~[spring-test-5.3.24.jar:5.3.24]
	at org.apache.maven.surefire.junit4.JUnit4Provider.execute(JUnit4Provider.java:377) ~[surefire-junit4-3.0.0-M7.jar:3.0.0-M7]
	at org.apache.maven.surefire.junit4.JUnit4Provider.executeWithRerun(JUnit4Provider.java:284) ~[surefire-junit4-3.0.0-M7.jar:3.0.0-M7]
	at org.apache.maven.surefire.junit4.JUnit4Provider.executeTestSet(JUnit4Provider.java:248) ~[surefire-junit4-3.0.0-M7.jar:3.0.0-M7]
	at org.apache.maven.surefire.junit4.JUnit4Provider.invoke(JUnit4Provider.java:167) ~[surefire-junit4-3.0.0-M7.jar:3.0.0-M7]
	at org.apache.maven.surefire.booter.ForkedBooter.runSuitesInProcess(ForkedBooter.java:456) ~[surefire-booter-3.0.0-M7.jar:3.0.0-M7]
	at org.apache.maven.surefire.booter.ForkedBooter.execute(ForkedBooter.java:169) ~[surefire-booter-3.0.0-M7.jar:3.0.0-M7]
	at org.apache.maven.surefire.booter.ForkedBooter.run(ForkedBooter.java:595) ~[surefire-booter-3.0.0-M7.jar:3.0.0-M7]
	at org.apache.maven.surefire.booter.ForkedBooter.main(ForkedBooter.java:581) ~[surefire-booter-3.0.0-M7.jar:3.0.0-M7]
16:26:24.415 [main] INFO  org.eclipse.jetty.server.AbstractConnector - Stopped NetworkTrafficServerConnector@6aaa7944{HTTP/1.1, (http/1.1, h2c)}{0.0.0.0:19089}
16:26:24.415 [main] INFO  org.eclipse.jetty.server.handler.ContextHandler - Stopped o.e.j.s.ServletContextHandler@4b082a6e{/,null,STOPPED}
16:26:24.415 [main] INFO  org.eclipse.jetty.server.handler.ContextHandler - Stopped o.e.j.s.ServletContextHandler@20c7028e{/__admin,null,STOPPED}
]]></system-out>
  </testcase>
  <testcase name="testGetTransaction" classname="com.parasoft.parabank.service.ParaBankServiceImplTest" time="0.131">
    <system-out><![CDATA[16:26:24.420 [main] INFO  org.eclipse.jetty.server.Server - jetty-9.4.49.v20220914; built: 2022-09-14T01:07:36.601Z; git: 4231a3b2e4cb8548a412a789936d640a97b1aa0a; jvm 11.0.10+8-LTS-162
16:26:24.421 [main] INFO  org.eclipse.jetty.server.handler.ContextHandler - Started o.e.j.s.ServletContextHandler@7e8b070e{/__admin,null,AVAILABLE}
16:26:24.422 [main] INFO  org.eclipse.jetty.server.handler.ContextHandler.ROOT - RequestHandlerClass from context returned com.github.tomakehurst.wiremock.http.StubRequestHandler. Normalized mapped under returned 'null'
16:26:24.422 [main] INFO  org.eclipse.jetty.server.handler.ContextHandler - Started o.e.j.s.ServletContextHandler@209db88a{/,null,AVAILABLE}
16:26:24.423 [main] INFO  org.eclipse.jetty.server.AbstractConnector - Started NetworkTrafficServerConnector@27cda5f{HTTP/1.1, (http/1.1, h2c)}{0.0.0.0:19089}
16:26:24.423 [main] INFO  org.eclipse.jetty.server.Server - Started @23276ms
16:26:24.534 [qtp1223907812-741] INFO  org.eclipse.jetty.server.handler.ContextHandler.__admin - RequestHandlerClass from context returned com.github.tomakehurst.wiremock.http.AdminRequestHandler. Normalized mapped under returned 'null'
16:26:24.536 [main] INFO  com.parasoft.parabank.test.util.AbstractParaBankDataSourceTest - loaded requestLoan mock for wsdl
16:26:24.539 [main] INFO  com.parasoft.parabank.test.util.AbstractParaBankDataSourceTest - loaded requestLoan mock for 10.00
16:26:24.541 [main] INFO  com.parasoft.parabank.test.util.AbstractParaBankDataSourceTest - loaded requestLoan mock for 100.00
16:26:24.543 [main] INFO  com.parasoft.parabank.test.util.AbstractParaBankDataSourceTest - loaded requestLoan mock for 1000.00
16:26:24.546 [main] INFO  com.parasoft.parabank.test.util.AbstractParaBankDataSourceTest - loaded requestLoan mock for 10000.00
16:26:24.547 [main] INFO  com.parasoft.parabank.dao.jdbc.JdbcTransactionDao - Getting transaction object for id = 13033
16:26:24.547 [main] INFO  com.parasoft.parabank.dao.jdbc.JdbcTransactionDao - Getting transaction object for id = -1
16:26:24.548 [main] ERROR com.parasoft.parabank.service.ParaBankServiceImpl - DataAccessException caught :
org.springframework.dao.EmptyResultDataAccessException: Incorrect result size: expected 1, actual 0
	at org.springframework.dao.support.DataAccessUtils.nullableSingleResult(DataAccessUtils.java:97) ~[spring-tx-5.3.24.jar:5.3.24]
	at org.springframework.jdbc.core.JdbcTemplate.queryForObject(JdbcTemplate.java:887) ~[spring-jdbc-5.3.24.jar:5.3.24]
	at com.parasoft.parabank.dao.jdbc.JdbcTransactionDao.getTransaction(JdbcTransactionDao.java:75) ~[classes/:?]
	at com.parasoft.parabank.domain.logic.impl.BankManagerImpl.getTransaction(BankManagerImpl.java:249) ~[classes/:?]
	at jdk.internal.reflect.NativeMethodAccessorImpl.invoke0(Native Method) ~[?:?]
	at jdk.internal.reflect.NativeMethodAccessorImpl.invoke(NativeMethodAccessorImpl.java:62) ~[?:?]
	at jdk.internal.reflect.DelegatingMethodAccessorImpl.invoke(DelegatingMethodAccessorImpl.java:43) ~[?:?]
	at java.lang.reflect.Method.invoke(Method.java:566) ~[?:?]
	at org.springframework.aop.support.AopUtils.invokeJoinpointUsingReflection(AopUtils.java:344) ~[spring-aop-5.3.24.jar:5.3.24]
	at org.springframework.aop.framework.ReflectiveMethodInvocation.invokeJoinpoint(ReflectiveMethodInvocation.java:198) ~[spring-aop-5.3.24.jar:5.3.24]
	at org.springframework.aop.framework.ReflectiveMethodInvocation.proceed(ReflectiveMethodInvocation.java:163) ~[spring-aop-5.3.24.jar:5.3.24]
	at org.springframework.transaction.interceptor.TransactionInterceptor$1.proceedWithInvocation(TransactionInterceptor.java:123) ~[spring-tx-5.3.24.jar:5.3.24]
	at org.springframework.transaction.interceptor.TransactionAspectSupport.invokeWithinTransaction(TransactionAspectSupport.java:388) ~[spring-tx-5.3.24.jar:5.3.24]
	at org.springframework.transaction.interceptor.TransactionInterceptor.invoke(TransactionInterceptor.java:119) ~[spring-tx-5.3.24.jar:5.3.24]
	at org.springframework.aop.framework.ReflectiveMethodInvocation.proceed(ReflectiveMethodInvocation.java:186) ~[spring-aop-5.3.24.jar:5.3.24]
	at org.springframework.aop.interceptor.ExposeInvocationInterceptor.invoke(ExposeInvocationInterceptor.java:97) ~[spring-aop-5.3.24.jar:5.3.24]
	at org.springframework.aop.framework.ReflectiveMethodInvocation.proceed(ReflectiveMethodInvocation.java:186) ~[spring-aop-5.3.24.jar:5.3.24]
	at org.springframework.aop.framework.JdkDynamicAopProxy.invoke(JdkDynamicAopProxy.java:215) ~[spring-aop-5.3.24.jar:5.3.24]
	at com.sun.proxy.$Proxy90.getTransaction(Unknown Source) ~[?:?]
	at com.parasoft.parabank.service.ParaBankServiceImpl.getTransaction(ParaBankServiceImpl.java:232) ~[classes/:?]
	at com.parasoft.parabank.service.ParaBankServiceImplTest.testGetTransaction(ParaBankServiceImplTest.java:255) ~[test-classes/:?]
	at jdk.internal.reflect.NativeMethodAccessorImpl.invoke0(Native Method) ~[?:?]
	at jdk.internal.reflect.NativeMethodAccessorImpl.invoke(NativeMethodAccessorImpl.java:62) ~[?:?]
	at jdk.internal.reflect.DelegatingMethodAccessorImpl.invoke(DelegatingMethodAccessorImpl.java:43) ~[?:?]
	at java.lang.reflect.Method.invoke(Method.java:566) ~[?:?]
	at org.junit.runners.model.FrameworkMethod$1.runReflectiveCall(FrameworkMethod.java:59) ~[junit-4.13.2.jar:4.13.2]
	at org.junit.internal.runners.model.ReflectiveCallable.run(ReflectiveCallable.java:12) ~[junit-4.13.2.jar:4.13.2]
	at org.junit.runners.model.FrameworkMethod.invokeExplosively(FrameworkMethod.java:56) ~[junit-4.13.2.jar:4.13.2]
	at org.junit.internal.runners.statements.InvokeMethod.evaluate(InvokeMethod.java:17) ~[junit-4.13.2.jar:4.13.2]
	at org.springframework.test.context.junit4.statements.RunBeforeTestExecutionCallbacks.evaluate(RunBeforeTestExecutionCallbacks.java:74) ~[spring-test-5.3.24.jar:5.3.24]
	at org.springframework.test.context.junit4.statements.RunAfterTestExecutionCallbacks.evaluate(RunAfterTestExecutionCallbacks.java:84) ~[spring-test-5.3.24.jar:5.3.24]
	at org.junit.internal.runners.statements.RunBefores.evaluate(RunBefores.java:26) ~[junit-4.13.2.jar:4.13.2]
	at org.springframework.test.context.junit4.statements.RunBeforeTestMethodCallbacks.evaluate(RunBeforeTestMethodCallbacks.java:75) ~[spring-test-5.3.24.jar:5.3.24]
	at org.junit.internal.runners.statements.RunAfters.evaluate(RunAfters.java:27) ~[junit-4.13.2.jar:4.13.2]
	at org.springframework.test.context.junit4.statements.RunAfterTestMethodCallbacks.evaluate(RunAfterTestMethodCallbacks.java:86) ~[spring-test-5.3.24.jar:5.3.24]
	at com.github.tomakehurst.wiremock.junit.WireMockRule$1.evaluate(WireMockRule.java:67) ~[wiremock-jre8-2.35.0.jar:?]
	at org.springframework.test.context.junit4.statements.SpringRepeat.evaluate(SpringRepeat.java:84) ~[spring-test-5.3.24.jar:5.3.24]
	at org.junit.runners.ParentRunner.runLeaf(ParentRunner.java:366) ~[junit-4.13.2.jar:4.13.2]
	at org.springframework.test.context.junit4.SpringJUnit4ClassRunner.runChild(SpringJUnit4ClassRunner.java:251) ~[spring-test-5.3.24.jar:5.3.24]
	at org.springframework.test.context.junit4.SpringJUnit4ClassRunner.runChild(SpringJUnit4ClassRunner.java:97) ~[spring-test-5.3.24.jar:5.3.24]
	at org.junit.runners.ParentRunner$4.run(ParentRunner.java:331) ~[junit-4.13.2.jar:4.13.2]
	at org.junit.runners.ParentRunner$1.schedule(ParentRunner.java:79) ~[junit-4.13.2.jar:4.13.2]
	at org.junit.runners.ParentRunner.runChildren(ParentRunner.java:329) ~[junit-4.13.2.jar:4.13.2]
	at org.junit.runners.ParentRunner.access$100(ParentRunner.java:66) ~[junit-4.13.2.jar:4.13.2]
	at org.junit.runners.ParentRunner$2.evaluate(ParentRunner.java:293) ~[junit-4.13.2.jar:4.13.2]
	at org.junit.internal.runners.statements.RunBefores.evaluate(RunBefores.java:26) ~[junit-4.13.2.jar:4.13.2]
	at org.springframework.test.context.junit4.statements.RunBeforeTestClassCallbacks.evaluate(RunBeforeTestClassCallbacks.java:61) ~[spring-test-5.3.24.jar:5.3.24]
	at org.junit.internal.runners.statements.RunAfters.evaluate(RunAfters.java:27) ~[junit-4.13.2.jar:4.13.2]
	at org.springframework.test.context.junit4.statements.RunAfterTestClassCallbacks.evaluate(RunAfterTestClassCallbacks.java:70) ~[spring-test-5.3.24.jar:5.3.24]
	at org.junit.runners.ParentRunner$3.evaluate(ParentRunner.java:306) ~[junit-4.13.2.jar:4.13.2]
	at org.junit.runners.ParentRunner.run(ParentRunner.java:413) ~[junit-4.13.2.jar:4.13.2]
	at org.springframework.test.context.junit4.SpringJUnit4ClassRunner.run(SpringJUnit4ClassRunner.java:190) ~[spring-test-5.3.24.jar:5.3.24]
	at org.apache.maven.surefire.junit4.JUnit4Provider.execute(JUnit4Provider.java:377) ~[surefire-junit4-3.0.0-M7.jar:3.0.0-M7]
	at org.apache.maven.surefire.junit4.JUnit4Provider.executeWithRerun(JUnit4Provider.java:284) ~[surefire-junit4-3.0.0-M7.jar:3.0.0-M7]
	at org.apache.maven.surefire.junit4.JUnit4Provider.executeTestSet(JUnit4Provider.java:248) ~[surefire-junit4-3.0.0-M7.jar:3.0.0-M7]
	at org.apache.maven.surefire.junit4.JUnit4Provider.invoke(JUnit4Provider.java:167) ~[surefire-junit4-3.0.0-M7.jar:3.0.0-M7]
	at org.apache.maven.surefire.booter.ForkedBooter.runSuitesInProcess(ForkedBooter.java:456) ~[surefire-booter-3.0.0-M7.jar:3.0.0-M7]
	at org.apache.maven.surefire.booter.ForkedBooter.execute(ForkedBooter.java:169) ~[surefire-booter-3.0.0-M7.jar:3.0.0-M7]
	at org.apache.maven.surefire.booter.ForkedBooter.run(ForkedBooter.java:595) ~[surefire-booter-3.0.0-M7.jar:3.0.0-M7]
	at org.apache.maven.surefire.booter.ForkedBooter.main(ForkedBooter.java:581) ~[surefire-booter-3.0.0-M7.jar:3.0.0-M7]
16:26:24.550 [main] INFO  org.eclipse.jetty.server.AbstractConnector - Stopped NetworkTrafficServerConnector@27cda5f{HTTP/1.1, (http/1.1, h2c)}{0.0.0.0:19089}
16:26:24.550 [main] INFO  org.eclipse.jetty.server.handler.ContextHandler - Stopped o.e.j.s.ServletContextHandler@209db88a{/,null,STOPPED}
16:26:24.550 [main] INFO  org.eclipse.jetty.server.handler.ContextHandler - Stopped o.e.j.s.ServletContextHandler@7e8b070e{/__admin,null,STOPPED}
]]></system-out>
  </testcase>
  <testcase name="testRequestLoan" classname="com.parasoft.parabank.service.ParaBankServiceImplTest" time="0.198">
    <system-out><![CDATA[16:26:24.554 [main] INFO  org.eclipse.jetty.server.Server - jetty-9.4.49.v20220914; built: 2022-09-14T01:07:36.601Z; git: 4231a3b2e4cb8548a412a789936d640a97b1aa0a; jvm 11.0.10+8-LTS-162
16:26:24.555 [main] INFO  org.eclipse.jetty.server.handler.ContextHandler - Started o.e.j.s.ServletContextHandler@30584e91{/__admin,null,AVAILABLE}
16:26:24.555 [main] INFO  org.eclipse.jetty.server.handler.ContextHandler.ROOT - RequestHandlerClass from context returned com.github.tomakehurst.wiremock.http.StubRequestHandler. Normalized mapped under returned 'null'
16:26:24.555 [main] INFO  org.eclipse.jetty.server.handler.ContextHandler - Started o.e.j.s.ServletContextHandler@2706cee5{/,null,AVAILABLE}
16:26:24.556 [main] INFO  org.eclipse.jetty.server.AbstractConnector - Started NetworkTrafficServerConnector@1ebe17c9{HTTP/1.1, (http/1.1, h2c)}{0.0.0.0:19089}
16:26:24.556 [main] INFO  org.eclipse.jetty.server.Server - Started @23408ms
16:26:24.673 [qtp2078869422-751] INFO  org.eclipse.jetty.server.handler.ContextHandler.__admin - RequestHandlerClass from context returned com.github.tomakehurst.wiremock.http.AdminRequestHandler. Normalized mapped under returned 'null'
16:26:24.675 [main] INFO  com.parasoft.parabank.test.util.AbstractParaBankDataSourceTest - loaded requestLoan mock for wsdl
16:26:24.677 [main] INFO  com.parasoft.parabank.test.util.AbstractParaBankDataSourceTest - loaded requestLoan mock for 10.00
16:26:24.679 [main] INFO  com.parasoft.parabank.test.util.AbstractParaBankDataSourceTest - loaded requestLoan mock for 100.00
16:26:24.682 [main] INFO  com.parasoft.parabank.test.util.AbstractParaBankDataSourceTest - loaded requestLoan mock for 1000.00
16:26:24.684 [main] INFO  com.parasoft.parabank.test.util.AbstractParaBankDataSourceTest - loaded requestLoan mock for 10000.00
16:26:24.685 [main] INFO  com.parasoft.parabank.dao.jdbc.JdbcAccountDao - Retrieved 11 accounts for customerId = 12212
16:26:24.685 [main] INFO  com.parasoft.parabank.domain.logic.impl.BankManagerImpl - Submitting loan request for customer with id = 12212 in the amount of $100.00 at Mon Apr 17 16:26:24 CEST 2023
16:26:24.692 [main] INFO  org.apache.cxf.wsdl.service.factory.ReflectionServiceFactoryBean - Creating Service {http://service.parabank.parasoft.com/}LoanProcessorServiceImplService from WSDL: http://localhost:19089/wsdl/parabank/services/LoanProcessor?wsdl
16:26:24.696 [main] INFO  org.apache.cxf.wsdl.service.factory.ReflectionServiceFactoryBean - Creating Service {http://service.parabank.parasoft.com/}LoanProcessorServiceImplService from WSDL: http://localhost:19089/wsdl/parabank/services/LoanProcessor?wsdl
16:26:24.705 [main] INFO  com.parasoft.parabank.dao.jdbc.JdbcAccountDao - Created new account with id = 13566
16:26:24.705 [main] INFO  com.parasoft.parabank.dao.jdbc.JdbcAccountDao - Getting account object for id = 12345
16:26:24.707 [main] INFO  com.parasoft.parabank.dao.jdbc.JdbcAccountDao - Updated information for account with id = 12345
16:26:24.707 [main] INFO  com.parasoft.parabank.domain.logic.impl.BankManagerImpl - Debited account with id = 12345 in the amount of 100.00
16:26:24.708 [main] INFO  com.parasoft.parabank.dao.jdbc.JdbcTransactionDao - Created new transaction with id = 14476
16:26:24.708 [main] INFO  com.parasoft.parabank.domain.logic.impl.BankManagerImpl - Created debit transaction with id = 14476 with description: Down Payment for Loan # 13566
16:26:24.709 [main] INFO  com.parasoft.parabank.dao.jdbc.JdbcAccountDao - Retrieved 0 accounts for customerId = -1
16:26:24.709 [main] INFO  com.parasoft.parabank.domain.logic.impl.BankManagerImpl - Submitting loan request for customer with id = -1 in the amount of $100.00 at Mon Apr 17 16:26:24 CEST 2023
16:26:24.710 [main] INFO  org.apache.cxf.wsdl.service.factory.ReflectionServiceFactoryBean - Creating Service {http://service.parabank.parasoft.com/}LoanProcessorServiceImplService from WSDL: http://localhost:19089/wsdl/parabank/services/LoanProcessor?wsdl
16:26:24.714 [main] INFO  org.apache.cxf.wsdl.service.factory.ReflectionServiceFactoryBean - Creating Service {http://service.parabank.parasoft.com/}LoanProcessorServiceImplService from WSDL: http://localhost:19089/wsdl/parabank/services/LoanProcessor?wsdl
16:26:24.748 [main] ERROR com.parasoft.parabank.service.ParaBankServiceImpl - DataAccessException caught :
org.springframework.dao.DataIntegrityViolationException: PreparedStatementCallback; SQL [INSERT INTO Account (id, customer_id, type, balance) VALUES (?, ?, ?, ?)]; integrity constraint violation: foreign key no parent ; SYS_FK_10710 table: ACCOUNT value: -1; nested exception is java.sql.SQLIntegrityConstraintViolationException: integrity constraint violation: foreign key no parent ; SYS_FK_10710 table: ACCOUNT value: -1
	at org.springframework.jdbc.support.SQLExceptionSubclassTranslator.doTranslate(SQLExceptionSubclassTranslator.java:87) ~[spring-jdbc-5.3.24.jar:5.3.24]
	at org.springframework.jdbc.support.AbstractFallbackSQLExceptionTranslator.translate(AbstractFallbackSQLExceptionTranslator.java:70) ~[spring-jdbc-5.3.24.jar:5.3.24]
	at org.springframework.jdbc.support.AbstractFallbackSQLExceptionTranslator.translate(AbstractFallbackSQLExceptionTranslator.java:79) ~[spring-jdbc-5.3.24.jar:5.3.24]
	at org.springframework.jdbc.core.JdbcTemplate.translateException(JdbcTemplate.java:1541) ~[spring-jdbc-5.3.24.jar:5.3.24]
	at org.springframework.jdbc.core.JdbcTemplate.execute(JdbcTemplate.java:667) ~[spring-jdbc-5.3.24.jar:5.3.24]
	at org.springframework.jdbc.core.JdbcTemplate.update(JdbcTemplate.java:960) ~[spring-jdbc-5.3.24.jar:5.3.24]
	at org.springframework.jdbc.core.JdbcTemplate.update(JdbcTemplate.java:981) ~[spring-jdbc-5.3.24.jar:5.3.24]
	at org.springframework.jdbc.core.namedparam.NamedParameterJdbcTemplate.update(NamedParameterJdbcTemplate.java:328) ~[spring-jdbc-5.3.24.jar:5.3.24]
	at com.parasoft.parabank.dao.jdbc.JdbcAccountDao.createAccount(JdbcAccountDao.java:88) ~[classes/:?]
	at com.parasoft.parabank.domain.logic.impl.BankManagerImpl.requestLoan(BankManagerImpl.java:308) ~[classes/:?]
	at jdk.internal.reflect.NativeMethodAccessorImpl.invoke0(Native Method) ~[?:?]
	at jdk.internal.reflect.NativeMethodAccessorImpl.invoke(NativeMethodAccessorImpl.java:62) ~[?:?]
	at jdk.internal.reflect.DelegatingMethodAccessorImpl.invoke(DelegatingMethodAccessorImpl.java:43) ~[?:?]
	at java.lang.reflect.Method.invoke(Method.java:566) ~[?:?]
	at org.springframework.aop.support.AopUtils.invokeJoinpointUsingReflection(AopUtils.java:344) ~[spring-aop-5.3.24.jar:5.3.24]
	at org.springframework.aop.framework.ReflectiveMethodInvocation.invokeJoinpoint(ReflectiveMethodInvocation.java:198) ~[spring-aop-5.3.24.jar:5.3.24]
	at org.springframework.aop.framework.ReflectiveMethodInvocation.proceed(ReflectiveMethodInvocation.java:163) ~[spring-aop-5.3.24.jar:5.3.24]
	at org.springframework.transaction.interceptor.TransactionInterceptor$1.proceedWithInvocation(TransactionInterceptor.java:123) ~[spring-tx-5.3.24.jar:5.3.24]
	at org.springframework.transaction.interceptor.TransactionAspectSupport.invokeWithinTransaction(TransactionAspectSupport.java:388) ~[spring-tx-5.3.24.jar:5.3.24]
	at org.springframework.transaction.interceptor.TransactionInterceptor.invoke(TransactionInterceptor.java:119) ~[spring-tx-5.3.24.jar:5.3.24]
	at org.springframework.aop.framework.ReflectiveMethodInvocation.proceed(ReflectiveMethodInvocation.java:186) ~[spring-aop-5.3.24.jar:5.3.24]
	at org.springframework.aop.interceptor.ExposeInvocationInterceptor.invoke(ExposeInvocationInterceptor.java:97) ~[spring-aop-5.3.24.jar:5.3.24]
	at org.springframework.aop.framework.ReflectiveMethodInvocation.proceed(ReflectiveMethodInvocation.java:186) ~[spring-aop-5.3.24.jar:5.3.24]
	at org.springframework.aop.framework.JdkDynamicAopProxy.invoke(JdkDynamicAopProxy.java:215) ~[spring-aop-5.3.24.jar:5.3.24]
	at com.sun.proxy.$Proxy90.requestLoan(Unknown Source) ~[?:?]
	at com.parasoft.parabank.service.ParaBankServiceImpl.requestLoan(ParaBankServiceImpl.java:371) ~[classes/:?]
	at com.parasoft.parabank.service.ParaBankServiceImplTest.testRequestLoan(ParaBankServiceImplTest.java:295) ~[test-classes/:?]
	at jdk.internal.reflect.NativeMethodAccessorImpl.invoke0(Native Method) ~[?:?]
	at jdk.internal.reflect.NativeMethodAccessorImpl.invoke(NativeMethodAccessorImpl.java:62) ~[?:?]
	at jdk.internal.reflect.DelegatingMethodAccessorImpl.invoke(DelegatingMethodAccessorImpl.java:43) ~[?:?]
	at java.lang.reflect.Method.invoke(Method.java:566) ~[?:?]
	at org.junit.runners.model.FrameworkMethod$1.runReflectiveCall(FrameworkMethod.java:59) ~[junit-4.13.2.jar:4.13.2]
	at org.junit.internal.runners.model.ReflectiveCallable.run(ReflectiveCallable.java:12) ~[junit-4.13.2.jar:4.13.2]
	at org.junit.runners.model.FrameworkMethod.invokeExplosively(FrameworkMethod.java:56) ~[junit-4.13.2.jar:4.13.2]
	at org.junit.internal.runners.statements.InvokeMethod.evaluate(InvokeMethod.java:17) ~[junit-4.13.2.jar:4.13.2]
	at org.springframework.test.context.junit4.statements.RunBeforeTestExecutionCallbacks.evaluate(RunBeforeTestExecutionCallbacks.java:74) ~[spring-test-5.3.24.jar:5.3.24]
	at org.springframework.test.context.junit4.statements.RunAfterTestExecutionCallbacks.evaluate(RunAfterTestExecutionCallbacks.java:84) ~[spring-test-5.3.24.jar:5.3.24]
	at org.junit.internal.runners.statements.RunBefores.evaluate(RunBefores.java:26) ~[junit-4.13.2.jar:4.13.2]
	at org.springframework.test.context.junit4.statements.RunBeforeTestMethodCallbacks.evaluate(RunBeforeTestMethodCallbacks.java:75) ~[spring-test-5.3.24.jar:5.3.24]
	at org.junit.internal.runners.statements.RunAfters.evaluate(RunAfters.java:27) ~[junit-4.13.2.jar:4.13.2]
	at org.springframework.test.context.junit4.statements.RunAfterTestMethodCallbacks.evaluate(RunAfterTestMethodCallbacks.java:86) ~[spring-test-5.3.24.jar:5.3.24]
	at com.github.tomakehurst.wiremock.junit.WireMockRule$1.evaluate(WireMockRule.java:67) ~[wiremock-jre8-2.35.0.jar:?]
	at org.springframework.test.context.junit4.statements.SpringRepeat.evaluate(SpringRepeat.java:84) ~[spring-test-5.3.24.jar:5.3.24]
	at org.junit.runners.ParentRunner.runLeaf(ParentRunner.java:366) ~[junit-4.13.2.jar:4.13.2]
	at org.springframework.test.context.junit4.SpringJUnit4ClassRunner.runChild(SpringJUnit4ClassRunner.java:251) ~[spring-test-5.3.24.jar:5.3.24]
	at org.springframework.test.context.junit4.SpringJUnit4ClassRunner.runChild(SpringJUnit4ClassRunner.java:97) ~[spring-test-5.3.24.jar:5.3.24]
	at org.junit.runners.ParentRunner$4.run(ParentRunner.java:331) ~[junit-4.13.2.jar:4.13.2]
	at org.junit.runners.ParentRunner$1.schedule(ParentRunner.java:79) ~[junit-4.13.2.jar:4.13.2]
	at org.junit.runners.ParentRunner.runChildren(ParentRunner.java:329) ~[junit-4.13.2.jar:4.13.2]
	at org.junit.runners.ParentRunner.access$100(ParentRunner.java:66) ~[junit-4.13.2.jar:4.13.2]
	at org.junit.runners.ParentRunner$2.evaluate(ParentRunner.java:293) ~[junit-4.13.2.jar:4.13.2]
	at org.junit.internal.runners.statements.RunBefores.evaluate(RunBefores.java:26) ~[junit-4.13.2.jar:4.13.2]
	at org.springframework.test.context.junit4.statements.RunBeforeTestClassCallbacks.evaluate(RunBeforeTestClassCallbacks.java:61) ~[spring-test-5.3.24.jar:5.3.24]
	at org.junit.internal.runners.statements.RunAfters.evaluate(RunAfters.java:27) ~[junit-4.13.2.jar:4.13.2]
	at org.springframework.test.context.junit4.statements.RunAfterTestClassCallbacks.evaluate(RunAfterTestClassCallbacks.java:70) ~[spring-test-5.3.24.jar:5.3.24]
	at org.junit.runners.ParentRunner$3.evaluate(ParentRunner.java:306) ~[junit-4.13.2.jar:4.13.2]
	at org.junit.runners.ParentRunner.run(ParentRunner.java:413) ~[junit-4.13.2.jar:4.13.2]
	at org.springframework.test.context.junit4.SpringJUnit4ClassRunner.run(SpringJUnit4ClassRunner.java:190) ~[spring-test-5.3.24.jar:5.3.24]
	at org.apache.maven.surefire.junit4.JUnit4Provider.execute(JUnit4Provider.java:377) ~[surefire-junit4-3.0.0-M7.jar:3.0.0-M7]
	at org.apache.maven.surefire.junit4.JUnit4Provider.executeWithRerun(JUnit4Provider.java:284) ~[surefire-junit4-3.0.0-M7.jar:3.0.0-M7]
	at org.apache.maven.surefire.junit4.JUnit4Provider.executeTestSet(JUnit4Provider.java:248) ~[surefire-junit4-3.0.0-M7.jar:3.0.0-M7]
	at org.apache.maven.surefire.junit4.JUnit4Provider.invoke(JUnit4Provider.java:167) ~[surefire-junit4-3.0.0-M7.jar:3.0.0-M7]
	at org.apache.maven.surefire.booter.ForkedBooter.runSuitesInProcess(ForkedBooter.java:456) ~[surefire-booter-3.0.0-M7.jar:3.0.0-M7]
	at org.apache.maven.surefire.booter.ForkedBooter.execute(ForkedBooter.java:169) ~[surefire-booter-3.0.0-M7.jar:3.0.0-M7]
	at org.apache.maven.surefire.booter.ForkedBooter.run(ForkedBooter.java:595) ~[surefire-booter-3.0.0-M7.jar:3.0.0-M7]
	at org.apache.maven.surefire.booter.ForkedBooter.main(ForkedBooter.java:581) ~[surefire-booter-3.0.0-M7.jar:3.0.0-M7]
Caused by: java.sql.SQLIntegrityConstraintViolationException: integrity constraint violation: foreign key no parent ; SYS_FK_10710 table: ACCOUNT value: -1
	at org.hsqldb.jdbc.JDBCUtil.sqlException(Unknown Source) ~[hsqldb-2.7.1-jdk8.jar:2.7.1]
	at org.hsqldb.jdbc.JDBCUtil.sqlException(Unknown Source) ~[hsqldb-2.7.1-jdk8.jar:2.7.1]
	at org.hsqldb.jdbc.JDBCPreparedStatement.fetchResult(Unknown Source) ~[hsqldb-2.7.1-jdk8.jar:2.7.1]
	at org.hsqldb.jdbc.JDBCPreparedStatement.executeUpdate(Unknown Source) ~[hsqldb-2.7.1-jdk8.jar:2.7.1]
	at org.springframework.jdbc.core.JdbcTemplate.lambda$update$2(JdbcTemplate.java:965) ~[spring-jdbc-5.3.24.jar:5.3.24]
	at org.springframework.jdbc.core.JdbcTemplate.execute(JdbcTemplate.java:651) ~[spring-jdbc-5.3.24.jar:5.3.24]
	... 61 more
Caused by: org.hsqldb.HsqlException: integrity constraint violation: foreign key no parent ; SYS_FK_10710 table: ACCOUNT value: -1
	at org.hsqldb.error.Error.error(Unknown Source) ~[hsqldb-2.7.1-jdk8.jar:2.7.1]
	at org.hsqldb.result.Result.getException(Unknown Source) ~[hsqldb-2.7.1-jdk8.jar:2.7.1]
	at org.hsqldb.jdbc.JDBCUtil.sqlException(Unknown Source) ~[hsqldb-2.7.1-jdk8.jar:2.7.1]
	at org.hsqldb.jdbc.JDBCPreparedStatement.fetchResult(Unknown Source) ~[hsqldb-2.7.1-jdk8.jar:2.7.1]
	at org.hsqldb.jdbc.JDBCPreparedStatement.executeUpdate(Unknown Source) ~[hsqldb-2.7.1-jdk8.jar:2.7.1]
	at org.springframework.jdbc.core.JdbcTemplate.lambda$update$2(JdbcTemplate.java:965) ~[spring-jdbc-5.3.24.jar:5.3.24]
	at org.springframework.jdbc.core.JdbcTemplate.execute(JdbcTemplate.java:651) ~[spring-jdbc-5.3.24.jar:5.3.24]
	... 61 more
16:26:24.751 [main] INFO  org.eclipse.jetty.server.AbstractConnector - Stopped NetworkTrafficServerConnector@1ebe17c9{HTTP/1.1, (http/1.1, h2c)}{0.0.0.0:19089}
16:26:24.751 [main] INFO  org.eclipse.jetty.server.handler.ContextHandler - Stopped o.e.j.s.ServletContextHandler@2706cee5{/,null,STOPPED}
16:26:24.752 [main] INFO  org.eclipse.jetty.server.handler.ContextHandler - Stopped o.e.j.s.ServletContextHandler@30584e91{/__admin,null,STOPPED}
]]></system-out>
  </testcase>
  <testcase name="testGetPositionHistory" classname="com.parasoft.parabank.service.ParaBankServiceImplTest" time="0.144">
    <system-out><![CDATA[16:26:24.756 [main] INFO  org.eclipse.jetty.server.Server - jetty-9.4.49.v20220914; built: 2022-09-14T01:07:36.601Z; git: 4231a3b2e4cb8548a412a789936d640a97b1aa0a; jvm 11.0.10+8-LTS-162
16:26:24.757 [main] INFO  org.eclipse.jetty.server.handler.ContextHandler - Started o.e.j.s.ServletContextHandler@3f3b50df{/__admin,null,AVAILABLE}
16:26:24.757 [main] INFO  org.eclipse.jetty.server.handler.ContextHandler.ROOT - RequestHandlerClass from context returned com.github.tomakehurst.wiremock.http.StubRequestHandler. Normalized mapped under returned 'null'
16:26:24.757 [main] INFO  org.eclipse.jetty.server.handler.ContextHandler - Started o.e.j.s.ServletContextHandler@53ac6bb4{/,null,AVAILABLE}
16:26:24.758 [main] INFO  org.eclipse.jetty.server.AbstractConnector - Started NetworkTrafficServerConnector@7f7168e7{HTTP/1.1, (http/1.1, h2c)}{0.0.0.0:19089}
16:26:24.759 [main] INFO  org.eclipse.jetty.server.Server - Started @23610ms
16:26:24.872 [qtp1106391567-761] INFO  org.eclipse.jetty.server.handler.ContextHandler.__admin - RequestHandlerClass from context returned com.github.tomakehurst.wiremock.http.AdminRequestHandler. Normalized mapped under returned 'null'
16:26:24.874 [main] INFO  com.parasoft.parabank.test.util.AbstractParaBankDataSourceTest - loaded requestLoan mock for wsdl
16:26:24.877 [main] INFO  com.parasoft.parabank.test.util.AbstractParaBankDataSourceTest - loaded requestLoan mock for 10.00
16:26:24.879 [main] INFO  com.parasoft.parabank.test.util.AbstractParaBankDataSourceTest - loaded requestLoan mock for 100.00
16:26:24.882 [main] INFO  com.parasoft.parabank.test.util.AbstractParaBankDataSourceTest - loaded requestLoan mock for 1000.00
16:26:24.885 [main] INFO  com.parasoft.parabank.test.util.AbstractParaBankDataSourceTest - loaded requestLoan mock for 10000.00
16:26:24.886 [main] INFO  com.parasoft.parabank.dao.jdbc.JdbcPositionDao - Getting position object for position id = 12345
16:26:24.888 [main] INFO  com.parasoft.parabank.dao.jdbc.JdbcPositionDao - Retrieved position history for position #12345 and date range Thu Apr 06 14:26:24 CEST 2023 to Sun Apr 16 14:26:24 CEST 2023
16:26:24.896 [main] INFO  com.parasoft.parabank.dao.jdbc.JdbcPositionDao - Getting position object for position id = -1
16:26:24.897 [main] ERROR com.parasoft.parabank.service.ParaBankServiceImpl - DataAccessException caught :
org.springframework.dao.EmptyResultDataAccessException: Incorrect result size: expected 1, actual 0
	at org.springframework.dao.support.DataAccessUtils.nullableSingleResult(DataAccessUtils.java:97) ~[spring-tx-5.3.24.jar:5.3.24]
	at org.springframework.jdbc.core.JdbcTemplate.queryForObject(JdbcTemplate.java:887) ~[spring-jdbc-5.3.24.jar:5.3.24]
	at com.parasoft.parabank.dao.jdbc.JdbcPositionDao.getPosition(JdbcPositionDao.java:104) ~[classes/:?]
	at com.parasoft.parabank.dao.jdbc.JdbcPositionDao.getPositionHistory(JdbcPositionDao.java:118) ~[classes/:?]
	at com.parasoft.parabank.domain.logic.impl.BankManagerImpl.getPositionHistory(BankManagerImpl.java:227) ~[classes/:?]
	at jdk.internal.reflect.NativeMethodAccessorImpl.invoke0(Native Method) ~[?:?]
	at jdk.internal.reflect.NativeMethodAccessorImpl.invoke(NativeMethodAccessorImpl.java:62) ~[?:?]
	at jdk.internal.reflect.DelegatingMethodAccessorImpl.invoke(DelegatingMethodAccessorImpl.java:43) ~[?:?]
	at java.lang.reflect.Method.invoke(Method.java:566) ~[?:?]
	at org.springframework.aop.support.AopUtils.invokeJoinpointUsingReflection(AopUtils.java:344) ~[spring-aop-5.3.24.jar:5.3.24]
	at org.springframework.aop.framework.ReflectiveMethodInvocation.invokeJoinpoint(ReflectiveMethodInvocation.java:198) ~[spring-aop-5.3.24.jar:5.3.24]
	at org.springframework.aop.framework.ReflectiveMethodInvocation.proceed(ReflectiveMethodInvocation.java:163) ~[spring-aop-5.3.24.jar:5.3.24]
	at org.springframework.transaction.interceptor.TransactionInterceptor$1.proceedWithInvocation(TransactionInterceptor.java:123) ~[spring-tx-5.3.24.jar:5.3.24]
	at org.springframework.transaction.interceptor.TransactionAspectSupport.invokeWithinTransaction(TransactionAspectSupport.java:388) ~[spring-tx-5.3.24.jar:5.3.24]
	at org.springframework.transaction.interceptor.TransactionInterceptor.invoke(TransactionInterceptor.java:119) ~[spring-tx-5.3.24.jar:5.3.24]
	at org.springframework.aop.framework.ReflectiveMethodInvocation.proceed(ReflectiveMethodInvocation.java:186) ~[spring-aop-5.3.24.jar:5.3.24]
	at org.springframework.aop.interceptor.ExposeInvocationInterceptor.invoke(ExposeInvocationInterceptor.java:97) ~[spring-aop-5.3.24.jar:5.3.24]
	at org.springframework.aop.framework.ReflectiveMethodInvocation.proceed(ReflectiveMethodInvocation.java:186) ~[spring-aop-5.3.24.jar:5.3.24]
	at org.springframework.aop.framework.JdkDynamicAopProxy.invoke(JdkDynamicAopProxy.java:215) ~[spring-aop-5.3.24.jar:5.3.24]
	at com.sun.proxy.$Proxy90.getPositionHistory(Unknown Source) ~[?:?]
	at com.parasoft.parabank.service.ParaBankServiceImpl.getPositionHistory(ParaBankServiceImpl.java:200) ~[classes/:?]
	at com.parasoft.parabank.service.ParaBankServiceImplTest.testGetPositionHistory(ParaBankServiceImplTest.java:230) ~[test-classes/:?]
	at jdk.internal.reflect.NativeMethodAccessorImpl.invoke0(Native Method) ~[?:?]
	at jdk.internal.reflect.NativeMethodAccessorImpl.invoke(NativeMethodAccessorImpl.java:62) ~[?:?]
	at jdk.internal.reflect.DelegatingMethodAccessorImpl.invoke(DelegatingMethodAccessorImpl.java:43) ~[?:?]
	at java.lang.reflect.Method.invoke(Method.java:566) ~[?:?]
	at org.junit.runners.model.FrameworkMethod$1.runReflectiveCall(FrameworkMethod.java:59) ~[junit-4.13.2.jar:4.13.2]
	at org.junit.internal.runners.model.ReflectiveCallable.run(ReflectiveCallable.java:12) ~[junit-4.13.2.jar:4.13.2]
	at org.junit.runners.model.FrameworkMethod.invokeExplosively(FrameworkMethod.java:56) ~[junit-4.13.2.jar:4.13.2]
	at org.junit.internal.runners.statements.InvokeMethod.evaluate(InvokeMethod.java:17) ~[junit-4.13.2.jar:4.13.2]
	at org.springframework.test.context.junit4.statements.RunBeforeTestExecutionCallbacks.evaluate(RunBeforeTestExecutionCallbacks.java:74) ~[spring-test-5.3.24.jar:5.3.24]
	at org.springframework.test.context.junit4.statements.RunAfterTestExecutionCallbacks.evaluate(RunAfterTestExecutionCallbacks.java:84) ~[spring-test-5.3.24.jar:5.3.24]
	at org.junit.internal.runners.statements.RunBefores.evaluate(RunBefores.java:26) ~[junit-4.13.2.jar:4.13.2]
	at org.springframework.test.context.junit4.statements.RunBeforeTestMethodCallbacks.evaluate(RunBeforeTestMethodCallbacks.java:75) ~[spring-test-5.3.24.jar:5.3.24]
	at org.junit.internal.runners.statements.RunAfters.evaluate(RunAfters.java:27) ~[junit-4.13.2.jar:4.13.2]
	at org.springframework.test.context.junit4.statements.RunAfterTestMethodCallbacks.evaluate(RunAfterTestMethodCallbacks.java:86) ~[spring-test-5.3.24.jar:5.3.24]
	at com.github.tomakehurst.wiremock.junit.WireMockRule$1.evaluate(WireMockRule.java:67) ~[wiremock-jre8-2.35.0.jar:?]
	at org.springframework.test.context.junit4.statements.SpringRepeat.evaluate(SpringRepeat.java:84) ~[spring-test-5.3.24.jar:5.3.24]
	at org.junit.runners.ParentRunner.runLeaf(ParentRunner.java:366) ~[junit-4.13.2.jar:4.13.2]
	at org.springframework.test.context.junit4.SpringJUnit4ClassRunner.runChild(SpringJUnit4ClassRunner.java:251) ~[spring-test-5.3.24.jar:5.3.24]
	at org.springframework.test.context.junit4.SpringJUnit4ClassRunner.runChild(SpringJUnit4ClassRunner.java:97) ~[spring-test-5.3.24.jar:5.3.24]
	at org.junit.runners.ParentRunner$4.run(ParentRunner.java:331) ~[junit-4.13.2.jar:4.13.2]
	at org.junit.runners.ParentRunner$1.schedule(ParentRunner.java:79) ~[junit-4.13.2.jar:4.13.2]
	at org.junit.runners.ParentRunner.runChildren(ParentRunner.java:329) ~[junit-4.13.2.jar:4.13.2]
	at org.junit.runners.ParentRunner.access$100(ParentRunner.java:66) ~[junit-4.13.2.jar:4.13.2]
	at org.junit.runners.ParentRunner$2.evaluate(ParentRunner.java:293) ~[junit-4.13.2.jar:4.13.2]
	at org.junit.internal.runners.statements.RunBefores.evaluate(RunBefores.java:26) ~[junit-4.13.2.jar:4.13.2]
	at org.springframework.test.context.junit4.statements.RunBeforeTestClassCallbacks.evaluate(RunBeforeTestClassCallbacks.java:61) ~[spring-test-5.3.24.jar:5.3.24]
	at org.junit.internal.runners.statements.RunAfters.evaluate(RunAfters.java:27) ~[junit-4.13.2.jar:4.13.2]
	at org.springframework.test.context.junit4.statements.RunAfterTestClassCallbacks.evaluate(RunAfterTestClassCallbacks.java:70) ~[spring-test-5.3.24.jar:5.3.24]
	at org.junit.runners.ParentRunner$3.evaluate(ParentRunner.java:306) ~[junit-4.13.2.jar:4.13.2]
	at org.junit.runners.ParentRunner.run(ParentRunner.java:413) ~[junit-4.13.2.jar:4.13.2]
	at org.springframework.test.context.junit4.SpringJUnit4ClassRunner.run(SpringJUnit4ClassRunner.java:190) ~[spring-test-5.3.24.jar:5.3.24]
	at org.apache.maven.surefire.junit4.JUnit4Provider.execute(JUnit4Provider.java:377) ~[surefire-junit4-3.0.0-M7.jar:3.0.0-M7]
	at org.apache.maven.surefire.junit4.JUnit4Provider.executeWithRerun(JUnit4Provider.java:284) ~[surefire-junit4-3.0.0-M7.jar:3.0.0-M7]
	at org.apache.maven.surefire.junit4.JUnit4Provider.executeTestSet(JUnit4Provider.java:248) ~[surefire-junit4-3.0.0-M7.jar:3.0.0-M7]
	at org.apache.maven.surefire.junit4.JUnit4Provider.invoke(JUnit4Provider.java:167) ~[surefire-junit4-3.0.0-M7.jar:3.0.0-M7]
	at org.apache.maven.surefire.booter.ForkedBooter.runSuitesInProcess(ForkedBooter.java:456) ~[surefire-booter-3.0.0-M7.jar:3.0.0-M7]
	at org.apache.maven.surefire.booter.ForkedBooter.execute(ForkedBooter.java:169) ~[surefire-booter-3.0.0-M7.jar:3.0.0-M7]
	at org.apache.maven.surefire.booter.ForkedBooter.run(ForkedBooter.java:595) ~[surefire-booter-3.0.0-M7.jar:3.0.0-M7]
	at org.apache.maven.surefire.booter.ForkedBooter.main(ForkedBooter.java:581) ~[surefire-booter-3.0.0-M7.jar:3.0.0-M7]
16:26:24.899 [main] INFO  org.eclipse.jetty.server.AbstractConnector - Stopped NetworkTrafficServerConnector@7f7168e7{HTTP/1.1, (http/1.1, h2c)}{0.0.0.0:19089}
16:26:24.900 [main] INFO  org.eclipse.jetty.server.handler.ContextHandler - Stopped o.e.j.s.ServletContextHandler@53ac6bb4{/,null,STOPPED}
16:26:24.900 [main] INFO  org.eclipse.jetty.server.handler.ContextHandler - Stopped o.e.j.s.ServletContextHandler@3f3b50df{/__admin,null,STOPPED}
]]></system-out>
  </testcase>
  <testcase name="testDeposit" classname="com.parasoft.parabank.service.ParaBankServiceImplTest" time="0.14">
    <system-out><![CDATA[16:26:24.904 [main] INFO  org.eclipse.jetty.server.Server - jetty-9.4.49.v20220914; built: 2022-09-14T01:07:36.601Z; git: 4231a3b2e4cb8548a412a789936d640a97b1aa0a; jvm 11.0.10+8-LTS-162
16:26:24.905 [main] INFO  org.eclipse.jetty.server.handler.ContextHandler - Started o.e.j.s.ServletContextHandler@172f0ab5{/__admin,null,AVAILABLE}
16:26:24.905 [main] INFO  org.eclipse.jetty.server.handler.ContextHandler.ROOT - RequestHandlerClass from context returned com.github.tomakehurst.wiremock.http.StubRequestHandler. Normalized mapped under returned 'null'
16:26:24.905 [main] INFO  org.eclipse.jetty.server.handler.ContextHandler - Started o.e.j.s.ServletContextHandler@17b17fa8{/,null,AVAILABLE}
16:26:24.907 [main] INFO  org.eclipse.jetty.server.AbstractConnector - Started NetworkTrafficServerConnector@5640a424{HTTP/1.1, (http/1.1, h2c)}{0.0.0.0:19089}
16:26:24.907 [main] INFO  org.eclipse.jetty.server.Server - Started @23760ms
16:26:25.026 [qtp1826057045-771] INFO  org.eclipse.jetty.server.handler.ContextHandler.__admin - RequestHandlerClass from context returned com.github.tomakehurst.wiremock.http.AdminRequestHandler. Normalized mapped under returned 'null'
16:26:25.028 [main] INFO  com.parasoft.parabank.test.util.AbstractParaBankDataSourceTest - loaded requestLoan mock for wsdl
16:26:25.031 [main] INFO  com.parasoft.parabank.test.util.AbstractParaBankDataSourceTest - loaded requestLoan mock for 10.00
16:26:25.033 [main] INFO  com.parasoft.parabank.test.util.AbstractParaBankDataSourceTest - loaded requestLoan mock for 100.00
16:26:25.036 [main] INFO  com.parasoft.parabank.test.util.AbstractParaBankDataSourceTest - loaded requestLoan mock for 1000.00
16:26:25.038 [main] INFO  com.parasoft.parabank.test.util.AbstractParaBankDataSourceTest - loaded requestLoan mock for 10000.00
16:26:25.039 [main] INFO  com.parasoft.parabank.dao.jdbc.JdbcAccountDao - Getting account object for id = 12345
16:26:25.040 [main] INFO  com.parasoft.parabank.dao.jdbc.JdbcAccountDao - Updated information for account with id = 12345
16:26:25.040 [main] INFO  com.parasoft.parabank.domain.logic.impl.BankManagerImpl - Credited account with id = 12345 in the amount of 100.00
16:26:25.042 [main] INFO  com.parasoft.parabank.dao.jdbc.JdbcTransactionDao - Created new transaction with id = 14476
16:26:25.042 [main] INFO  com.parasoft.parabank.domain.logic.impl.BankManagerImpl - Created credit transaction with id = 14476 with description: Deposit via Web Service
16:26:25.042 [main] INFO  com.parasoft.parabank.dao.jdbc.JdbcAccountDao - Getting account object for id = -1
16:26:25.042 [main] ERROR com.parasoft.parabank.service.ParaBankServiceImpl - DataAccessException caught :
org.springframework.dao.EmptyResultDataAccessException: Incorrect result size: expected 1, actual 0
	at org.springframework.dao.support.DataAccessUtils.nullableSingleResult(DataAccessUtils.java:97) ~[spring-tx-5.3.24.jar:5.3.24]
	at org.springframework.jdbc.core.JdbcTemplate.queryForObject(JdbcTemplate.java:887) ~[spring-jdbc-5.3.24.jar:5.3.24]
	at com.parasoft.parabank.dao.jdbc.JdbcAccountDao.getAccount(JdbcAccountDao.java:107) ~[classes/:?]
	at com.parasoft.parabank.domain.logic.impl.BankManagerImpl.deposit(BankManagerImpl.java:145) ~[classes/:?]
	at jdk.internal.reflect.NativeMethodAccessorImpl.invoke0(Native Method) ~[?:?]
	at jdk.internal.reflect.NativeMethodAccessorImpl.invoke(NativeMethodAccessorImpl.java:62) ~[?:?]
	at jdk.internal.reflect.DelegatingMethodAccessorImpl.invoke(DelegatingMethodAccessorImpl.java:43) ~[?:?]
	at java.lang.reflect.Method.invoke(Method.java:566) ~[?:?]
	at org.springframework.aop.support.AopUtils.invokeJoinpointUsingReflection(AopUtils.java:344) ~[spring-aop-5.3.24.jar:5.3.24]
	at org.springframework.aop.framework.ReflectiveMethodInvocation.invokeJoinpoint(ReflectiveMethodInvocation.java:198) ~[spring-aop-5.3.24.jar:5.3.24]
	at org.springframework.aop.framework.ReflectiveMethodInvocation.proceed(ReflectiveMethodInvocation.java:163) ~[spring-aop-5.3.24.jar:5.3.24]
	at org.springframework.transaction.interceptor.TransactionInterceptor$1.proceedWithInvocation(TransactionInterceptor.java:123) ~[spring-tx-5.3.24.jar:5.3.24]
	at org.springframework.transaction.interceptor.TransactionAspectSupport.invokeWithinTransaction(TransactionAspectSupport.java:388) ~[spring-tx-5.3.24.jar:5.3.24]
	at org.springframework.transaction.interceptor.TransactionInterceptor.invoke(TransactionInterceptor.java:119) ~[spring-tx-5.3.24.jar:5.3.24]
	at org.springframework.aop.framework.ReflectiveMethodInvocation.proceed(ReflectiveMethodInvocation.java:186) ~[spring-aop-5.3.24.jar:5.3.24]
	at org.springframework.aop.interceptor.ExposeInvocationInterceptor.invoke(ExposeInvocationInterceptor.java:97) ~[spring-aop-5.3.24.jar:5.3.24]
	at org.springframework.aop.framework.ReflectiveMethodInvocation.proceed(ReflectiveMethodInvocation.java:186) ~[spring-aop-5.3.24.jar:5.3.24]
	at org.springframework.aop.framework.JdkDynamicAopProxy.invoke(JdkDynamicAopProxy.java:215) ~[spring-aop-5.3.24.jar:5.3.24]
	at com.sun.proxy.$Proxy90.deposit(Unknown Source) ~[?:?]
	at com.parasoft.parabank.service.ParaBankServiceImpl.deposit(ParaBankServiceImpl.java:108) ~[classes/:?]
	at com.parasoft.parabank.service.ParaBankServiceImplTest.testDeposit(ParaBankServiceImplTest.java:163) ~[test-classes/:?]
	at jdk.internal.reflect.NativeMethodAccessorImpl.invoke0(Native Method) ~[?:?]
	at jdk.internal.reflect.NativeMethodAccessorImpl.invoke(NativeMethodAccessorImpl.java:62) ~[?:?]
	at jdk.internal.reflect.DelegatingMethodAccessorImpl.invoke(DelegatingMethodAccessorImpl.java:43) ~[?:?]
	at java.lang.reflect.Method.invoke(Method.java:566) ~[?:?]
	at org.junit.runners.model.FrameworkMethod$1.runReflectiveCall(FrameworkMethod.java:59) ~[junit-4.13.2.jar:4.13.2]
	at org.junit.internal.runners.model.ReflectiveCallable.run(ReflectiveCallable.java:12) ~[junit-4.13.2.jar:4.13.2]
	at org.junit.runners.model.FrameworkMethod.invokeExplosively(FrameworkMethod.java:56) ~[junit-4.13.2.jar:4.13.2]
	at org.junit.internal.runners.statements.InvokeMethod.evaluate(InvokeMethod.java:17) ~[junit-4.13.2.jar:4.13.2]
	at org.springframework.test.context.junit4.statements.RunBeforeTestExecutionCallbacks.evaluate(RunBeforeTestExecutionCallbacks.java:74) ~[spring-test-5.3.24.jar:5.3.24]
	at org.springframework.test.context.junit4.statements.RunAfterTestExecutionCallbacks.evaluate(RunAfterTestExecutionCallbacks.java:84) ~[spring-test-5.3.24.jar:5.3.24]
	at org.junit.internal.runners.statements.RunBefores.evaluate(RunBefores.java:26) ~[junit-4.13.2.jar:4.13.2]
	at org.springframework.test.context.junit4.statements.RunBeforeTestMethodCallbacks.evaluate(RunBeforeTestMethodCallbacks.java:75) ~[spring-test-5.3.24.jar:5.3.24]
	at org.junit.internal.runners.statements.RunAfters.evaluate(RunAfters.java:27) ~[junit-4.13.2.jar:4.13.2]
	at org.springframework.test.context.junit4.statements.RunAfterTestMethodCallbacks.evaluate(RunAfterTestMethodCallbacks.java:86) ~[spring-test-5.3.24.jar:5.3.24]
	at com.github.tomakehurst.wiremock.junit.WireMockRule$1.evaluate(WireMockRule.java:67) ~[wiremock-jre8-2.35.0.jar:?]
	at org.springframework.test.context.junit4.statements.SpringRepeat.evaluate(SpringRepeat.java:84) ~[spring-test-5.3.24.jar:5.3.24]
	at org.junit.runners.ParentRunner.runLeaf(ParentRunner.java:366) ~[junit-4.13.2.jar:4.13.2]
	at org.springframework.test.context.junit4.SpringJUnit4ClassRunner.runChild(SpringJUnit4ClassRunner.java:251) ~[spring-test-5.3.24.jar:5.3.24]
	at org.springframework.test.context.junit4.SpringJUnit4ClassRunner.runChild(SpringJUnit4ClassRunner.java:97) ~[spring-test-5.3.24.jar:5.3.24]
	at org.junit.runners.ParentRunner$4.run(ParentRunner.java:331) ~[junit-4.13.2.jar:4.13.2]
	at org.junit.runners.ParentRunner$1.schedule(ParentRunner.java:79) ~[junit-4.13.2.jar:4.13.2]
	at org.junit.runners.ParentRunner.runChildren(ParentRunner.java:329) ~[junit-4.13.2.jar:4.13.2]
	at org.junit.runners.ParentRunner.access$100(ParentRunner.java:66) ~[junit-4.13.2.jar:4.13.2]
	at org.junit.runners.ParentRunner$2.evaluate(ParentRunner.java:293) ~[junit-4.13.2.jar:4.13.2]
	at org.junit.internal.runners.statements.RunBefores.evaluate(RunBefores.java:26) ~[junit-4.13.2.jar:4.13.2]
	at org.springframework.test.context.junit4.statements.RunBeforeTestClassCallbacks.evaluate(RunBeforeTestClassCallbacks.java:61) ~[spring-test-5.3.24.jar:5.3.24]
	at org.junit.internal.runners.statements.RunAfters.evaluate(RunAfters.java:27) ~[junit-4.13.2.jar:4.13.2]
	at org.springframework.test.context.junit4.statements.RunAfterTestClassCallbacks.evaluate(RunAfterTestClassCallbacks.java:70) ~[spring-test-5.3.24.jar:5.3.24]
	at org.junit.runners.ParentRunner$3.evaluate(ParentRunner.java:306) ~[junit-4.13.2.jar:4.13.2]
	at org.junit.runners.ParentRunner.run(ParentRunner.java:413) ~[junit-4.13.2.jar:4.13.2]
	at org.springframework.test.context.junit4.SpringJUnit4ClassRunner.run(SpringJUnit4ClassRunner.java:190) ~[spring-test-5.3.24.jar:5.3.24]
	at org.apache.maven.surefire.junit4.JUnit4Provider.execute(JUnit4Provider.java:377) ~[surefire-junit4-3.0.0-M7.jar:3.0.0-M7]
	at org.apache.maven.surefire.junit4.JUnit4Provider.executeWithRerun(JUnit4Provider.java:284) ~[surefire-junit4-3.0.0-M7.jar:3.0.0-M7]
	at org.apache.maven.surefire.junit4.JUnit4Provider.executeTestSet(JUnit4Provider.java:248) ~[surefire-junit4-3.0.0-M7.jar:3.0.0-M7]
	at org.apache.maven.surefire.junit4.JUnit4Provider.invoke(JUnit4Provider.java:167) ~[surefire-junit4-3.0.0-M7.jar:3.0.0-M7]
	at org.apache.maven.surefire.booter.ForkedBooter.runSuitesInProcess(ForkedBooter.java:456) ~[surefire-booter-3.0.0-M7.jar:3.0.0-M7]
	at org.apache.maven.surefire.booter.ForkedBooter.execute(ForkedBooter.java:169) ~[surefire-booter-3.0.0-M7.jar:3.0.0-M7]
	at org.apache.maven.surefire.booter.ForkedBooter.run(ForkedBooter.java:595) ~[surefire-booter-3.0.0-M7.jar:3.0.0-M7]
	at org.apache.maven.surefire.booter.ForkedBooter.main(ForkedBooter.java:581) ~[surefire-booter-3.0.0-M7.jar:3.0.0-M7]
16:26:25.044 [main] INFO  org.eclipse.jetty.server.AbstractConnector - Stopped NetworkTrafficServerConnector@5640a424{HTTP/1.1, (http/1.1, h2c)}{0.0.0.0:19089}
16:26:25.044 [main] INFO  org.eclipse.jetty.server.handler.ContextHandler - Stopped o.e.j.s.ServletContextHandler@17b17fa8{/,null,STOPPED}
16:26:25.044 [main] INFO  org.eclipse.jetty.server.handler.ContextHandler - Stopped o.e.j.s.ServletContextHandler@172f0ab5{/__admin,null,STOPPED}
]]></system-out>
  </testcase>
  <testcase name="testBuyAndSellPosition" classname="com.parasoft.parabank.service.ParaBankServiceImplTest" time="0.147">
    <system-out><![CDATA[16:26:25.048 [main] INFO  org.eclipse.jetty.server.Server - jetty-9.4.49.v20220914; built: 2022-09-14T01:07:36.601Z; git: 4231a3b2e4cb8548a412a789936d640a97b1aa0a; jvm 11.0.10+8-LTS-162
16:26:25.049 [main] INFO  org.eclipse.jetty.server.handler.ContextHandler - Started o.e.j.s.ServletContextHandler@753bfb4b{/__admin,null,AVAILABLE}
16:26:25.049 [main] INFO  org.eclipse.jetty.server.handler.ContextHandler.ROOT - RequestHandlerClass from context returned com.github.tomakehurst.wiremock.http.StubRequestHandler. Normalized mapped under returned 'null'
16:26:25.049 [main] INFO  org.eclipse.jetty.server.handler.ContextHandler - Started o.e.j.s.ServletContextHandler@77d5a3ee{/,null,AVAILABLE}
16:26:25.051 [main] INFO  org.eclipse.jetty.server.AbstractConnector - Started NetworkTrafficServerConnector@5f45d7db{HTTP/1.1, (http/1.1, h2c)}{0.0.0.0:19089}
16:26:25.051 [main] INFO  org.eclipse.jetty.server.Server - Started @23903ms
16:26:25.164 [qtp439631166-781] INFO  org.eclipse.jetty.server.handler.ContextHandler.__admin - RequestHandlerClass from context returned com.github.tomakehurst.wiremock.http.AdminRequestHandler. Normalized mapped under returned 'null'
16:26:25.166 [main] INFO  com.parasoft.parabank.test.util.AbstractParaBankDataSourceTest - loaded requestLoan mock for wsdl
16:26:25.169 [main] INFO  com.parasoft.parabank.test.util.AbstractParaBankDataSourceTest - loaded requestLoan mock for 10.00
16:26:25.172 [main] INFO  com.parasoft.parabank.test.util.AbstractParaBankDataSourceTest - loaded requestLoan mock for 100.00
16:26:25.175 [main] INFO  com.parasoft.parabank.test.util.AbstractParaBankDataSourceTest - loaded requestLoan mock for 1000.00
16:26:25.177 [main] INFO  com.parasoft.parabank.test.util.AbstractParaBankDataSourceTest - loaded requestLoan mock for 10000.00
16:26:25.177 [main] INFO  com.parasoft.parabank.dao.jdbc.JdbcPositionDao - Getting position object for position id = 12345
16:26:25.178 [main] INFO  com.parasoft.parabank.dao.jdbc.JdbcAccountDao - Getting account object for id = 54321
16:26:25.178 [main] INFO  com.parasoft.parabank.dao.jdbc.JdbcCustomerDao - Getting customer object for id = 12212
16:26:25.179 [main] INFO  com.parasoft.parabank.dao.jdbc.JdbcPositionDao - Retrieved 3 positions for customer id = 12212
16:26:25.179 [main] INFO  com.parasoft.parabank.dao.jdbc.JdbcAccountDao - Getting account object for id = 54321
16:26:25.180 [main] INFO  com.parasoft.parabank.dao.jdbc.JdbcAccountDao - Updated information for account with id = 54321
16:26:25.181 [main] INFO  com.parasoft.parabank.domain.logic.impl.BankManagerImpl - Debited account with id = 54321 in the amount of 23.5300
16:26:25.182 [main] INFO  com.parasoft.parabank.dao.jdbc.JdbcTransactionDao - Created new transaction with id = 14476
16:26:25.182 [main] INFO  com.parasoft.parabank.domain.logic.impl.BankManagerImpl - Created debit transaction with id = 14476 with description: Funds Transfer Sent
16:26:25.182 [main] INFO  com.parasoft.parabank.domain.logic.impl.BankManagerImpl - Withdrew funds for Stock Purchase
16:26:25.183 [main] INFO  com.parasoft.parabank.dao.jdbc.JdbcPositionDao - Created new position with position id = 13017
16:26:25.183 [main] INFO  com.parasoft.parabank.domain.logic.impl.BankManagerImpl - Created position with id = 13017 with 1 shares
16:26:25.183 [main] INFO  com.parasoft.parabank.dao.jdbc.JdbcCustomerDao - Getting customer object for id = 12212
16:26:25.184 [main] INFO  com.parasoft.parabank.dao.jdbc.JdbcPositionDao - Retrieved 4 positions for customer id = 12212
16:26:25.185 [main] INFO  com.parasoft.parabank.dao.jdbc.JdbcAccountDao - Getting account object for id = 54321
16:26:25.185 [main] INFO  com.parasoft.parabank.dao.jdbc.JdbcPositionDao - Getting position object for position id = 13017
16:26:25.186 [main] INFO  com.parasoft.parabank.dao.jdbc.JdbcPositionDao - Getting position object for position id = 13017
16:26:25.187 [main] INFO  com.parasoft.parabank.dao.jdbc.JdbcPositionDao - Deleted position with position id = 13017
16:26:25.187 [main] INFO  com.parasoft.parabank.domain.logic.impl.BankManagerImpl - Deleted position with id = 13017
16:26:25.187 [main] INFO  com.parasoft.parabank.dao.jdbc.JdbcAccountDao - Getting account object for id = 54321
16:26:25.187 [main] INFO  com.parasoft.parabank.dao.jdbc.JdbcAccountDao - Updated information for account with id = 54321
16:26:25.187 [main] INFO  com.parasoft.parabank.domain.logic.impl.BankManagerImpl - Credited account with id = 54321 in the amount of 23.5300
16:26:25.189 [main] INFO  com.parasoft.parabank.dao.jdbc.JdbcTransactionDao - Created new transaction with id = 14587
16:26:25.189 [main] INFO  com.parasoft.parabank.domain.logic.impl.BankManagerImpl - Created credit transaction with id = 14587 with description: Funds Transfer Received
16:26:25.189 [main] INFO  com.parasoft.parabank.domain.logic.impl.BankManagerImpl - Deposited funds from Stock Sale
16:26:25.189 [main] INFO  com.parasoft.parabank.dao.jdbc.JdbcCustomerDao - Getting customer object for id = 12212
16:26:25.190 [main] INFO  com.parasoft.parabank.dao.jdbc.JdbcPositionDao - Retrieved 3 positions for customer id = 12212
16:26:25.190 [main] INFO  com.parasoft.parabank.dao.jdbc.JdbcAccountDao - Getting account object for id = 54321
16:26:25.191 [main] INFO  com.parasoft.parabank.dao.jdbc.JdbcPositionDao - Getting position object for position id = 13017
16:26:25.191 [main] ERROR com.parasoft.parabank.service.ParaBankServiceImpl - DataAccessException caught :
org.springframework.dao.EmptyResultDataAccessException: Incorrect result size: expected 1, actual 0
	at org.springframework.dao.support.DataAccessUtils.nullableSingleResult(DataAccessUtils.java:97) ~[spring-tx-5.3.24.jar:5.3.24]
	at org.springframework.jdbc.core.JdbcTemplate.queryForObject(JdbcTemplate.java:887) ~[spring-jdbc-5.3.24.jar:5.3.24]
	at com.parasoft.parabank.dao.jdbc.JdbcPositionDao.getPosition(JdbcPositionDao.java:104) ~[classes/:?]
	at com.parasoft.parabank.domain.logic.impl.BankManagerImpl.getPosition(BankManagerImpl.java:217) ~[classes/:?]
	at jdk.internal.reflect.NativeMethodAccessorImpl.invoke0(Native Method) ~[?:?]
	at jdk.internal.reflect.NativeMethodAccessorImpl.invoke(NativeMethodAccessorImpl.java:62) ~[?:?]
	at jdk.internal.reflect.DelegatingMethodAccessorImpl.invoke(DelegatingMethodAccessorImpl.java:43) ~[?:?]
	at java.lang.reflect.Method.invoke(Method.java:566) ~[?:?]
	at org.springframework.aop.support.AopUtils.invokeJoinpointUsingReflection(AopUtils.java:344) ~[spring-aop-5.3.24.jar:5.3.24]
	at org.springframework.aop.framework.ReflectiveMethodInvocation.invokeJoinpoint(ReflectiveMethodInvocation.java:198) ~[spring-aop-5.3.24.jar:5.3.24]
	at org.springframework.aop.framework.ReflectiveMethodInvocation.proceed(ReflectiveMethodInvocation.java:163) ~[spring-aop-5.3.24.jar:5.3.24]
	at org.springframework.transaction.interceptor.TransactionInterceptor$1.proceedWithInvocation(TransactionInterceptor.java:123) ~[spring-tx-5.3.24.jar:5.3.24]
	at org.springframework.transaction.interceptor.TransactionAspectSupport.invokeWithinTransaction(TransactionAspectSupport.java:388) ~[spring-tx-5.3.24.jar:5.3.24]
	at org.springframework.transaction.interceptor.TransactionInterceptor.invoke(TransactionInterceptor.java:119) ~[spring-tx-5.3.24.jar:5.3.24]
	at org.springframework.aop.framework.ReflectiveMethodInvocation.proceed(ReflectiveMethodInvocation.java:186) ~[spring-aop-5.3.24.jar:5.3.24]
	at org.springframework.aop.interceptor.ExposeInvocationInterceptor.invoke(ExposeInvocationInterceptor.java:97) ~[spring-aop-5.3.24.jar:5.3.24]
	at org.springframework.aop.framework.ReflectiveMethodInvocation.proceed(ReflectiveMethodInvocation.java:186) ~[spring-aop-5.3.24.jar:5.3.24]
	at org.springframework.aop.framework.JdkDynamicAopProxy.invoke(JdkDynamicAopProxy.java:215) ~[spring-aop-5.3.24.jar:5.3.24]
	at com.sun.proxy.$Proxy90.getPosition(Unknown Source) ~[?:?]
	at com.parasoft.parabank.service.ParaBankServiceImpl.getPosition(ParaBankServiceImpl.java:184) ~[classes/:?]
	at com.parasoft.parabank.service.ParaBankServiceImplTest.testBuyAndSellPosition(ParaBankServiceImplTest.java:149) ~[test-classes/:?]
	at jdk.internal.reflect.NativeMethodAccessorImpl.invoke0(Native Method) ~[?:?]
	at jdk.internal.reflect.NativeMethodAccessorImpl.invoke(NativeMethodAccessorImpl.java:62) ~[?:?]
	at jdk.internal.reflect.DelegatingMethodAccessorImpl.invoke(DelegatingMethodAccessorImpl.java:43) ~[?:?]
	at java.lang.reflect.Method.invoke(Method.java:566) ~[?:?]
	at org.junit.runners.model.FrameworkMethod$1.runReflectiveCall(FrameworkMethod.java:59) ~[junit-4.13.2.jar:4.13.2]
	at org.junit.internal.runners.model.ReflectiveCallable.run(ReflectiveCallable.java:12) ~[junit-4.13.2.jar:4.13.2]
	at org.junit.runners.model.FrameworkMethod.invokeExplosively(FrameworkMethod.java:56) ~[junit-4.13.2.jar:4.13.2]
	at org.junit.internal.runners.statements.InvokeMethod.evaluate(InvokeMethod.java:17) ~[junit-4.13.2.jar:4.13.2]
	at org.springframework.test.context.junit4.statements.RunBeforeTestExecutionCallbacks.evaluate(RunBeforeTestExecutionCallbacks.java:74) ~[spring-test-5.3.24.jar:5.3.24]
	at org.springframework.test.context.junit4.statements.RunAfterTestExecutionCallbacks.evaluate(RunAfterTestExecutionCallbacks.java:84) ~[spring-test-5.3.24.jar:5.3.24]
	at org.junit.internal.runners.statements.RunBefores.evaluate(RunBefores.java:26) ~[junit-4.13.2.jar:4.13.2]
	at org.springframework.test.context.junit4.statements.RunBeforeTestMethodCallbacks.evaluate(RunBeforeTestMethodCallbacks.java:75) ~[spring-test-5.3.24.jar:5.3.24]
	at org.junit.internal.runners.statements.RunAfters.evaluate(RunAfters.java:27) ~[junit-4.13.2.jar:4.13.2]
	at org.springframework.test.context.junit4.statements.RunAfterTestMethodCallbacks.evaluate(RunAfterTestMethodCallbacks.java:86) ~[spring-test-5.3.24.jar:5.3.24]
	at com.github.tomakehurst.wiremock.junit.WireMockRule$1.evaluate(WireMockRule.java:67) ~[wiremock-jre8-2.35.0.jar:?]
	at org.springframework.test.context.junit4.statements.SpringRepeat.evaluate(SpringRepeat.java:84) ~[spring-test-5.3.24.jar:5.3.24]
	at org.junit.runners.ParentRunner.runLeaf(ParentRunner.java:366) ~[junit-4.13.2.jar:4.13.2]
	at org.springframework.test.context.junit4.SpringJUnit4ClassRunner.runChild(SpringJUnit4ClassRunner.java:251) ~[spring-test-5.3.24.jar:5.3.24]
	at org.springframework.test.context.junit4.SpringJUnit4ClassRunner.runChild(SpringJUnit4ClassRunner.java:97) ~[spring-test-5.3.24.jar:5.3.24]
	at org.junit.runners.ParentRunner$4.run(ParentRunner.java:331) ~[junit-4.13.2.jar:4.13.2]
	at org.junit.runners.ParentRunner$1.schedule(ParentRunner.java:79) ~[junit-4.13.2.jar:4.13.2]
	at org.junit.runners.ParentRunner.runChildren(ParentRunner.java:329) ~[junit-4.13.2.jar:4.13.2]
	at org.junit.runners.ParentRunner.access$100(ParentRunner.java:66) ~[junit-4.13.2.jar:4.13.2]
	at org.junit.runners.ParentRunner$2.evaluate(ParentRunner.java:293) ~[junit-4.13.2.jar:4.13.2]
	at org.junit.internal.runners.statements.RunBefores.evaluate(RunBefores.java:26) ~[junit-4.13.2.jar:4.13.2]
	at org.springframework.test.context.junit4.statements.RunBeforeTestClassCallbacks.evaluate(RunBeforeTestClassCallbacks.java:61) ~[spring-test-5.3.24.jar:5.3.24]
	at org.junit.internal.runners.statements.RunAfters.evaluate(RunAfters.java:27) ~[junit-4.13.2.jar:4.13.2]
	at org.springframework.test.context.junit4.statements.RunAfterTestClassCallbacks.evaluate(RunAfterTestClassCallbacks.java:70) ~[spring-test-5.3.24.jar:5.3.24]
	at org.junit.runners.ParentRunner$3.evaluate(ParentRunner.java:306) ~[junit-4.13.2.jar:4.13.2]
	at org.junit.runners.ParentRunner.run(ParentRunner.java:413) ~[junit-4.13.2.jar:4.13.2]
	at org.springframework.test.context.junit4.SpringJUnit4ClassRunner.run(SpringJUnit4ClassRunner.java:190) ~[spring-test-5.3.24.jar:5.3.24]
	at org.apache.maven.surefire.junit4.JUnit4Provider.execute(JUnit4Provider.java:377) ~[surefire-junit4-3.0.0-M7.jar:3.0.0-M7]
	at org.apache.maven.surefire.junit4.JUnit4Provider.executeWithRerun(JUnit4Provider.java:284) ~[surefire-junit4-3.0.0-M7.jar:3.0.0-M7]
	at org.apache.maven.surefire.junit4.JUnit4Provider.executeTestSet(JUnit4Provider.java:248) ~[surefire-junit4-3.0.0-M7.jar:3.0.0-M7]
	at org.apache.maven.surefire.junit4.JUnit4Provider.invoke(JUnit4Provider.java:167) ~[surefire-junit4-3.0.0-M7.jar:3.0.0-M7]
	at org.apache.maven.surefire.booter.ForkedBooter.runSuitesInProcess(ForkedBooter.java:456) ~[surefire-booter-3.0.0-M7.jar:3.0.0-M7]
	at org.apache.maven.surefire.booter.ForkedBooter.execute(ForkedBooter.java:169) ~[surefire-booter-3.0.0-M7.jar:3.0.0-M7]
	at org.apache.maven.surefire.booter.ForkedBooter.run(ForkedBooter.java:595) ~[surefire-booter-3.0.0-M7.jar:3.0.0-M7]
	at org.apache.maven.surefire.booter.ForkedBooter.main(ForkedBooter.java:581) ~[surefire-booter-3.0.0-M7.jar:3.0.0-M7]
16:26:25.194 [main] INFO  org.eclipse.jetty.server.AbstractConnector - Stopped NetworkTrafficServerConnector@5f45d7db{HTTP/1.1, (http/1.1, h2c)}{0.0.0.0:19089}
16:26:25.194 [main] INFO  org.eclipse.jetty.server.handler.ContextHandler - Stopped o.e.j.s.ServletContextHandler@77d5a3ee{/,null,STOPPED}
16:26:25.194 [main] INFO  org.eclipse.jetty.server.handler.ContextHandler - Stopped o.e.j.s.ServletContextHandler@753bfb4b{/__admin,null,STOPPED}
]]></system-out>
  </testcase>
  <testcase name="testTransfer" classname="com.parasoft.parabank.service.ParaBankServiceImplTest" time="0.139">
    <system-out><![CDATA[16:26:25.198 [main] INFO  org.eclipse.jetty.server.Server - jetty-9.4.49.v20220914; built: 2022-09-14T01:07:36.601Z; git: 4231a3b2e4cb8548a412a789936d640a97b1aa0a; jvm 11.0.10+8-LTS-162
16:26:25.199 [main] INFO  org.eclipse.jetty.server.handler.ContextHandler - Started o.e.j.s.ServletContextHandler@769fbb26{/__admin,null,AVAILABLE}
16:26:25.199 [main] INFO  org.eclipse.jetty.server.handler.ContextHandler.ROOT - RequestHandlerClass from context returned com.github.tomakehurst.wiremock.http.StubRequestHandler. Normalized mapped under returned 'null'
16:26:25.199 [main] INFO  org.eclipse.jetty.server.handler.ContextHandler - Started o.e.j.s.ServletContextHandler@129bc797{/,null,AVAILABLE}
16:26:25.200 [main] INFO  org.eclipse.jetty.server.AbstractConnector - Started NetworkTrafficServerConnector@539f0729{HTTP/1.1, (http/1.1, h2c)}{0.0.0.0:19089}
16:26:25.200 [main] INFO  org.eclipse.jetty.server.Server - Started @24053ms
16:26:25.318 [qtp744162503-791] INFO  org.eclipse.jetty.server.handler.ContextHandler.__admin - RequestHandlerClass from context returned com.github.tomakehurst.wiremock.http.AdminRequestHandler. Normalized mapped under returned 'null'
16:26:25.319 [main] INFO  com.parasoft.parabank.test.util.AbstractParaBankDataSourceTest - loaded requestLoan mock for wsdl
16:26:25.322 [main] INFO  com.parasoft.parabank.test.util.AbstractParaBankDataSourceTest - loaded requestLoan mock for 10.00
16:26:25.324 [main] INFO  com.parasoft.parabank.test.util.AbstractParaBankDataSourceTest - loaded requestLoan mock for 100.00
16:26:25.327 [main] INFO  com.parasoft.parabank.test.util.AbstractParaBankDataSourceTest - loaded requestLoan mock for 1000.00
16:26:25.329 [main] INFO  com.parasoft.parabank.test.util.AbstractParaBankDataSourceTest - loaded requestLoan mock for 10000.00
16:26:25.329 [main] INFO  com.parasoft.parabank.dao.jdbc.JdbcAccountDao - Getting account object for id = 12345
16:26:25.331 [main] INFO  com.parasoft.parabank.dao.jdbc.JdbcAccountDao - Updated information for account with id = 12345
16:26:25.331 [main] INFO  com.parasoft.parabank.domain.logic.impl.BankManagerImpl - Debited account with id = 12345 in the amount of 100.00
16:26:25.332 [main] INFO  com.parasoft.parabank.dao.jdbc.JdbcTransactionDao - Created new transaction with id = 14476
16:26:25.332 [main] INFO  com.parasoft.parabank.domain.logic.impl.BankManagerImpl - Created debit transaction with id = 14476 with description: Funds Transfer Sent
16:26:25.332 [main] INFO  com.parasoft.parabank.dao.jdbc.JdbcAccountDao - Getting account object for id = 54321
16:26:25.333 [main] INFO  com.parasoft.parabank.dao.jdbc.JdbcAccountDao - Updated information for account with id = 54321
16:26:25.333 [main] INFO  com.parasoft.parabank.domain.logic.impl.BankManagerImpl - Credited account with id = 54321 in the amount of 100.00
16:26:25.334 [main] INFO  com.parasoft.parabank.dao.jdbc.JdbcTransactionDao - Created new transaction with id = 14587
16:26:25.334 [main] INFO  com.parasoft.parabank.domain.logic.impl.BankManagerImpl - Created credit transaction with id = 14587 with description: Funds Transfer Received
16:26:25.334 [main] INFO  com.parasoft.parabank.dao.jdbc.JdbcAccountDao - Getting account object for id = -1
16:26:25.335 [main] ERROR com.parasoft.parabank.service.ParaBankServiceImpl - DataAccessException caught :
org.springframework.dao.EmptyResultDataAccessException: Incorrect result size: expected 1, actual 0
	at org.springframework.dao.support.DataAccessUtils.nullableSingleResult(DataAccessUtils.java:97) ~[spring-tx-5.3.24.jar:5.3.24]
	at org.springframework.jdbc.core.JdbcTemplate.queryForObject(JdbcTemplate.java:887) ~[spring-jdbc-5.3.24.jar:5.3.24]
	at com.parasoft.parabank.dao.jdbc.JdbcAccountDao.getAccount(JdbcAccountDao.java:107) ~[classes/:?]
	at com.parasoft.parabank.domain.logic.impl.BankManagerImpl.withdraw(BankManagerImpl.java:409) ~[classes/:?]
	at com.parasoft.parabank.domain.logic.impl.BankManagerImpl.transfer(BankManagerImpl.java:376) ~[classes/:?]
	at jdk.internal.reflect.NativeMethodAccessorImpl.invoke0(Native Method) ~[?:?]
	at jdk.internal.reflect.NativeMethodAccessorImpl.invoke(NativeMethodAccessorImpl.java:62) ~[?:?]
	at jdk.internal.reflect.DelegatingMethodAccessorImpl.invoke(DelegatingMethodAccessorImpl.java:43) ~[?:?]
	at java.lang.reflect.Method.invoke(Method.java:566) ~[?:?]
	at org.springframework.aop.support.AopUtils.invokeJoinpointUsingReflection(AopUtils.java:344) ~[spring-aop-5.3.24.jar:5.3.24]
	at org.springframework.aop.framework.ReflectiveMethodInvocation.invokeJoinpoint(ReflectiveMethodInvocation.java:198) ~[spring-aop-5.3.24.jar:5.3.24]
	at org.springframework.aop.framework.ReflectiveMethodInvocation.proceed(ReflectiveMethodInvocation.java:163) ~[spring-aop-5.3.24.jar:5.3.24]
	at org.springframework.transaction.interceptor.TransactionInterceptor$1.proceedWithInvocation(TransactionInterceptor.java:123) ~[spring-tx-5.3.24.jar:5.3.24]
	at org.springframework.transaction.interceptor.TransactionAspectSupport.invokeWithinTransaction(TransactionAspectSupport.java:388) ~[spring-tx-5.3.24.jar:5.3.24]
	at org.springframework.transaction.interceptor.TransactionInterceptor.invoke(TransactionInterceptor.java:119) ~[spring-tx-5.3.24.jar:5.3.24]
	at org.springframework.aop.framework.ReflectiveMethodInvocation.proceed(ReflectiveMethodInvocation.java:186) ~[spring-aop-5.3.24.jar:5.3.24]
	at org.springframework.aop.interceptor.ExposeInvocationInterceptor.invoke(ExposeInvocationInterceptor.java:97) ~[spring-aop-5.3.24.jar:5.3.24]
	at org.springframework.aop.framework.ReflectiveMethodInvocation.proceed(ReflectiveMethodInvocation.java:186) ~[spring-aop-5.3.24.jar:5.3.24]
	at org.springframework.aop.framework.JdkDynamicAopProxy.invoke(JdkDynamicAopProxy.java:215) ~[spring-aop-5.3.24.jar:5.3.24]
	at com.sun.proxy.$Proxy90.transfer(Unknown Source) ~[?:?]
	at com.parasoft.parabank.service.ParaBankServiceImpl.transfer(ParaBankServiceImpl.java:447) ~[classes/:?]
	at com.parasoft.parabank.service.ParaBankServiceImplTest.testTransfer(ParaBankServiceImplTest.java:310) ~[test-classes/:?]
	at jdk.internal.reflect.NativeMethodAccessorImpl.invoke0(Native Method) ~[?:?]
	at jdk.internal.reflect.NativeMethodAccessorImpl.invoke(NativeMethodAccessorImpl.java:62) ~[?:?]
	at jdk.internal.reflect.DelegatingMethodAccessorImpl.invoke(DelegatingMethodAccessorImpl.java:43) ~[?:?]
	at java.lang.reflect.Method.invoke(Method.java:566) ~[?:?]
	at org.junit.runners.model.FrameworkMethod$1.runReflectiveCall(FrameworkMethod.java:59) ~[junit-4.13.2.jar:4.13.2]
	at org.junit.internal.runners.model.ReflectiveCallable.run(ReflectiveCallable.java:12) ~[junit-4.13.2.jar:4.13.2]
	at org.junit.runners.model.FrameworkMethod.invokeExplosively(FrameworkMethod.java:56) ~[junit-4.13.2.jar:4.13.2]
	at org.junit.internal.runners.statements.InvokeMethod.evaluate(InvokeMethod.java:17) ~[junit-4.13.2.jar:4.13.2]
	at org.springframework.test.context.junit4.statements.RunBeforeTestExecutionCallbacks.evaluate(RunBeforeTestExecutionCallbacks.java:74) ~[spring-test-5.3.24.jar:5.3.24]
	at org.springframework.test.context.junit4.statements.RunAfterTestExecutionCallbacks.evaluate(RunAfterTestExecutionCallbacks.java:84) ~[spring-test-5.3.24.jar:5.3.24]
	at org.junit.internal.runners.statements.RunBefores.evaluate(RunBefores.java:26) ~[junit-4.13.2.jar:4.13.2]
	at org.springframework.test.context.junit4.statements.RunBeforeTestMethodCallbacks.evaluate(RunBeforeTestMethodCallbacks.java:75) ~[spring-test-5.3.24.jar:5.3.24]
	at org.junit.internal.runners.statements.RunAfters.evaluate(RunAfters.java:27) ~[junit-4.13.2.jar:4.13.2]
	at org.springframework.test.context.junit4.statements.RunAfterTestMethodCallbacks.evaluate(RunAfterTestMethodCallbacks.java:86) ~[spring-test-5.3.24.jar:5.3.24]
	at com.github.tomakehurst.wiremock.junit.WireMockRule$1.evaluate(WireMockRule.java:67) ~[wiremock-jre8-2.35.0.jar:?]
	at org.springframework.test.context.junit4.statements.SpringRepeat.evaluate(SpringRepeat.java:84) ~[spring-test-5.3.24.jar:5.3.24]
	at org.junit.runners.ParentRunner.runLeaf(ParentRunner.java:366) ~[junit-4.13.2.jar:4.13.2]
	at org.springframework.test.context.junit4.SpringJUnit4ClassRunner.runChild(SpringJUnit4ClassRunner.java:251) ~[spring-test-5.3.24.jar:5.3.24]
	at org.springframework.test.context.junit4.SpringJUnit4ClassRunner.runChild(SpringJUnit4ClassRunner.java:97) ~[spring-test-5.3.24.jar:5.3.24]
	at org.junit.runners.ParentRunner$4.run(ParentRunner.java:331) ~[junit-4.13.2.jar:4.13.2]
	at org.junit.runners.ParentRunner$1.schedule(ParentRunner.java:79) ~[junit-4.13.2.jar:4.13.2]
	at org.junit.runners.ParentRunner.runChildren(ParentRunner.java:329) ~[junit-4.13.2.jar:4.13.2]
	at org.junit.runners.ParentRunner.access$100(ParentRunner.java:66) ~[junit-4.13.2.jar:4.13.2]
	at org.junit.runners.ParentRunner$2.evaluate(ParentRunner.java:293) ~[junit-4.13.2.jar:4.13.2]
	at org.junit.internal.runners.statements.RunBefores.evaluate(RunBefores.java:26) ~[junit-4.13.2.jar:4.13.2]
	at org.springframework.test.context.junit4.statements.RunBeforeTestClassCallbacks.evaluate(RunBeforeTestClassCallbacks.java:61) ~[spring-test-5.3.24.jar:5.3.24]
	at org.junit.internal.runners.statements.RunAfters.evaluate(RunAfters.java:27) ~[junit-4.13.2.jar:4.13.2]
	at org.springframework.test.context.junit4.statements.RunAfterTestClassCallbacks.evaluate(RunAfterTestClassCallbacks.java:70) ~[spring-test-5.3.24.jar:5.3.24]
	at org.junit.runners.ParentRunner$3.evaluate(ParentRunner.java:306) ~[junit-4.13.2.jar:4.13.2]
	at org.junit.runners.ParentRunner.run(ParentRunner.java:413) ~[junit-4.13.2.jar:4.13.2]
	at org.springframework.test.context.junit4.SpringJUnit4ClassRunner.run(SpringJUnit4ClassRunner.java:190) ~[spring-test-5.3.24.jar:5.3.24]
	at org.apache.maven.surefire.junit4.JUnit4Provider.execute(JUnit4Provider.java:377) ~[surefire-junit4-3.0.0-M7.jar:3.0.0-M7]
	at org.apache.maven.surefire.junit4.JUnit4Provider.executeWithRerun(JUnit4Provider.java:284) ~[surefire-junit4-3.0.0-M7.jar:3.0.0-M7]
	at org.apache.maven.surefire.junit4.JUnit4Provider.executeTestSet(JUnit4Provider.java:248) ~[surefire-junit4-3.0.0-M7.jar:3.0.0-M7]
	at org.apache.maven.surefire.junit4.JUnit4Provider.invoke(JUnit4Provider.java:167) ~[surefire-junit4-3.0.0-M7.jar:3.0.0-M7]
	at org.apache.maven.surefire.booter.ForkedBooter.runSuitesInProcess(ForkedBooter.java:456) ~[surefire-booter-3.0.0-M7.jar:3.0.0-M7]
	at org.apache.maven.surefire.booter.ForkedBooter.execute(ForkedBooter.java:169) ~[surefire-booter-3.0.0-M7.jar:3.0.0-M7]
	at org.apache.maven.surefire.booter.ForkedBooter.run(ForkedBooter.java:595) ~[surefire-booter-3.0.0-M7.jar:3.0.0-M7]
	at org.apache.maven.surefire.booter.ForkedBooter.main(ForkedBooter.java:581) ~[surefire-booter-3.0.0-M7.jar:3.0.0-M7]
16:26:25.337 [main] INFO  org.eclipse.jetty.server.AbstractConnector - Stopped NetworkTrafficServerConnector@539f0729{HTTP/1.1, (http/1.1, h2c)}{0.0.0.0:19089}
16:26:25.337 [main] INFO  org.eclipse.jetty.server.handler.ContextHandler - Stopped o.e.j.s.ServletContextHandler@129bc797{/,null,STOPPED}
16:26:25.337 [main] INFO  org.eclipse.jetty.server.handler.ContextHandler - Stopped o.e.j.s.ServletContextHandler@769fbb26{/__admin,null,STOPPED}
]]></system-out>
  </testcase>
  <testcase name="testGetCustomer" classname="com.parasoft.parabank.service.ParaBankServiceImplTest" time="0.134">
    <system-out><![CDATA[16:26:25.341 [main] INFO  org.eclipse.jetty.server.Server - jetty-9.4.49.v20220914; built: 2022-09-14T01:07:36.601Z; git: 4231a3b2e4cb8548a412a789936d640a97b1aa0a; jvm 11.0.10+8-LTS-162
16:26:25.341 [main] INFO  org.eclipse.jetty.server.handler.ContextHandler - Started o.e.j.s.ServletContextHandler@706b68e6{/__admin,null,AVAILABLE}
16:26:25.342 [main] INFO  org.eclipse.jetty.server.handler.ContextHandler.ROOT - RequestHandlerClass from context returned com.github.tomakehurst.wiremock.http.StubRequestHandler. Normalized mapped under returned 'null'
16:26:25.342 [main] INFO  org.eclipse.jetty.server.handler.ContextHandler - Started o.e.j.s.ServletContextHandler@4c49471c{/,null,AVAILABLE}
16:26:25.343 [main] INFO  org.eclipse.jetty.server.AbstractConnector - Started NetworkTrafficServerConnector@764b7ff7{HTTP/1.1, (http/1.1, h2c)}{0.0.0.0:19089}
16:26:25.343 [main] INFO  org.eclipse.jetty.server.Server - Started @24196ms
16:26:25.456 [qtp1993043222-801] INFO  org.eclipse.jetty.server.handler.ContextHandler.__admin - RequestHandlerClass from context returned com.github.tomakehurst.wiremock.http.AdminRequestHandler. Normalized mapped under returned 'null'
16:26:25.458 [main] INFO  com.parasoft.parabank.test.util.AbstractParaBankDataSourceTest - loaded requestLoan mock for wsdl
16:26:25.460 [main] INFO  com.parasoft.parabank.test.util.AbstractParaBankDataSourceTest - loaded requestLoan mock for 10.00
16:26:25.463 [main] INFO  com.parasoft.parabank.test.util.AbstractParaBankDataSourceTest - loaded requestLoan mock for 100.00
16:26:25.465 [main] INFO  com.parasoft.parabank.test.util.AbstractParaBankDataSourceTest - loaded requestLoan mock for 1000.00
16:26:25.468 [main] INFO  com.parasoft.parabank.test.util.AbstractParaBankDataSourceTest - loaded requestLoan mock for 10000.00
16:26:25.469 [main] INFO  com.parasoft.parabank.dao.jdbc.JdbcCustomerDao - Getting customer object for id = 12212
16:26:25.470 [main] INFO  com.parasoft.parabank.dao.jdbc.JdbcCustomerDao - Getting customer object for id = -1
16:26:25.471 [main] ERROR com.parasoft.parabank.service.ParaBankServiceImpl - DataAccessException caught :
org.springframework.dao.EmptyResultDataAccessException: Incorrect result size: expected 1, actual 0
	at org.springframework.dao.support.DataAccessUtils.nullableSingleResult(DataAccessUtils.java:97) ~[spring-tx-5.3.24.jar:5.3.24]
	at org.springframework.jdbc.core.JdbcTemplate.queryForObject(JdbcTemplate.java:887) ~[spring-jdbc-5.3.24.jar:5.3.24]
	at com.parasoft.parabank.dao.jdbc.JdbcCustomerDao.getCustomer(JdbcCustomerDao.java:81) ~[classes/:?]
	at com.parasoft.parabank.domain.logic.impl.BankManagerImpl.getCustomer(BankManagerImpl.java:185) ~[classes/:?]
	at jdk.internal.reflect.NativeMethodAccessorImpl.invoke0(Native Method) ~[?:?]
	at jdk.internal.reflect.NativeMethodAccessorImpl.invoke(NativeMethodAccessorImpl.java:62) ~[?:?]
	at jdk.internal.reflect.DelegatingMethodAccessorImpl.invoke(DelegatingMethodAccessorImpl.java:43) ~[?:?]
	at java.lang.reflect.Method.invoke(Method.java:566) ~[?:?]
	at org.springframework.aop.support.AopUtils.invokeJoinpointUsingReflection(AopUtils.java:344) ~[spring-aop-5.3.24.jar:5.3.24]
	at org.springframework.aop.framework.ReflectiveMethodInvocation.invokeJoinpoint(ReflectiveMethodInvocation.java:198) ~[spring-aop-5.3.24.jar:5.3.24]
	at org.springframework.aop.framework.ReflectiveMethodInvocation.proceed(ReflectiveMethodInvocation.java:163) ~[spring-aop-5.3.24.jar:5.3.24]
	at org.springframework.transaction.interceptor.TransactionInterceptor$1.proceedWithInvocation(TransactionInterceptor.java:123) ~[spring-tx-5.3.24.jar:5.3.24]
	at org.springframework.transaction.interceptor.TransactionAspectSupport.invokeWithinTransaction(TransactionAspectSupport.java:388) ~[spring-tx-5.3.24.jar:5.3.24]
	at org.springframework.transaction.interceptor.TransactionInterceptor.invoke(TransactionInterceptor.java:119) ~[spring-tx-5.3.24.jar:5.3.24]
	at org.springframework.aop.framework.ReflectiveMethodInvocation.proceed(ReflectiveMethodInvocation.java:186) ~[spring-aop-5.3.24.jar:5.3.24]
	at org.springframework.aop.interceptor.ExposeInvocationInterceptor.invoke(ExposeInvocationInterceptor.java:97) ~[spring-aop-5.3.24.jar:5.3.24]
	at org.springframework.aop.framework.ReflectiveMethodInvocation.proceed(ReflectiveMethodInvocation.java:186) ~[spring-aop-5.3.24.jar:5.3.24]
	at org.springframework.aop.framework.JdkDynamicAopProxy.invoke(JdkDynamicAopProxy.java:215) ~[spring-aop-5.3.24.jar:5.3.24]
	at com.sun.proxy.$Proxy90.getCustomer(Unknown Source) ~[?:?]
	at com.parasoft.parabank.service.ParaBankServiceImpl.getCustomer(ParaBankServiceImpl.java:169) ~[classes/:?]
	at com.parasoft.parabank.service.ParaBankServiceImplTest.testGetCustomer(ParaBankServiceImplTest.java:201) ~[test-classes/:?]
	at jdk.internal.reflect.NativeMethodAccessorImpl.invoke0(Native Method) ~[?:?]
	at jdk.internal.reflect.NativeMethodAccessorImpl.invoke(NativeMethodAccessorImpl.java:62) ~[?:?]
	at jdk.internal.reflect.DelegatingMethodAccessorImpl.invoke(DelegatingMethodAccessorImpl.java:43) ~[?:?]
	at java.lang.reflect.Method.invoke(Method.java:566) ~[?:?]
	at org.junit.runners.model.FrameworkMethod$1.runReflectiveCall(FrameworkMethod.java:59) ~[junit-4.13.2.jar:4.13.2]
	at org.junit.internal.runners.model.ReflectiveCallable.run(ReflectiveCallable.java:12) ~[junit-4.13.2.jar:4.13.2]
	at org.junit.runners.model.FrameworkMethod.invokeExplosively(FrameworkMethod.java:56) ~[junit-4.13.2.jar:4.13.2]
	at org.junit.internal.runners.statements.InvokeMethod.evaluate(InvokeMethod.java:17) ~[junit-4.13.2.jar:4.13.2]
	at org.springframework.test.context.junit4.statements.RunBeforeTestExecutionCallbacks.evaluate(RunBeforeTestExecutionCallbacks.java:74) ~[spring-test-5.3.24.jar:5.3.24]
	at org.springframework.test.context.junit4.statements.RunAfterTestExecutionCallbacks.evaluate(RunAfterTestExecutionCallbacks.java:84) ~[spring-test-5.3.24.jar:5.3.24]
	at org.junit.internal.runners.statements.RunBefores.evaluate(RunBefores.java:26) ~[junit-4.13.2.jar:4.13.2]
	at org.springframework.test.context.junit4.statements.RunBeforeTestMethodCallbacks.evaluate(RunBeforeTestMethodCallbacks.java:75) ~[spring-test-5.3.24.jar:5.3.24]
	at org.junit.internal.runners.statements.RunAfters.evaluate(RunAfters.java:27) ~[junit-4.13.2.jar:4.13.2]
	at org.springframework.test.context.junit4.statements.RunAfterTestMethodCallbacks.evaluate(RunAfterTestMethodCallbacks.java:86) ~[spring-test-5.3.24.jar:5.3.24]
	at com.github.tomakehurst.wiremock.junit.WireMockRule$1.evaluate(WireMockRule.java:67) ~[wiremock-jre8-2.35.0.jar:?]
	at org.springframework.test.context.junit4.statements.SpringRepeat.evaluate(SpringRepeat.java:84) ~[spring-test-5.3.24.jar:5.3.24]
	at org.junit.runners.ParentRunner.runLeaf(ParentRunner.java:366) ~[junit-4.13.2.jar:4.13.2]
	at org.springframework.test.context.junit4.SpringJUnit4ClassRunner.runChild(SpringJUnit4ClassRunner.java:251) ~[spring-test-5.3.24.jar:5.3.24]
	at org.springframework.test.context.junit4.SpringJUnit4ClassRunner.runChild(SpringJUnit4ClassRunner.java:97) ~[spring-test-5.3.24.jar:5.3.24]
	at org.junit.runners.ParentRunner$4.run(ParentRunner.java:331) ~[junit-4.13.2.jar:4.13.2]
	at org.junit.runners.ParentRunner$1.schedule(ParentRunner.java:79) ~[junit-4.13.2.jar:4.13.2]
	at org.junit.runners.ParentRunner.runChildren(ParentRunner.java:329) ~[junit-4.13.2.jar:4.13.2]
	at org.junit.runners.ParentRunner.access$100(ParentRunner.java:66) ~[junit-4.13.2.jar:4.13.2]
	at org.junit.runners.ParentRunner$2.evaluate(ParentRunner.java:293) ~[junit-4.13.2.jar:4.13.2]
	at org.junit.internal.runners.statements.RunBefores.evaluate(RunBefores.java:26) ~[junit-4.13.2.jar:4.13.2]
	at org.springframework.test.context.junit4.statements.RunBeforeTestClassCallbacks.evaluate(RunBeforeTestClassCallbacks.java:61) ~[spring-test-5.3.24.jar:5.3.24]
	at org.junit.internal.runners.statements.RunAfters.evaluate(RunAfters.java:27) ~[junit-4.13.2.jar:4.13.2]
	at org.springframework.test.context.junit4.statements.RunAfterTestClassCallbacks.evaluate(RunAfterTestClassCallbacks.java:70) ~[spring-test-5.3.24.jar:5.3.24]
	at org.junit.runners.ParentRunner$3.evaluate(ParentRunner.java:306) ~[junit-4.13.2.jar:4.13.2]
	at org.junit.runners.ParentRunner.run(ParentRunner.java:413) ~[junit-4.13.2.jar:4.13.2]
	at org.springframework.test.context.junit4.SpringJUnit4ClassRunner.run(SpringJUnit4ClassRunner.java:190) ~[spring-test-5.3.24.jar:5.3.24]
	at org.apache.maven.surefire.junit4.JUnit4Provider.execute(JUnit4Provider.java:377) ~[surefire-junit4-3.0.0-M7.jar:3.0.0-M7]
	at org.apache.maven.surefire.junit4.JUnit4Provider.executeWithRerun(JUnit4Provider.java:284) ~[surefire-junit4-3.0.0-M7.jar:3.0.0-M7]
	at org.apache.maven.surefire.junit4.JUnit4Provider.executeTestSet(JUnit4Provider.java:248) ~[surefire-junit4-3.0.0-M7.jar:3.0.0-M7]
	at org.apache.maven.surefire.junit4.JUnit4Provider.invoke(JUnit4Provider.java:167) ~[surefire-junit4-3.0.0-M7.jar:3.0.0-M7]
	at org.apache.maven.surefire.booter.ForkedBooter.runSuitesInProcess(ForkedBooter.java:456) ~[surefire-booter-3.0.0-M7.jar:3.0.0-M7]
	at org.apache.maven.surefire.booter.ForkedBooter.execute(ForkedBooter.java:169) ~[surefire-booter-3.0.0-M7.jar:3.0.0-M7]
	at org.apache.maven.surefire.booter.ForkedBooter.run(ForkedBooter.java:595) ~[surefire-booter-3.0.0-M7.jar:3.0.0-M7]
	at org.apache.maven.surefire.booter.ForkedBooter.main(ForkedBooter.java:581) ~[surefire-booter-3.0.0-M7.jar:3.0.0-M7]
16:26:25.474 [main] INFO  org.eclipse.jetty.server.AbstractConnector - Stopped NetworkTrafficServerConnector@764b7ff7{HTTP/1.1, (http/1.1, h2c)}{0.0.0.0:19089}
16:26:25.474 [main] INFO  org.eclipse.jetty.server.handler.ContextHandler - Stopped o.e.j.s.ServletContextHandler@4c49471c{/,null,STOPPED}
16:26:25.474 [main] INFO  org.eclipse.jetty.server.handler.ContextHandler - Stopped o.e.j.s.ServletContextHandler@706b68e6{/__admin,null,STOPPED}
]]></system-out>
  </testcase>
</testsuite>